#***************************************************************************

#sjplacer

#Version:            1.1

#Build Date:         Oct  1 2015 13:46:59

#File Generated:     May 17 2017 16:34:17

#Purpose:            

#Copyright (C) 2010-2011 by Softjin Technologies Pvt Ltd. All rights reserved.

#***************************************************************************

Executing : C:\Program Files (x86)\Cypress\PSoC Creator\3.3\PSoC Creator\bin/sjplacer.exe --proj-name Design01 --netlist-vh2 Design01_p.vh2 --arch-file C:\Program Files (x86)\Cypress\PSoC Creator\3.3\PSoC Creator\dev/arch/p35_udb4x6.ark --rrg-file C:\Program Files (x86)\Cypress\PSoC Creator\3.3\PSoC Creator\dev/psoc5/psoc5lp/route_arch-rrg.cydata --irq-file C:\Program Files (x86)\Cypress\PSoC Creator\3.3\PSoC Creator\dev/psoc5/psoc5lp/irqconn.cydata --drq-file C:\Program Files (x86)\Cypress\PSoC Creator\3.3\PSoC Creator\dev/psoc5/psoc5lp/dmaconn.cydata --dsi-conn-file C:\Program Files (x86)\Cypress\PSoC Creator\3.3\PSoC Creator\dev/psoc5/psoc5lp/dsiconn.cydata --pins-file pins_100-TQFP.xml --lib-file Design01_p.lib --sdc-file Design01.sdc --io-pcf Design01.pci --outdir .

		Softjin Techologies Placer, Version 1.1

Build Date : Oct  1 2015	13:44:59

D2004: Option and Settings Summary
=============================================================
Netlist vh2 file          - Design01_p.vh2
Architecture file         - C:\Program Files (x86)\Cypress\PSoC Creator\3.3\PSoC Creator\dev/arch/p35_udb4x6.ark
Package                   - 
Defparam file             - 
SDC file                  - Design01.sdc
Output directory          - .
Timing library            - Design01_p.lib
IO Placement file         - Design01.pci

D2050: Starting reading inputs for placer
=============================================================
D2065: Reading netlist file : "Design01_p.vh2"
D2065: Reading arch file : "C:\Program Files (x86)\Cypress\PSoC Creator\3.3\PSoC Creator\dev/arch/p35_udb4x6.ark"
D2051: Reading of inputs for placer completed successfully

D2053: Starting placement of the design
=============================================================

Phase 2
Phase 3

Design Statistics after Packing
    Number of Combinational MCs 	:	41
    Number of Sequential MCs    	:	84
    Number of DPs               	:	15
    Number of Controls          	:	5
    Number of Status            	:	10
    Number of SyncCells         	:	0
    Number of count7cells       	:	5

Device Utilization Summary after Packing
    Macrocells                  :	125/192
    UDBS                        :	21/24
    IOs                         :	15/72


D2088: Phase 3, elapsed time : 0.0 (sec)

Phase 4
D2088: Phase 4, elapsed time : 0.0 (sec)

Phase 5
D2088: Phase 5, elapsed time : 0.0 (sec)

Phase 6

######################################################################
Placement Timing Summary

The timing summary is based on estimated routing delays after
placement. For final timing report, please carry out the timing
analysis after routing.
======================================================================

######################################################################
                     Clock Summary 
======================================================================
Number of clocks: 13
Clock: Clock_Pump           | Frequency:  50.2 MHz | Target:   0.0 MHz
Clock: CyBUS_CLK            | Frequency:  49.0 MHz | Target:  24.0 MHz
Clock: CyBUS_CLK(fixed-function) | Frequency: N/A       | Target:  24.0 MHz
Clock: CyILO                | Frequency: N/A       | Target:   0.0 MHz
Clock: CyIMO                | Frequency: N/A       | Target:   3.0 MHz
Clock: CyMASTER_CLK         | Frequency: N/A       | Target:  24.0 MHz
Clock: CyPLL_OUT            | Frequency: N/A       | Target:  24.0 MHz
Clock: Display1_IntClock    | Frequency:  48.0 MHz | Target:   0.5 MHz
Clock: Display2_IntClock    | Frequency:  38.7 MHz | Target:   0.5 MHz
Clock: Printer_IntClock     | Frequency:  52.6 MHz | Target:   0.1 MHz
Clock: RF_Physical_IntClock | Frequency:  49.0 MHz | Target:   0.1 MHz
Clock: timer_clock_1        | Frequency: N/A       | Target:   0.0 MHz
Clock: timer_clock_1(fixed-function) | Frequency: N/A       | Target:   0.0 MHz

======================================================================
                     End of Clock Summary
######################################################################

D2088: Phase 6, elapsed time : 0.2 (sec)

Phase 7
######################################################################
                     Clock Summary 
======================================================================
Number of clocks: 13
Clock: Clock_Pump           | Frequency:   1.3 MHz | Target:   0.0 MHz
Clock: CyBUS_CLK            | Frequency:   1.2 MHz | Target:  24.0 MHz
Clock: CyBUS_CLK(fixed-function) | Frequency: N/A       | Target:  24.0 MHz
Clock: CyILO                | Frequency: N/A       | Target:   0.0 MHz
Clock: CyIMO                | Frequency: N/A       | Target:   3.0 MHz
Clock: CyMASTER_CLK         | Frequency: N/A       | Target:  24.0 MHz
Clock: CyPLL_OUT            | Frequency: N/A       | Target:  24.0 MHz
Clock: Display1_IntClock    | Frequency:   2.7 MHz | Target:   0.5 MHz
Clock: Display2_IntClock    | Frequency:   2.6 MHz | Target:   0.5 MHz
Clock: Printer_IntClock     | Frequency:   1.2 MHz | Target:   0.1 MHz
Clock: RF_Physical_IntClock | Frequency:   1.3 MHz | Target:   0.1 MHz
Clock: timer_clock_1        | Frequency: N/A       | Target:   0.0 MHz
Clock: timer_clock_1(fixed-function) | Frequency: N/A       | Target:   0.0 MHz

======================================================================
                     End of Clock Summary
######################################################################
D2088: Phase 7, elapsed time : 5.4 (sec)

Final Design Statistics
    Number of Combinational MCs 	:	41
    Number of Sequential MCs    	:	84
    Number of DPs               	:	15
    Number of Controls          	:	5
    Number of Status            	:	10
    Number of SyncCells         	:	0
    Number of count7cells       	:	5
    Number of IOs       	:	15

Device Utilization Summary
    Macrocells                  :	125/192
    IOs                         :	15/72



######################################################################
Placement Timing Summary

The timing summary is based on estimated routing delays after
placement. For final timing report, please carry out the timing
analysis after routing.
======================================================================


######################################################################
                     Clock Summary 
======================================================================
Number of clocks: 13
Clock: Clock_Pump           | Frequency:   1.3 MHz | Target:   0.0 MHz
Clock: CyBUS_CLK            | Frequency:   1.3 MHz | Target:  24.0 MHz
Clock: CyBUS_CLK(fixed-function) | Frequency: N/A       | Target:  24.0 MHz
Clock: CyILO                | Frequency: N/A       | Target:   0.0 MHz
Clock: CyIMO                | Frequency: N/A       | Target:   3.0 MHz
Clock: CyMASTER_CLK         | Frequency: N/A       | Target:  24.0 MHz
Clock: CyPLL_OUT            | Frequency: N/A       | Target:  24.0 MHz
Clock: Display1_IntClock    | Frequency:   3.0 MHz | Target:   0.5 MHz
Clock: Display2_IntClock    | Frequency:   2.9 MHz | Target:   0.5 MHz
Clock: Printer_IntClock     | Frequency:   1.4 MHz | Target:   0.1 MHz
Clock: RF_Physical_IntClock | Frequency:   1.5 MHz | Target:   0.1 MHz
Clock: timer_clock_1        | Frequency: N/A       | Target:   0.0 MHz
Clock: timer_clock_1(fixed-function) | Frequency: N/A       | Target:   0.0 MHz

======================================================================
                     End of Clock Summary
######################################################################

Phase 8
D2088: Phase 8, elapsed time : 0.0 (sec)

D2054: Placement of the design completed successfully

I2076: Total run-time: 7.7 sec.

