--------------- Build Started: 05/20/2017 21:35:23 Project: Design01, Configuration: ARM GCC 4.9-2015-q1-update Debug ---------------
The code generation step is up to date.
arm-none-eabi-gcc.exe -mcpu=cortex-m3 -mthumb -Wno-main -I. -IGenerated_Source\PSoC5 -Wa,-alh=.\CortexM3\ARM_GCC_493\Debug/main.lst -g -D DEBUG -Wall -ffunction-sections -Og -ffat-lto-objects -c .\main.c -o .\CortexM3\ARM_GCC_493\Debug\main.o
arm-none-eabi-gcc.exe -mcpu=cortex-m3 -mthumb -Wno-main -I. -IGenerated_Source\PSoC5 -Wa,-alh=.\CortexM3\ARM_GCC_493\Debug/protocol.lst -g -D DEBUG -Wall -ffunction-sections -Og -ffat-lto-objects -c .\protocol.c -o .\CortexM3\ARM_GCC_493\Debug\protocol.o
arm-none-eabi-gcc.exe -mcpu=cortex-m3 -mthumb -Wno-main -I. -IGenerated_Source\PSoC5 -Wa,-alh=.\CortexM3\ARM_GCC_493\Debug/LCD.lst -g -D DEBUG -Wall -ffunction-sections -Og -ffat-lto-objects -c .\LCD.c -o .\CortexM3\ARM_GCC_493\Debug\LCD.o
arm-none-eabi-gcc.exe -mcpu=cortex-m3 -mthumb -Wno-main -I. -IGenerated_Source\PSoC5 -Wa,-alh=.\CortexM3\ARM_GCC_493\Debug/keyboard.lst -g -D DEBUG -Wall -ffunction-sections -Og -ffat-lto-objects -c .\keyboard.c -o .\CortexM3\ARM_GCC_493\Debug\keyboard.o
.\keyboard.c: In function 'alphanumeric_keyboard':
.\keyboard.c:169:19: warning: 'PressedKey' may be used uninitialized in this function [-Wmaybe-uninitialized]
                 if(PressedKey==0x0A){ //Enter
                   ^
arm-none-eabi-gcc.exe -mcpu=cortex-m3 -mthumb -Wno-main -I. -IGenerated_Source\PSoC5 -Wa,-alh=.\CortexM3\ARM_GCC_493\Debug/I2C.lst -g -D DEBUG -Wall -ffunction-sections -Og -ffat-lto-objects -c .\I2C.c -o .\CortexM3\ARM_GCC_493\Debug\I2C.o
arm-none-eabi-gcc.exe -mcpu=cortex-m3 -mthumb -Wno-main -I. -IGenerated_Source\PSoC5 -Wa,-alh=.\CortexM3\ARM_GCC_493\Debug/Print.lst -g -D DEBUG -Wall -ffunction-sections -Og -ffat-lto-objects -c .\Print.c -o .\CortexM3\ARM_GCC_493\Debug\Print.o
arm-none-eabi-gcc.exe -mcpu=cortex-m3 -mthumb -Wno-main -I. -IGenerated_Source\PSoC5 -Wa,-alh=.\CortexM3\ARM_GCC_493\Debug/RFPoll.lst -g -D DEBUG -Wall -ffunction-sections -Og -ffat-lto-objects -c .\RFPoll.c -o .\CortexM3\ARM_GCC_493\Debug\RFPoll.o
.\RFPoll.c: In function 'pollingRF_Rx':
.\RFPoll.c:56:16: warning: unused variable 'programar_ok' [-Wunused-variable]
  uint8 aux[15],programar_ok;
                ^
.\RFPoll.c:56:8: warning: unused variable 'aux' [-Wunused-variable]
  uint8 aux[15],programar_ok;
        ^
.\RFPoll.c:55:40: warning: unused variable 'z' [-Wunused-variable]
     uint16 status1, status2,size,i,x,y,z;
                                        ^
.\RFPoll.c:55:38: warning: unused variable 'y' [-Wunused-variable]
     uint16 status1, status2,size,i,x,y,z;
                                      ^
.\RFPoll.c:55:29: warning: unused variable 'size' [-Wunused-variable]
     uint16 status1, status2,size,i,x,y,z;
                             ^
.\RFPoll.c:55:21: warning: unused variable 'status2' [-Wunused-variable]
     uint16 status1, status2,size,i,x,y,z;
                     ^
.\RFPoll.c:55:12: warning: unused variable 'status1' [-Wunused-variable]
     uint16 status1, status2,size,i,x,y,z;
            ^
.\RFPoll.c:96:39: warning: iteration 5u invokes undefined behavior [-Waggressive-loop-optimizations]
                         GradesHose[x] = buffer_rf[x+8];
                                       ^
.\RFPoll.c:95:21: note: containing loop
                     for(x = 0; x < 6; x++){
                     ^
arm-none-eabi-ar.exe -rs .\CortexM3\ARM_GCC_493\Debug\Design01.a .\CortexM3\ARM_GCC_493\Debug\cyfitter_cfg.o .\CortexM3\ARM_GCC_493\Debug\Printer.o .\CortexM3\ARM_GCC_493\Debug\Printer_PM.o .\CortexM3\ARM_GCC_493\Debug\Printer_INT.o .\CortexM3\ARM_GCC_493\Debug\Printer_BOOT.o .\CortexM3\ARM_GCC_493\Debug\Clock_Pump.o .\CortexM3\ARM_GCC_493\Debug\Display1.o .\CortexM3\ARM_GCC_493\Debug\Display1_PM.o .\CortexM3\ARM_GCC_493\Debug\Display1_INT.o .\CortexM3\ARM_GCC_493\Debug\Display1_BOOT.o .\CortexM3\ARM_GCC_493\Debug\Display2.o .\CortexM3\ARM_GCC_493\Debug\Display2_PM.o .\CortexM3\ARM_GCC_493\Debug\Display2_INT.o .\CortexM3\ARM_GCC_493\Debug\Display2_BOOT.o .\CortexM3\ARM_GCC_493\Debug\Display1_IntClock.o .\CortexM3\ARM_GCC_493\Debug\Display2_IntClock.o .\CortexM3\ARM_GCC_493\Debug\CyBootAsmGnu.o .\CortexM3\ARM_GCC_493\Debug\CyDmac.o .\CortexM3\ARM_GCC_493\Debug\CyFlash.o .\CortexM3\ARM_GCC_493\Debug\CyLib.o .\CortexM3\ARM_GCC_493\Debug\cyPm.o .\CortexM3\ARM_GCC_493\Debug\CySpc.o .\CortexM3\ARM_GCC_493\Debug\cyutils.o .\CortexM3\ARM_GCC_493\Debug\Printer_IntClock.o .\CortexM3\ARM_GCC_493\Debug\Pump.o .\CortexM3\ARM_GCC_493\Debug\Pump_PM.o .\CortexM3\ARM_GCC_493\Debug\Pump_INT.o .\CortexM3\ARM_GCC_493\Debug\Pump_BOOT.o .\CortexM3\ARM_GCC_493\Debug\EEPROM_1.o .\CortexM3\ARM_GCC_493\Debug\SDA_1.o .\CortexM3\ARM_GCC_493\Debug\SCL_1.o .\CortexM3\ARM_GCC_493\Debug\I2C_Bus.o .\CortexM3\ARM_GCC_493\Debug\I2C_Bus_BOOT.o .\CortexM3\ARM_GCC_493\Debug\I2C_Bus_INT.o .\CortexM3\ARM_GCC_493\Debug\I2C_Bus_PM.o .\CortexM3\ARM_GCC_493\Debug\I2C_Bus_SLAVE.o .\CortexM3\ARM_GCC_493\Debug\I2C_Bus_MASTER.o .\CortexM3\ARM_GCC_493\Debug\Pin_WP.o .\CortexM3\ARM_GCC_493\Debug\Timer_Animacion.o .\CortexM3\ARM_GCC_493\Debug\Timer_Animacion_PM.o .\CortexM3\ARM_GCC_493\Debug\timer_clock_1.o .\CortexM3\ARM_GCC_493\Debug\isr_3.o .\CortexM3\ARM_GCC_493\Debug\Timer_Animacion2.o .\CortexM3\ARM_GCC_493\Debug\Timer_Animacion2_PM.o .\CortexM3\ARM_GCC_493\Debug\isr_4.o .\CortexM3\ARM_GCC_493\Debug\IB1.o .\CortexM3\ARM_GCC_493\Debug\IB2.o .\CortexM3\ARM_GCC_493\Debug\RF_Connection.o .\CortexM3\ARM_GCC_493\Debug\RF_Connection_PM.o .\CortexM3\ARM_GCC_493\Debug\RF_Connection_INT.o .\CortexM3\ARM_GCC_493\Debug\RF_Connection_BOOT.o .\CortexM3\ARM_GCC_493\Debug\RF_Connection_IntClock.o
arm-none-eabi-ar.exe: creating .\CortexM3\ARM_GCC_493\Debug\Design01.a
arm-none-eabi-gcc.exe -Wl,--start-group -o .\CortexM3\ARM_GCC_493\Debug\Design01.elf .\CortexM3\ARM_GCC_493\Debug\main.o .\CortexM3\ARM_GCC_493\Debug\protocol.o .\CortexM3\ARM_GCC_493\Debug\LCD.o .\CortexM3\ARM_GCC_493\Debug\keyboard.o .\CortexM3\ARM_GCC_493\Debug\I2C.o .\CortexM3\ARM_GCC_493\Debug\Print.o .\CortexM3\ARM_GCC_493\Debug\ibuton.o .\CortexM3\ARM_GCC_493\Debug\RFPoll.o .\CortexM3\ARM_GCC_493\Debug\cymetadata.o .\CortexM3\ARM_GCC_493\Debug\Cm3Start.o .\CortexM3\ARM_GCC_493\Debug\Design01.a "C:\Program Files (x86)\Cypress\PSoC Creator\3.3\PSoC Creator\psoc\content\cycomponentlibrary\CyComponentLibrary.cylib\CortexM3\ARM_GCC_493\Debug\CyComponentLibrary.a" -mcpu=cortex-m3 -mthumb -g -ffunction-sections -Og -L Generated_Source\PSoC5 -Wl,-Map,.\CortexM3\ARM_GCC_493\Debug/Design01.map -T Generated_Source\PSoC5\cm3gcc.ld -specs=nano.specs -Wl,--gc-sections -Wl,--end-group
cyelftool.exe -C C:\Users\Diego\Documents\GitHub\NSY-DH\Workspace01\Design01.cydsn\CortexM3\ARM_GCC_493\Debug\Design01.elf --flash_row_size 256 --flash_size 262144
cyelftool.exe -S C:\Users\Diego\Documents\GitHub\NSY-DH\Workspace01\Design01.cydsn\CortexM3\ARM_GCC_493\Debug\Design01.elf
Flash used: 57600 of 262144 bytes (22,0%).
SRAM used: 9493 of 65536 bytes (14,5%). Stack: 2048 bytes. Heap: 128 bytes.
--------------- Build Succeeded: 05/20/2017 21:35:29 ---------------
