ARM GAS  C:\Users\RECEPC~1\AppData\Local\Temp\ccMOz6Sg.s 			page 1


   1              		.syntax unified
   2              		.cpu cortex-m3
   3              		.fpu softvfp
   4              		.eabi_attribute 20, 1
   5              		.eabi_attribute 21, 1
   6              		.eabi_attribute 23, 3
   7              		.eabi_attribute 24, 1
   8              		.eabi_attribute 25, 1
   9              		.eabi_attribute 26, 1
  10              		.eabi_attribute 30, 1
  11              		.eabi_attribute 34, 1
  12              		.eabi_attribute 18, 4
  13              		.thumb
  14              		.file	"Dispenser.c"
  15              		.text
  16              	.Ltext0:
  17              		.cfi_sections	.debug_frame
  18              		.section	.text.DispenserAcquireConfiguration,"ax",%progbits
  19              		.align	2
  20              		.global	DispenserAcquireConfiguration
  21              		.thumb
  22              		.thumb_func
  23              		.type	DispenserAcquireConfiguration, %function
  24              	DispenserAcquireConfiguration:
  25              	.LFB63:
  26              		.file 1 ".\\Dispenser.c"
   1:.\Dispenser.c **** /* ========================================
   2:.\Dispenser.c ****  *
   3:.\Dispenser.c ****  * Copyright YOUR COMPANY, THE YEAR
   4:.\Dispenser.c ****  * All Rights Reserved
   5:.\Dispenser.c ****  * UNPUBLISHED, LICENSED SOFTWARE.
   6:.\Dispenser.c ****  *
   7:.\Dispenser.c ****  * CONFIDENTIAL AND PROPRIETARY INFORMATION
   8:.\Dispenser.c ****  * WHICH IS THE PROPERTY OF your company.
   9:.\Dispenser.c ****  *
  10:.\Dispenser.c ****  * ========================================
  11:.\Dispenser.c **** */
  12:.\Dispenser.c **** 
  13:.\Dispenser.c **** /* [] END OF FILE */
  14:.\Dispenser.c **** #include <device.h>
  15:.\Dispenser.c **** #include <variables.h>
  16:.\Dispenser.c **** #include <protocol.h>
  17:.\Dispenser.c **** 
  18:.\Dispenser.c **** 
  19:.\Dispenser.c **** void DispenserAcquireConfiguration()
  20:.\Dispenser.c **** {
  27              		.loc 1 20 0
  28              		.cfi_startproc
  29              		@ args = 0, pretend = 0, frame = 0
  30              		@ frame_needed = 0, uses_anonymous_args = 0
  31              		@ link register save eliminated.
  32 0000 7047     		bx	lr
  33              		.cfi_endproc
  34              	.LFE63:
  35              		.size	DispenserAcquireConfiguration, .-DispenserAcquireConfiguration
  36              		.comm	side,512,4
  37              		.comm	bufferLCD2,661,4
ARM GAS  C:\Users\RECEPC~1\AppData\Local\Temp\ccMOz6Sg.s 			page 2


  38              		.comm	bufferLCD1,661,4
  39              		.comm	stateBeagleSoft,1,1
  40              		.comm	flagResetMux,1,1
  41              		.comm	passwordSeller,8,4
  42              		.comm	typeIdSeller,1,1
  43              		.comm	idSeller,25,4
  44              		.comm	lockTurn,1,1
  45              		.comm	turn,1,1
  46              		.comm	temporalCom,30,4
  47              		.comm	temporal,30,4
  48              		.comm	residue,14,4
  49              		.comm	screen,2,4
  50              		.comm	date,3,4
  51              		.comm	time,3,4
  52              		.comm	symbols,2,4
  53              		.comm	decimalVolume,1,1
  54              		.comm	decimalMoney,1,1
  55              		.comm	ppux10,1,1
  56              		.comm	delayPicture2,4,4
  57              		.comm	delayPicture1,4,4
  58              		.comm	presetFast,30,4
  59              		.comm	productNumber,1,1
  60              		.comm	button,960,4
  61              		.comm	flagPoint2,1,1
  62              		.comm	flagPoint1,1,1
  63              		.comm	numberKeys2,1,1
  64              		.comm	numberKeys1,1,1
  65              		.comm	ipAdress,12,4
  66              		.comm	digits,1,1
  67              		.comm	flowLCD2,4,4
  68              		.comm	flowLCD1,4,4
  69              		.comm	countPump,8,8
  70              		.comm	countBeagleTX,8,8
  71              		.comm	countAnimation2,8,8
  72              		.comm	countAnimation1,8,8
  73 0002 00BF     		.text
  74              	.Letext0:
  75              		.file 2 "c:\\program files (x86)\\cypress\\psoc creator\\3.3\\psoc creator\\import\\gnu\\arm\\4.9.
  76              		.file 3 "c:\\program files (x86)\\cypress\\psoc creator\\3.3\\psoc creator\\import\\gnu\\arm\\4.9.
  77              		.file 4 "Generated_Source\\PSoC5/cytypes.h"
  78              		.file 5 "./variables.h"
  79              		.file 6 "Generated_Source\\PSoC5/core_cm3.h"
  80              		.section	.debug_info,"",%progbits
  81              	.Ldebug_info0:
  82 0000 12080000 		.4byte	0x812
  83 0004 0400     		.2byte	0x4
  84 0006 00000000 		.4byte	.Ldebug_abbrev0
  85 000a 04       		.byte	0x4
  86 000b 01       		.uleb128 0x1
  87 000c C9030000 		.4byte	.LASF115
  88 0010 01       		.byte	0x1
  89 0011 8F010000 		.4byte	.LASF116
  90 0015 9B050000 		.4byte	.LASF117
  91 0019 00000000 		.4byte	.Ldebug_ranges0+0
  92 001d 00000000 		.4byte	0
  93 0021 00000000 		.4byte	.Ldebug_line0
  94 0025 02       		.uleb128 0x2
ARM GAS  C:\Users\RECEPC~1\AppData\Local\Temp\ccMOz6Sg.s 			page 3


  95 0026 01       		.byte	0x1
  96 0027 06       		.byte	0x6
  97 0028 3F010000 		.4byte	.LASF0
  98 002c 02       		.uleb128 0x2
  99 002d 01       		.byte	0x1
 100 002e 08       		.byte	0x8
 101 002f 3F020000 		.4byte	.LASF1
 102 0033 02       		.uleb128 0x2
 103 0034 02       		.byte	0x2
 104 0035 05       		.byte	0x5
 105 0036 41000000 		.4byte	.LASF2
 106 003a 02       		.uleb128 0x2
 107 003b 02       		.byte	0x2
 108 003c 07       		.byte	0x7
 109 003d B0040000 		.4byte	.LASF3
 110 0041 03       		.uleb128 0x3
 111 0042 51050000 		.4byte	.LASF9
 112 0046 02       		.byte	0x2
 113 0047 3F       		.byte	0x3f
 114 0048 4C000000 		.4byte	0x4c
 115 004c 02       		.uleb128 0x2
 116 004d 04       		.byte	0x4
 117 004e 05       		.byte	0x5
 118 004f AE010000 		.4byte	.LASF4
 119 0053 02       		.uleb128 0x2
 120 0054 04       		.byte	0x4
 121 0055 07       		.byte	0x7
 122 0056 17000000 		.4byte	.LASF5
 123 005a 02       		.uleb128 0x2
 124 005b 08       		.byte	0x8
 125 005c 05       		.byte	0x5
 126 005d 81010000 		.4byte	.LASF6
 127 0061 02       		.uleb128 0x2
 128 0062 08       		.byte	0x8
 129 0063 07       		.byte	0x7
 130 0064 EA020000 		.4byte	.LASF7
 131 0068 04       		.uleb128 0x4
 132 0069 04       		.byte	0x4
 133 006a 05       		.byte	0x5
 134 006b 696E7400 		.ascii	"int\000"
 135 006f 02       		.uleb128 0x2
 136 0070 04       		.byte	0x4
 137 0071 07       		.byte	0x7
 138 0072 1B030000 		.4byte	.LASF8
 139 0076 03       		.uleb128 0x3
 140 0077 57040000 		.4byte	.LASF10
 141 007b 03       		.byte	0x3
 142 007c 2C       		.byte	0x2c
 143 007d 41000000 		.4byte	0x41
 144 0081 05       		.uleb128 0x5
 145 0082 12010000 		.4byte	.LASF11
 146 0086 04       		.byte	0x4
 147 0087 3801     		.2byte	0x138
 148 0089 2C000000 		.4byte	0x2c
 149 008d 05       		.uleb128 0x5
 150 008e C3040000 		.4byte	.LASF12
 151 0092 04       		.byte	0x4
ARM GAS  C:\Users\RECEPC~1\AppData\Local\Temp\ccMOz6Sg.s 			page 4


 152 0093 3A01     		.2byte	0x13a
 153 0095 53000000 		.4byte	0x53
 154 0099 02       		.uleb128 0x2
 155 009a 04       		.byte	0x4
 156 009b 04       		.byte	0x4
 157 009c 58010000 		.4byte	.LASF13
 158 00a0 02       		.uleb128 0x2
 159 00a1 08       		.byte	0x8
 160 00a2 04       		.byte	0x4
 161 00a3 FE050000 		.4byte	.LASF14
 162 00a7 05       		.uleb128 0x5
 163 00a8 B7010000 		.4byte	.LASF15
 164 00ac 04       		.byte	0x4
 165 00ad 4401     		.2byte	0x144
 166 00af 61000000 		.4byte	0x61
 167 00b3 02       		.uleb128 0x2
 168 00b4 01       		.byte	0x1
 169 00b5 08       		.byte	0x8
 170 00b6 BC030000 		.4byte	.LASF16
 171 00ba 06       		.uleb128 0x6
 172 00bb 81000000 		.4byte	0x81
 173 00bf 06       		.uleb128 0x6
 174 00c0 8D000000 		.4byte	0x8d
 175 00c4 02       		.uleb128 0x2
 176 00c5 04       		.byte	0x4
 177 00c6 07       		.byte	0x7
 178 00c7 63000000 		.4byte	.LASF17
 179 00cb 07       		.uleb128 0x7
 180 00cc A9040000 		.4byte	.LASF68
 181 00d0 9502     		.2byte	0x295
 182 00d2 05       		.byte	0x5
 183 00d3 56       		.byte	0x56
 184 00d4 47030000 		.4byte	0x347
 185 00d8 08       		.uleb128 0x8
 186 00d9 0B010000 		.4byte	.LASF18
 187 00dd 05       		.byte	0x5
 188 00de 57       		.byte	0x57
 189 00df 81000000 		.4byte	0x81
 190 00e3 00       		.byte	0
 191 00e4 08       		.uleb128 0x8
 192 00e5 38000000 		.4byte	.LASF19
 193 00e9 05       		.byte	0x5
 194 00ea 58       		.byte	0x58
 195 00eb 47030000 		.4byte	0x347
 196 00ef 01       		.byte	0x1
 197 00f0 08       		.uleb128 0x8
 198 00f1 2A050000 		.4byte	.LASF20
 199 00f5 05       		.byte	0x5
 200 00f6 59       		.byte	0x59
 201 00f7 47030000 		.4byte	0x347
 202 00fb 1A       		.byte	0x1a
 203 00fc 08       		.uleb128 0x8
 204 00fd EA000000 		.4byte	.LASF21
 205 0101 05       		.byte	0x5
 206 0102 5A       		.byte	0x5a
 207 0103 81000000 		.4byte	0x81
 208 0107 33       		.byte	0x33
ARM GAS  C:\Users\RECEPC~1\AppData\Local\Temp\ccMOz6Sg.s 			page 5


 209 0108 08       		.uleb128 0x8
 210 0109 AA030000 		.4byte	.LASF22
 211 010d 05       		.byte	0x5
 212 010e 5B       		.byte	0x5b
 213 010f 81000000 		.4byte	0x81
 214 0113 34       		.byte	0x34
 215 0114 08       		.uleb128 0x8
 216 0115 44050000 		.4byte	.LASF23
 217 0119 05       		.byte	0x5
 218 011a 5C       		.byte	0x5c
 219 011b 57030000 		.4byte	0x357
 220 011f 35       		.byte	0x35
 221 0120 08       		.uleb128 0x8
 222 0121 97020000 		.4byte	.LASF24
 223 0125 05       		.byte	0x5
 224 0126 5D       		.byte	0x5d
 225 0127 57030000 		.4byte	0x357
 226 012b 3F       		.byte	0x3f
 227 012c 08       		.uleb128 0x8
 228 012d 91000000 		.4byte	.LASF25
 229 0131 05       		.byte	0x5
 230 0132 5E       		.byte	0x5e
 231 0133 47030000 		.4byte	0x347
 232 0137 49       		.byte	0x49
 233 0138 08       		.uleb128 0x8
 234 0139 9D010000 		.4byte	.LASF26
 235 013d 05       		.byte	0x5
 236 013e 5F       		.byte	0x5f
 237 013f 81000000 		.4byte	0x81
 238 0143 62       		.byte	0x62
 239 0144 08       		.uleb128 0x8
 240 0145 5B050000 		.4byte	.LASF27
 241 0149 05       		.byte	0x5
 242 014a 60       		.byte	0x60
 243 014b 81000000 		.4byte	0x81
 244 014f 63       		.byte	0x63
 245 0150 08       		.uleb128 0x8
 246 0151 04020000 		.4byte	.LASF28
 247 0155 05       		.byte	0x5
 248 0156 61       		.byte	0x61
 249 0157 67030000 		.4byte	0x367
 250 015b 64       		.byte	0x64
 251 015c 08       		.uleb128 0x8
 252 015d CA040000 		.4byte	.LASF29
 253 0161 05       		.byte	0x5
 254 0162 62       		.byte	0x62
 255 0163 81000000 		.4byte	0x81
 256 0167 79       		.byte	0x79
 257 0168 08       		.uleb128 0x8
 258 0169 7F000000 		.4byte	.LASF30
 259 016d 05       		.byte	0x5
 260 016e 63       		.byte	0x63
 261 016f 81000000 		.4byte	0x81
 262 0173 7A       		.byte	0x7a
 263 0174 08       		.uleb128 0x8
 264 0175 F3000000 		.4byte	.LASF31
 265 0179 05       		.byte	0x5
ARM GAS  C:\Users\RECEPC~1\AppData\Local\Temp\ccMOz6Sg.s 			page 6


 266 017a 64       		.byte	0x64
 267 017b 81000000 		.4byte	0x81
 268 017f 7B       		.byte	0x7b
 269 0180 08       		.uleb128 0x8
 270 0181 65020000 		.4byte	.LASF32
 271 0185 05       		.byte	0x5
 272 0186 65       		.byte	0x65
 273 0187 77030000 		.4byte	0x377
 274 018b 7C       		.byte	0x7c
 275 018c 08       		.uleb128 0x8
 276 018d DE000000 		.4byte	.LASF33
 277 0191 05       		.byte	0x5
 278 0192 66       		.byte	0x66
 279 0193 87030000 		.4byte	0x387
 280 0197 7E       		.byte	0x7e
 281 0198 08       		.uleb128 0x8
 282 0199 0B000000 		.4byte	.LASF34
 283 019d 05       		.byte	0x5
 284 019e 67       		.byte	0x67
 285 019f 81000000 		.4byte	0x81
 286 01a3 92       		.byte	0x92
 287 01a4 08       		.uleb128 0x8
 288 01a5 76000000 		.4byte	.LASF35
 289 01a9 05       		.byte	0x5
 290 01aa 68       		.byte	0x68
 291 01ab 9D030000 		.4byte	0x39d
 292 01af 93       		.byte	0x93
 293 01b0 08       		.uleb128 0x8
 294 01b1 29000000 		.4byte	.LASF36
 295 01b5 05       		.byte	0x5
 296 01b6 69       		.byte	0x69
 297 01b7 AD030000 		.4byte	0x3ad
 298 01bb 98       		.byte	0x98
 299 01bc 08       		.uleb128 0x8
 300 01bd 85040000 		.4byte	.LASF37
 301 01c1 05       		.byte	0x5
 302 01c2 6A       		.byte	0x6a
 303 01c3 AD030000 		.4byte	0x3ad
 304 01c7 9E       		.byte	0x9e
 305 01c8 08       		.uleb128 0x8
 306 01c9 5F040000 		.4byte	.LASF38
 307 01cd 05       		.byte	0x5
 308 01ce 6B       		.byte	0x6b
 309 01cf AD030000 		.4byte	0x3ad
 310 01d3 A4       		.byte	0xa4
 311 01d4 08       		.uleb128 0x8
 312 01d5 DE040000 		.4byte	.LASF39
 313 01d9 05       		.byte	0x5
 314 01da 6C       		.byte	0x6c
 315 01db AD030000 		.4byte	0x3ad
 316 01df AA       		.byte	0xaa
 317 01e0 08       		.uleb128 0x8
 318 01e1 08030000 		.4byte	.LASF40
 319 01e5 05       		.byte	0x5
 320 01e6 6D       		.byte	0x6d
 321 01e7 BD030000 		.4byte	0x3bd
 322 01eb B0       		.byte	0xb0
ARM GAS  C:\Users\RECEPC~1\AppData\Local\Temp\ccMOz6Sg.s 			page 7


 323 01ec 08       		.uleb128 0x8
 324 01ed F0010000 		.4byte	.LASF41
 325 01f1 05       		.byte	0x5
 326 01f2 6E       		.byte	0x6e
 327 01f3 BD030000 		.4byte	0x3bd
 328 01f7 BE       		.byte	0xbe
 329 01f8 08       		.uleb128 0x8
 330 01f9 ED050000 		.4byte	.LASF42
 331 01fd 05       		.byte	0x5
 332 01fe 6F       		.byte	0x6f
 333 01ff BD030000 		.4byte	0x3bd
 334 0203 CC       		.byte	0xcc
 335 0204 08       		.uleb128 0x8
 336 0205 2F020000 		.4byte	.LASF43
 337 0209 05       		.byte	0x5
 338 020a 70       		.byte	0x70
 339 020b BD030000 		.4byte	0x3bd
 340 020f DA       		.byte	0xda
 341 0210 08       		.uleb128 0x8
 342 0211 50030000 		.4byte	.LASF44
 343 0215 05       		.byte	0x5
 344 0216 71       		.byte	0x71
 345 0217 BD030000 		.4byte	0x3bd
 346 021b E8       		.byte	0xe8
 347 021c 08       		.uleb128 0x8
 348 021d 6E040000 		.4byte	.LASF45
 349 0221 05       		.byte	0x5
 350 0222 72       		.byte	0x72
 351 0223 BD030000 		.4byte	0x3bd
 352 0227 F6       		.byte	0xf6
 353 0228 09       		.uleb128 0x9
 354 0229 4B000000 		.4byte	.LASF46
 355 022d 05       		.byte	0x5
 356 022e 73       		.byte	0x73
 357 022f CD030000 		.4byte	0x3cd
 358 0233 0401     		.2byte	0x104
 359 0235 09       		.uleb128 0x9
 360 0236 FF000000 		.4byte	.LASF47
 361 023a 05       		.byte	0x5
 362 023b 74       		.byte	0x74
 363 023c CD030000 		.4byte	0x3cd
 364 0240 0F01     		.2byte	0x10f
 365 0242 09       		.uleb128 0x9
 366 0243 30030000 		.4byte	.LASF48
 367 0247 05       		.byte	0x5
 368 0248 75       		.byte	0x75
 369 0249 CD030000 		.4byte	0x3cd
 370 024d 1A01     		.2byte	0x11a
 371 024f 09       		.uleb128 0x9
 372 0250 70020000 		.4byte	.LASF49
 373 0254 05       		.byte	0x5
 374 0255 76       		.byte	0x76
 375 0256 81000000 		.4byte	0x81
 376 025a 2501     		.2byte	0x125
 377 025c 09       		.uleb128 0x9
 378 025d 94030000 		.4byte	.LASF50
 379 0261 05       		.byte	0x5
ARM GAS  C:\Users\RECEPC~1\AppData\Local\Temp\ccMOz6Sg.s 			page 8


 380 0262 77       		.byte	0x77
 381 0263 81000000 		.4byte	0x81
 382 0267 2601     		.2byte	0x126
 383 0269 09       		.uleb128 0x9
 384 026a E1010000 		.4byte	.LASF51
 385 026e 05       		.byte	0x5
 386 026f 78       		.byte	0x78
 387 0270 81000000 		.4byte	0x81
 388 0274 2701     		.2byte	0x127
 389 0276 09       		.uleb128 0x9
 390 0277 15020000 		.4byte	.LASF52
 391 027b 05       		.byte	0x5
 392 027c 79       		.byte	0x79
 393 027d 81000000 		.4byte	0x81
 394 0281 2801     		.2byte	0x128
 395 0283 09       		.uleb128 0x9
 396 0284 D6040000 		.4byte	.LASF53
 397 0288 05       		.byte	0x5
 398 0289 7A       		.byte	0x7a
 399 028a DD030000 		.4byte	0x3dd
 400 028e 2901     		.2byte	0x129
 401 0290 09       		.uleb128 0x9
 402 0291 00000000 		.4byte	.LASF54
 403 0295 05       		.byte	0x5
 404 0296 7B       		.byte	0x7b
 405 0297 57030000 		.4byte	0x357
 406 029b 6A01     		.2byte	0x16a
 407 029d 09       		.uleb128 0x9
 408 029e 88030000 		.4byte	.LASF55
 409 02a2 05       		.byte	0x5
 410 02a3 7C       		.byte	0x7c
 411 02a4 57030000 		.4byte	0x357
 412 02a8 7401     		.2byte	0x174
 413 02aa 09       		.uleb128 0x9
 414 02ab C7000000 		.4byte	.LASF56
 415 02af 05       		.byte	0x5
 416 02b0 7D       		.byte	0x7d
 417 02b1 57030000 		.4byte	0x357
 418 02b5 7E01     		.2byte	0x17e
 419 02b7 09       		.uleb128 0x9
 420 02b8 DD020000 		.4byte	.LASF57
 421 02bc 05       		.byte	0x5
 422 02bd 7E       		.byte	0x7e
 423 02be ED030000 		.4byte	0x3ed
 424 02c2 8801     		.2byte	0x188
 425 02c4 09       		.uleb128 0x9
 426 02c5 6F030000 		.4byte	.LASF58
 427 02c9 05       		.byte	0x5
 428 02ca 7F       		.byte	0x7f
 429 02cb ED030000 		.4byte	0x3ed
 430 02cf D301     		.2byte	0x1d3
 431 02d1 09       		.uleb128 0x9
 432 02d2 88020000 		.4byte	.LASF59
 433 02d6 05       		.byte	0x5
 434 02d7 80       		.byte	0x80
 435 02d8 03040000 		.4byte	0x403
 436 02dc 1E02     		.2byte	0x21e
ARM GAS  C:\Users\RECEPC~1\AppData\Local\Temp\ccMOz6Sg.s 			page 9


 437 02de 09       		.uleb128 0x9
 438 02df BC020000 		.4byte	.LASF60
 439 02e3 05       		.byte	0x5
 440 02e4 81       		.byte	0x81
 441 02e5 03040000 		.4byte	0x403
 442 02e9 2D02     		.2byte	0x22d
 443 02eb 09       		.uleb128 0x9
 444 02ec 3A060000 		.4byte	.LASF61
 445 02f0 05       		.byte	0x5
 446 02f1 82       		.byte	0x82
 447 02f2 19040000 		.4byte	0x419
 448 02f6 3C02     		.2byte	0x23c
 449 02f8 09       		.uleb128 0x9
 450 02f9 3B030000 		.4byte	.LASF62
 451 02fd 05       		.byte	0x5
 452 02fe 83       		.byte	0x83
 453 02ff 19040000 		.4byte	0x419
 454 0303 5A02     		.2byte	0x25a
 455 0305 09       		.uleb128 0x9
 456 0306 4B060000 		.4byte	.LASF63
 457 030a 05       		.byte	0x5
 458 030b 84       		.byte	0x84
 459 030c 57030000 		.4byte	0x357
 460 0310 7802     		.2byte	0x278
 461 0312 09       		.uleb128 0x9
 462 0313 0B050000 		.4byte	.LASF64
 463 0317 05       		.byte	0x5
 464 0318 85       		.byte	0x85
 465 0319 81000000 		.4byte	0x81
 466 031d 8202     		.2byte	0x282
 467 031f 09       		.uleb128 0x9
 468 0320 1D050000 		.4byte	.LASF65
 469 0324 05       		.byte	0x5
 470 0325 86       		.byte	0x86
 471 0326 2F040000 		.4byte	0x42f
 472 032a 8302     		.2byte	0x283
 473 032c 09       		.uleb128 0x9
 474 032d 88000000 		.4byte	.LASF66
 475 0331 05       		.byte	0x5
 476 0332 87       		.byte	0x87
 477 0333 77030000 		.4byte	0x377
 478 0337 9202     		.2byte	0x292
 479 0339 09       		.uleb128 0x9
 480 033a 36050000 		.4byte	.LASF67
 481 033e 05       		.byte	0x5
 482 033f 88       		.byte	0x88
 483 0340 81000000 		.4byte	0x81
 484 0344 9402     		.2byte	0x294
 485 0346 00       		.byte	0
 486 0347 0A       		.uleb128 0xa
 487 0348 81000000 		.4byte	0x81
 488 034c 57030000 		.4byte	0x357
 489 0350 0B       		.uleb128 0xb
 490 0351 C4000000 		.4byte	0xc4
 491 0355 18       		.byte	0x18
 492 0356 00       		.byte	0
 493 0357 0A       		.uleb128 0xa
ARM GAS  C:\Users\RECEPC~1\AppData\Local\Temp\ccMOz6Sg.s 			page 10


 494 0358 81000000 		.4byte	0x81
 495 035c 67030000 		.4byte	0x367
 496 0360 0B       		.uleb128 0xb
 497 0361 C4000000 		.4byte	0xc4
 498 0365 09       		.byte	0x9
 499 0366 00       		.byte	0
 500 0367 0A       		.uleb128 0xa
 501 0368 81000000 		.4byte	0x81
 502 036c 77030000 		.4byte	0x377
 503 0370 0B       		.uleb128 0xb
 504 0371 C4000000 		.4byte	0xc4
 505 0375 14       		.byte	0x14
 506 0376 00       		.byte	0
 507 0377 0A       		.uleb128 0xa
 508 0378 81000000 		.4byte	0x81
 509 037c 87030000 		.4byte	0x387
 510 0380 0B       		.uleb128 0xb
 511 0381 C4000000 		.4byte	0xc4
 512 0385 01       		.byte	0x1
 513 0386 00       		.byte	0
 514 0387 0A       		.uleb128 0xa
 515 0388 81000000 		.4byte	0x81
 516 038c 9D030000 		.4byte	0x39d
 517 0390 0B       		.uleb128 0xb
 518 0391 C4000000 		.4byte	0xc4
 519 0395 01       		.byte	0x1
 520 0396 0B       		.uleb128 0xb
 521 0397 C4000000 		.4byte	0xc4
 522 039b 09       		.byte	0x9
 523 039c 00       		.byte	0
 524 039d 0A       		.uleb128 0xa
 525 039e 81000000 		.4byte	0x81
 526 03a2 AD030000 		.4byte	0x3ad
 527 03a6 0B       		.uleb128 0xb
 528 03a7 C4000000 		.4byte	0xc4
 529 03ab 04       		.byte	0x4
 530 03ac 00       		.byte	0
 531 03ad 0A       		.uleb128 0xa
 532 03ae 81000000 		.4byte	0x81
 533 03b2 BD030000 		.4byte	0x3bd
 534 03b6 0B       		.uleb128 0xb
 535 03b7 C4000000 		.4byte	0xc4
 536 03bb 05       		.byte	0x5
 537 03bc 00       		.byte	0
 538 03bd 0A       		.uleb128 0xa
 539 03be 81000000 		.4byte	0x81
 540 03c2 CD030000 		.4byte	0x3cd
 541 03c6 0B       		.uleb128 0xb
 542 03c7 C4000000 		.4byte	0xc4
 543 03cb 0D       		.byte	0xd
 544 03cc 00       		.byte	0
 545 03cd 0A       		.uleb128 0xa
 546 03ce 81000000 		.4byte	0x81
 547 03d2 DD030000 		.4byte	0x3dd
 548 03d6 0B       		.uleb128 0xb
 549 03d7 C4000000 		.4byte	0xc4
 550 03db 0A       		.byte	0xa
ARM GAS  C:\Users\RECEPC~1\AppData\Local\Temp\ccMOz6Sg.s 			page 11


 551 03dc 00       		.byte	0
 552 03dd 0A       		.uleb128 0xa
 553 03de 81000000 		.4byte	0x81
 554 03e2 ED030000 		.4byte	0x3ed
 555 03e6 0B       		.uleb128 0xb
 556 03e7 C4000000 		.4byte	0xc4
 557 03eb 40       		.byte	0x40
 558 03ec 00       		.byte	0
 559 03ed 0A       		.uleb128 0xa
 560 03ee 81000000 		.4byte	0x81
 561 03f2 03040000 		.4byte	0x403
 562 03f6 0B       		.uleb128 0xb
 563 03f7 C4000000 		.4byte	0xc4
 564 03fb 02       		.byte	0x2
 565 03fc 0B       		.uleb128 0xb
 566 03fd C4000000 		.4byte	0xc4
 567 0401 18       		.byte	0x18
 568 0402 00       		.byte	0
 569 0403 0A       		.uleb128 0xa
 570 0404 81000000 		.4byte	0x81
 571 0408 19040000 		.4byte	0x419
 572 040c 0B       		.uleb128 0xb
 573 040d C4000000 		.4byte	0xc4
 574 0411 02       		.byte	0x2
 575 0412 0B       		.uleb128 0xb
 576 0413 C4000000 		.4byte	0xc4
 577 0417 04       		.byte	0x4
 578 0418 00       		.byte	0
 579 0419 0A       		.uleb128 0xa
 580 041a 81000000 		.4byte	0x81
 581 041e 2F040000 		.4byte	0x42f
 582 0422 0B       		.uleb128 0xb
 583 0423 C4000000 		.4byte	0xc4
 584 0427 02       		.byte	0x2
 585 0428 0B       		.uleb128 0xb
 586 0429 C4000000 		.4byte	0xc4
 587 042d 09       		.byte	0x9
 588 042e 00       		.byte	0
 589 042f 0A       		.uleb128 0xa
 590 0430 81000000 		.4byte	0x81
 591 0434 3F040000 		.4byte	0x43f
 592 0438 0B       		.uleb128 0xb
 593 0439 C4000000 		.4byte	0xc4
 594 043d 0E       		.byte	0xe
 595 043e 00       		.byte	0
 596 043f 07       		.uleb128 0x7
 597 0440 D0000000 		.4byte	.LASF69
 598 0444 0001     		.2byte	0x100
 599 0446 05       		.byte	0x5
 600 0447 96       		.byte	0x96
 601 0448 A1040000 		.4byte	0x4a1
 602 044c 0C       		.uleb128 0xc
 603 044d 64697200 		.ascii	"dir\000"
 604 0451 05       		.byte	0x5
 605 0452 97       		.byte	0x97
 606 0453 81000000 		.4byte	0x81
 607 0457 00       		.byte	0
ARM GAS  C:\Users\RECEPC~1\AppData\Local\Temp\ccMOz6Sg.s 			page 12


 608 0458 08       		.uleb128 0x8
 609 0459 4B010000 		.4byte	.LASF70
 610 045d 05       		.byte	0x5
 611 045e 98       		.byte	0x98
 612 045f A1040000 		.4byte	0x4a1
 613 0463 01       		.byte	0x1
 614 0464 08       		.uleb128 0x8
 615 0465 21020000 		.4byte	.LASF71
 616 0469 05       		.byte	0x5
 617 046a 99       		.byte	0x99
 618 046b BD040000 		.4byte	0x4bd
 619 046f B5       		.byte	0xb5
 620 0470 08       		.uleb128 0x8
 621 0471 A0030000 		.4byte	.LASF72
 622 0475 05       		.byte	0x5
 623 0476 9A       		.byte	0x9a
 624 0477 BD030000 		.4byte	0x3bd
 625 047b D5       		.byte	0xd5
 626 047c 08       		.uleb128 0x8
 627 047d 7D030000 		.4byte	.LASF73
 628 0481 05       		.byte	0x5
 629 0482 9B       		.byte	0x9b
 630 0483 BD030000 		.4byte	0x3bd
 631 0487 E3       		.byte	0xe3
 632 0488 08       		.uleb128 0x8
 633 0489 28030000 		.4byte	.LASF74
 634 048d 05       		.byte	0x5
 635 048e 9C       		.byte	0x9c
 636 048f BD030000 		.4byte	0x3bd
 637 0493 F1       		.byte	0xf1
 638 0494 08       		.uleb128 0x8
 639 0495 E1050000 		.4byte	.LASF75
 640 0499 05       		.byte	0x5
 641 049a 9D       		.byte	0x9d
 642 049b 81000000 		.4byte	0x81
 643 049f FF       		.byte	0xff
 644 04a0 00       		.byte	0
 645 04a1 0A       		.uleb128 0xa
 646 04a2 81000000 		.4byte	0x81
 647 04a6 BD040000 		.4byte	0x4bd
 648 04aa 0B       		.uleb128 0xb
 649 04ab C4000000 		.4byte	0xc4
 650 04af 03       		.byte	0x3
 651 04b0 0B       		.uleb128 0xb
 652 04b1 C4000000 		.4byte	0xc4
 653 04b5 02       		.byte	0x2
 654 04b6 0B       		.uleb128 0xb
 655 04b7 C4000000 		.4byte	0xc4
 656 04bb 0E       		.byte	0xe
 657 04bc 00       		.byte	0
 658 04bd 0A       		.uleb128 0xa
 659 04be 81000000 		.4byte	0x81
 660 04c2 D3040000 		.4byte	0x4d3
 661 04c6 0B       		.uleb128 0xb
 662 04c7 C4000000 		.4byte	0xc4
 663 04cb 03       		.byte	0x3
 664 04cc 0B       		.uleb128 0xb
ARM GAS  C:\Users\RECEPC~1\AppData\Local\Temp\ccMOz6Sg.s 			page 13


 665 04cd C4000000 		.4byte	0xc4
 666 04d1 07       		.byte	0x7
 667 04d2 00       		.byte	0
 668 04d3 07       		.uleb128 0x7
 669 04d4 94040000 		.4byte	.LASF76
 670 04d8 0002     		.2byte	0x200
 671 04da 05       		.byte	0x5
 672 04db A0       		.byte	0xa0
 673 04dc F6040000 		.4byte	0x4f6
 674 04e0 0C       		.uleb128 0xc
 675 04e1 6100     		.ascii	"a\000"
 676 04e3 05       		.byte	0x5
 677 04e4 A1       		.byte	0xa1
 678 04e5 3F040000 		.4byte	0x43f
 679 04e9 00       		.byte	0
 680 04ea 0D       		.uleb128 0xd
 681 04eb 6200     		.ascii	"b\000"
 682 04ed 05       		.byte	0x5
 683 04ee A2       		.byte	0xa2
 684 04ef 3F040000 		.4byte	0x43f
 685 04f3 0001     		.2byte	0x100
 686 04f5 00       		.byte	0
 687 04f6 0E       		.uleb128 0xe
 688 04f7 21010000 		.4byte	.LASF118
 689 04fb 01       		.byte	0x1
 690 04fc 13       		.byte	0x13
 691 04fd 00000000 		.4byte	.LFB63
 692 0501 02000000 		.4byte	.LFE63-.LFB63
 693 0505 01       		.uleb128 0x1
 694 0506 9C       		.byte	0x9c
 695 0507 0F       		.uleb128 0xf
 696 0508 0A060000 		.4byte	.LASF77
 697 050c 06       		.byte	0x6
 698 050d 5506     		.2byte	0x655
 699 050f 13050000 		.4byte	0x513
 700 0513 06       		.uleb128 0x6
 701 0514 76000000 		.4byte	0x76
 702 0518 10       		.uleb128 0x10
 703 0519 7B050000 		.4byte	.LASF78
 704 051d 05       		.byte	0x5
 705 051e 2C       		.byte	0x2c
 706 051f 29050000 		.4byte	0x529
 707 0523 05       		.uleb128 0x5
 708 0524 03       		.byte	0x3
 709 0525 00000000 		.4byte	countAnimation1
 710 0529 06       		.uleb128 0x6
 711 052a A7000000 		.4byte	0xa7
 712 052e 10       		.uleb128 0x10
 713 052f 8B050000 		.4byte	.LASF79
 714 0533 05       		.byte	0x5
 715 0534 2D       		.byte	0x2d
 716 0535 29050000 		.4byte	0x529
 717 0539 05       		.uleb128 0x5
 718 053a 03       		.byte	0x3
 719 053b 00000000 		.4byte	countAnimation2
 720 053f 10       		.uleb128 0x10
 721 0540 AD000000 		.4byte	.LASF80
ARM GAS  C:\Users\RECEPC~1\AppData\Local\Temp\ccMOz6Sg.s 			page 14


 722 0544 05       		.byte	0x5
 723 0545 2E       		.byte	0x2e
 724 0546 29050000 		.4byte	0x529
 725 054a 05       		.uleb128 0x5
 726 054b 03       		.byte	0x3
 727 054c 00000000 		.4byte	countBeagleTX
 728 0550 10       		.uleb128 0x10
 729 0551 6C000000 		.4byte	.LASF81
 730 0555 05       		.byte	0x5
 731 0556 2F       		.byte	0x2f
 732 0557 29050000 		.4byte	0x529
 733 055b 05       		.uleb128 0x5
 734 055c 03       		.byte	0x3
 735 055d 00000000 		.4byte	countPump
 736 0561 10       		.uleb128 0x10
 737 0562 61030000 		.4byte	.LASF82
 738 0566 05       		.byte	0x5
 739 0567 30       		.byte	0x30
 740 0568 BF000000 		.4byte	0xbf
 741 056c 05       		.uleb128 0x5
 742 056d 03       		.byte	0x3
 743 056e 00000000 		.4byte	flowLCD1
 744 0572 10       		.uleb128 0x10
 745 0573 7C040000 		.4byte	.LASF83
 746 0577 05       		.byte	0x5
 747 0578 31       		.byte	0x31
 748 0579 BF000000 		.4byte	0xbf
 749 057d 05       		.uleb128 0x5
 750 057e 03       		.byte	0x3
 751 057f 00000000 		.4byte	flowLCD2
 752 0583 10       		.uleb128 0x10
 753 0584 0E020000 		.4byte	.LASF84
 754 0588 05       		.byte	0x5
 755 0589 32       		.byte	0x32
 756 058a BA000000 		.4byte	0xba
 757 058e 05       		.uleb128 0x5
 758 058f 03       		.byte	0x3
 759 0590 00000000 		.4byte	digits
 760 0594 0A       		.uleb128 0xa
 761 0595 81000000 		.4byte	0x81
 762 0599 A4050000 		.4byte	0x5a4
 763 059d 0B       		.uleb128 0xb
 764 059e C4000000 		.4byte	0xc4
 765 05a2 0B       		.byte	0xb
 766 05a3 00       		.byte	0
 767 05a4 10       		.uleb128 0x10
 768 05a5 A4000000 		.4byte	.LASF85
 769 05a9 05       		.byte	0x5
 770 05aa 33       		.byte	0x33
 771 05ab B5050000 		.4byte	0x5b5
 772 05af 05       		.uleb128 0x5
 773 05b0 03       		.byte	0x3
 774 05b1 00000000 		.4byte	ipAdress
 775 05b5 06       		.uleb128 0x6
 776 05b6 94050000 		.4byte	0x594
 777 05ba 10       		.uleb128 0x10
 778 05bb A9020000 		.4byte	.LASF86
ARM GAS  C:\Users\RECEPC~1\AppData\Local\Temp\ccMOz6Sg.s 			page 15


 779 05bf 05       		.byte	0x5
 780 05c0 34       		.byte	0x34
 781 05c1 BA000000 		.4byte	0xba
 782 05c5 05       		.uleb128 0x5
 783 05c6 03       		.byte	0x3
 784 05c7 00000000 		.4byte	numberKeys1
 785 05cb 10       		.uleb128 0x10
 786 05cc 57000000 		.4byte	.LASF87
 787 05d0 05       		.byte	0x5
 788 05d1 35       		.byte	0x35
 789 05d2 BA000000 		.4byte	0xba
 790 05d6 05       		.uleb128 0x5
 791 05d7 03       		.byte	0x3
 792 05d8 00000000 		.4byte	numberKeys2
 793 05dc 10       		.uleb128 0x10
 794 05dd 6B010000 		.4byte	.LASF88
 795 05e1 05       		.byte	0x5
 796 05e2 36       		.byte	0x36
 797 05e3 BA000000 		.4byte	0xba
 798 05e7 05       		.uleb128 0x5
 799 05e8 03       		.byte	0x3
 800 05e9 00000000 		.4byte	flagPoint1
 801 05ed 10       		.uleb128 0x10
 802 05ee 76010000 		.4byte	.LASF89
 803 05f2 05       		.byte	0x5
 804 05f3 37       		.byte	0x37
 805 05f4 BA000000 		.4byte	0xba
 806 05f8 05       		.uleb128 0x5
 807 05f9 03       		.byte	0x3
 808 05fa 00000000 		.4byte	flagPoint2
 809 05fe 0A       		.uleb128 0xa
 810 05ff 81000000 		.4byte	0x81
 811 0603 14060000 		.4byte	0x614
 812 0607 0B       		.uleb128 0xb
 813 0608 C4000000 		.4byte	0xc4
 814 060c 77       		.byte	0x77
 815 060d 0B       		.uleb128 0xb
 816 060e C4000000 		.4byte	0xc4
 817 0612 07       		.byte	0x7
 818 0613 00       		.byte	0
 819 0614 10       		.uleb128 0x10
 820 0615 BE010000 		.4byte	.LASF90
 821 0619 05       		.byte	0x5
 822 061a 38       		.byte	0x38
 823 061b 25060000 		.4byte	0x625
 824 061f 05       		.uleb128 0x5
 825 0620 03       		.byte	0x3
 826 0621 00000000 		.4byte	button
 827 0625 06       		.uleb128 0x6
 828 0626 FE050000 		.4byte	0x5fe
 829 062a 10       		.uleb128 0x10
 830 062b 6D050000 		.4byte	.LASF91
 831 062f 05       		.byte	0x5
 832 0630 39       		.byte	0x39
 833 0631 BA000000 		.4byte	0xba
 834 0635 05       		.uleb128 0x5
 835 0636 03       		.byte	0x3
ARM GAS  C:\Users\RECEPC~1\AppData\Local\Temp\ccMOz6Sg.s 			page 16


 836 0637 00000000 		.4byte	productNumber
 837 063b 10       		.uleb128 0x10
 838 063c 7D020000 		.4byte	.LASF92
 839 0640 05       		.byte	0x5
 840 0641 3A       		.byte	0x3a
 841 0642 19040000 		.4byte	0x419
 842 0646 05       		.uleb128 0x5
 843 0647 03       		.byte	0x3
 844 0648 00000000 		.4byte	presetFast
 845 064c 10       		.uleb128 0x10
 846 064d C5010000 		.4byte	.LASF93
 847 0651 05       		.byte	0x5
 848 0652 3B       		.byte	0x3b
 849 0653 BF000000 		.4byte	0xbf
 850 0657 05       		.uleb128 0x5
 851 0658 03       		.byte	0x3
 852 0659 00000000 		.4byte	delayPicture1
 853 065d 10       		.uleb128 0x10
 854 065e D3010000 		.4byte	.LASF94
 855 0662 05       		.byte	0x5
 856 0663 3C       		.byte	0x3c
 857 0664 BF000000 		.4byte	0xbf
 858 0668 05       		.uleb128 0x5
 859 0669 03       		.byte	0x3
 860 066a 00000000 		.4byte	delayPicture2
 861 066e 10       		.uleb128 0x10
 862 066f 01030000 		.4byte	.LASF95
 863 0673 05       		.byte	0x5
 864 0674 3D       		.byte	0x3d
 865 0675 BA000000 		.4byte	0xba
 866 0679 05       		.uleb128 0x5
 867 067a 03       		.byte	0x3
 868 067b 00000000 		.4byte	ppux10
 869 067f 10       		.uleb128 0x10
 870 0680 5E010000 		.4byte	.LASF96
 871 0684 05       		.byte	0x5
 872 0685 3E       		.byte	0x3e
 873 0686 BA000000 		.4byte	0xba
 874 068a 05       		.uleb128 0x5
 875 068b 03       		.byte	0x3
 876 068c 00000000 		.4byte	decimalMoney
 877 0690 10       		.uleb128 0x10
 878 0691 CF020000 		.4byte	.LASF97
 879 0695 05       		.byte	0x5
 880 0696 3F       		.byte	0x3f
 881 0697 BA000000 		.4byte	0xba
 882 069b 05       		.uleb128 0x5
 883 069c 03       		.byte	0x3
 884 069d 00000000 		.4byte	decimalVolume
 885 06a1 10       		.uleb128 0x10
 886 06a2 C1030000 		.4byte	.LASF98
 887 06a6 05       		.byte	0x5
 888 06a7 40       		.byte	0x40
 889 06a8 B2060000 		.4byte	0x6b2
 890 06ac 05       		.uleb128 0x5
 891 06ad 03       		.byte	0x3
 892 06ae 00000000 		.4byte	symbols
ARM GAS  C:\Users\RECEPC~1\AppData\Local\Temp\ccMOz6Sg.s 			page 17


 893 06b2 06       		.uleb128 0x6
 894 06b3 77030000 		.4byte	0x377
 895 06b7 0A       		.uleb128 0xa
 896 06b8 81000000 		.4byte	0x81
 897 06bc C7060000 		.4byte	0x6c7
 898 06c0 0B       		.uleb128 0xb
 899 06c1 C4000000 		.4byte	0xc4
 900 06c5 02       		.byte	0x2
 901 06c6 00       		.byte	0
 902 06c7 10       		.uleb128 0x10
 903 06c8 6A030000 		.4byte	.LASF99
 904 06cc 05       		.byte	0x5
 905 06cd 41       		.byte	0x41
 906 06ce D8060000 		.4byte	0x6d8
 907 06d2 05       		.uleb128 0x5
 908 06d3 03       		.byte	0x3
 909 06d4 00000000 		.4byte	time
 910 06d8 06       		.uleb128 0x6
 911 06d9 B7060000 		.4byte	0x6b7
 912 06dd 10       		.uleb128 0x10
 913 06de D9000000 		.4byte	.LASF100
 914 06e2 05       		.byte	0x5
 915 06e3 42       		.byte	0x42
 916 06e4 EE060000 		.4byte	0x6ee
 917 06e8 05       		.uleb128 0x5
 918 06e9 03       		.byte	0x3
 919 06ea 00000000 		.4byte	date
 920 06ee 06       		.uleb128 0x6
 921 06ef B7060000 		.4byte	0x6b7
 922 06f3 10       		.uleb128 0x10
 923 06f4 B5020000 		.4byte	.LASF101
 924 06f8 05       		.byte	0x5
 925 06f9 43       		.byte	0x43
 926 06fa 04070000 		.4byte	0x704
 927 06fe 05       		.uleb128 0x5
 928 06ff 03       		.byte	0x3
 929 0700 00000000 		.4byte	screen
 930 0704 06       		.uleb128 0x6
 931 0705 77030000 		.4byte	0x377
 932 0709 10       		.uleb128 0x10
 933 070a 03050000 		.4byte	.LASF102
 934 070e 05       		.byte	0x5
 935 070f 44       		.byte	0x44
 936 0710 1A070000 		.4byte	0x71a
 937 0714 05       		.uleb128 0x5
 938 0715 03       		.byte	0x3
 939 0716 00000000 		.4byte	residue
 940 071a 06       		.uleb128 0x6
 941 071b BD030000 		.4byte	0x3bd
 942 071f 0A       		.uleb128 0xa
 943 0720 81000000 		.4byte	0x81
 944 0724 2F070000 		.4byte	0x72f
 945 0728 0B       		.uleb128 0xb
 946 0729 C4000000 		.4byte	0xc4
 947 072d 1D       		.byte	0x1d
 948 072e 00       		.byte	0
 949 072f 10       		.uleb128 0x10
ARM GAS  C:\Users\RECEPC~1\AppData\Local\Temp\ccMOz6Sg.s 			page 18


 950 0730 24060000 		.4byte	.LASF103
 951 0734 05       		.byte	0x5
 952 0735 45       		.byte	0x45
 953 0736 1F070000 		.4byte	0x71f
 954 073a 05       		.uleb128 0x5
 955 073b 03       		.byte	0x3
 956 073c 00000000 		.4byte	temporal
 957 0740 10       		.uleb128 0x10
 958 0741 BB000000 		.4byte	.LASF104
 959 0745 05       		.byte	0x5
 960 0746 46       		.byte	0x46
 961 0747 1F070000 		.4byte	0x71f
 962 074b 05       		.uleb128 0x5
 963 074c 03       		.byte	0x3
 964 074d 00000000 		.4byte	temporalCom
 965 0751 10       		.uleb128 0x10
 966 0752 4B030000 		.4byte	.LASF105
 967 0756 05       		.byte	0x5
 968 0757 47       		.byte	0x47
 969 0758 BA000000 		.4byte	0xba
 970 075c 05       		.uleb128 0x5
 971 075d 03       		.byte	0x3
 972 075e 00000000 		.4byte	turn
 973 0762 10       		.uleb128 0x10
 974 0763 4D020000 		.4byte	.LASF106
 975 0767 05       		.byte	0x5
 976 0768 48       		.byte	0x48
 977 0769 BA000000 		.4byte	0xba
 978 076d 05       		.uleb128 0x5
 979 076e 03       		.byte	0x3
 980 076f 00000000 		.4byte	lockTurn
 981 0773 10       		.uleb128 0x10
 982 0774 18010000 		.4byte	.LASF107
 983 0778 05       		.byte	0x5
 984 0779 49       		.byte	0x49
 985 077a 84070000 		.4byte	0x784
 986 077e 05       		.uleb128 0x5
 987 077f 03       		.byte	0x3
 988 0780 00000000 		.4byte	idSeller
 989 0784 06       		.uleb128 0x6
 990 0785 47030000 		.4byte	0x347
 991 0789 10       		.uleb128 0x10
 992 078a 17060000 		.4byte	.LASF108
 993 078e 05       		.byte	0x5
 994 078f 4A       		.byte	0x4a
 995 0790 BA000000 		.4byte	0xba
 996 0794 05       		.uleb128 0x5
 997 0795 03       		.byte	0x3
 998 0796 00000000 		.4byte	typeIdSeller
 999 079a 0A       		.uleb128 0xa
 1000 079b 81000000 		.4byte	0x81
 1001 079f AA070000 		.4byte	0x7aa
 1002 07a3 0B       		.uleb128 0xb
 1003 07a4 C4000000 		.4byte	0xc4
 1004 07a8 07       		.byte	0x7
 1005 07a9 00       		.byte	0
 1006 07aa 10       		.uleb128 0x10
ARM GAS  C:\Users\RECEPC~1\AppData\Local\Temp\ccMOz6Sg.s 			page 19


 1007 07ab 56020000 		.4byte	.LASF109
 1008 07af 05       		.byte	0x5
 1009 07b0 4B       		.byte	0x4b
 1010 07b1 BB070000 		.4byte	0x7bb
 1011 07b5 05       		.uleb128 0x5
 1012 07b6 03       		.byte	0x3
 1013 07b7 00000000 		.4byte	passwordSeller
 1014 07bb 06       		.uleb128 0x6
 1015 07bc 9A070000 		.4byte	0x79a
 1016 07c0 10       		.uleb128 0x10
 1017 07c1 2D060000 		.4byte	.LASF110
 1018 07c5 05       		.byte	0x5
 1019 07c6 4C       		.byte	0x4c
 1020 07c7 BA000000 		.4byte	0xba
 1021 07cb 05       		.uleb128 0x5
 1022 07cc 03       		.byte	0x3
 1023 07cd 00000000 		.4byte	flagResetMux
 1024 07d1 10       		.uleb128 0x10
 1025 07d2 99040000 		.4byte	.LASF111
 1026 07d6 05       		.byte	0x5
 1027 07d7 4D       		.byte	0x4d
 1028 07d8 BA000000 		.4byte	0xba
 1029 07dc 05       		.uleb128 0x5
 1030 07dd 03       		.byte	0x3
 1031 07de 00000000 		.4byte	stateBeagleSoft
 1032 07e2 10       		.uleb128 0x10
 1033 07e3 ED040000 		.4byte	.LASF112
 1034 07e7 05       		.byte	0x5
 1035 07e8 8B       		.byte	0x8b
 1036 07e9 CB000000 		.4byte	0xcb
 1037 07ed 05       		.uleb128 0x5
 1038 07ee 03       		.byte	0x3
 1039 07ef 00000000 		.4byte	bufferLCD1
 1040 07f3 10       		.uleb128 0x10
 1041 07f4 F8040000 		.4byte	.LASF113
 1042 07f8 05       		.byte	0x5
 1043 07f9 8C       		.byte	0x8c
 1044 07fa CB000000 		.4byte	0xcb
 1045 07fe 05       		.uleb128 0x5
 1046 07ff 03       		.byte	0x3
 1047 0800 00000000 		.4byte	bufferLCD2
 1048 0804 10       		.uleb128 0x10
 1049 0805 05060000 		.4byte	.LASF114
 1050 0809 05       		.byte	0x5
 1051 080a A5       		.byte	0xa5
 1052 080b D3040000 		.4byte	0x4d3
 1053 080f 05       		.uleb128 0x5
 1054 0810 03       		.byte	0x3
 1055 0811 00000000 		.4byte	side
 1056 0815 00       		.byte	0
 1057              		.section	.debug_abbrev,"",%progbits
 1058              	.Ldebug_abbrev0:
 1059 0000 01       		.uleb128 0x1
 1060 0001 11       		.uleb128 0x11
 1061 0002 01       		.byte	0x1
 1062 0003 25       		.uleb128 0x25
 1063 0004 0E       		.uleb128 0xe
ARM GAS  C:\Users\RECEPC~1\AppData\Local\Temp\ccMOz6Sg.s 			page 20


 1064 0005 13       		.uleb128 0x13
 1065 0006 0B       		.uleb128 0xb
 1066 0007 03       		.uleb128 0x3
 1067 0008 0E       		.uleb128 0xe
 1068 0009 1B       		.uleb128 0x1b
 1069 000a 0E       		.uleb128 0xe
 1070 000b 55       		.uleb128 0x55
 1071 000c 17       		.uleb128 0x17
 1072 000d 11       		.uleb128 0x11
 1073 000e 01       		.uleb128 0x1
 1074 000f 10       		.uleb128 0x10
 1075 0010 17       		.uleb128 0x17
 1076 0011 00       		.byte	0
 1077 0012 00       		.byte	0
 1078 0013 02       		.uleb128 0x2
 1079 0014 24       		.uleb128 0x24
 1080 0015 00       		.byte	0
 1081 0016 0B       		.uleb128 0xb
 1082 0017 0B       		.uleb128 0xb
 1083 0018 3E       		.uleb128 0x3e
 1084 0019 0B       		.uleb128 0xb
 1085 001a 03       		.uleb128 0x3
 1086 001b 0E       		.uleb128 0xe
 1087 001c 00       		.byte	0
 1088 001d 00       		.byte	0
 1089 001e 03       		.uleb128 0x3
 1090 001f 16       		.uleb128 0x16
 1091 0020 00       		.byte	0
 1092 0021 03       		.uleb128 0x3
 1093 0022 0E       		.uleb128 0xe
 1094 0023 3A       		.uleb128 0x3a
 1095 0024 0B       		.uleb128 0xb
 1096 0025 3B       		.uleb128 0x3b
 1097 0026 0B       		.uleb128 0xb
 1098 0027 49       		.uleb128 0x49
 1099 0028 13       		.uleb128 0x13
 1100 0029 00       		.byte	0
 1101 002a 00       		.byte	0
 1102 002b 04       		.uleb128 0x4
 1103 002c 24       		.uleb128 0x24
 1104 002d 00       		.byte	0
 1105 002e 0B       		.uleb128 0xb
 1106 002f 0B       		.uleb128 0xb
 1107 0030 3E       		.uleb128 0x3e
 1108 0031 0B       		.uleb128 0xb
 1109 0032 03       		.uleb128 0x3
 1110 0033 08       		.uleb128 0x8
 1111 0034 00       		.byte	0
 1112 0035 00       		.byte	0
 1113 0036 05       		.uleb128 0x5
 1114 0037 16       		.uleb128 0x16
 1115 0038 00       		.byte	0
 1116 0039 03       		.uleb128 0x3
 1117 003a 0E       		.uleb128 0xe
 1118 003b 3A       		.uleb128 0x3a
 1119 003c 0B       		.uleb128 0xb
 1120 003d 3B       		.uleb128 0x3b
ARM GAS  C:\Users\RECEPC~1\AppData\Local\Temp\ccMOz6Sg.s 			page 21


 1121 003e 05       		.uleb128 0x5
 1122 003f 49       		.uleb128 0x49
 1123 0040 13       		.uleb128 0x13
 1124 0041 00       		.byte	0
 1125 0042 00       		.byte	0
 1126 0043 06       		.uleb128 0x6
 1127 0044 35       		.uleb128 0x35
 1128 0045 00       		.byte	0
 1129 0046 49       		.uleb128 0x49
 1130 0047 13       		.uleb128 0x13
 1131 0048 00       		.byte	0
 1132 0049 00       		.byte	0
 1133 004a 07       		.uleb128 0x7
 1134 004b 13       		.uleb128 0x13
 1135 004c 01       		.byte	0x1
 1136 004d 03       		.uleb128 0x3
 1137 004e 0E       		.uleb128 0xe
 1138 004f 0B       		.uleb128 0xb
 1139 0050 05       		.uleb128 0x5
 1140 0051 3A       		.uleb128 0x3a
 1141 0052 0B       		.uleb128 0xb
 1142 0053 3B       		.uleb128 0x3b
 1143 0054 0B       		.uleb128 0xb
 1144 0055 01       		.uleb128 0x1
 1145 0056 13       		.uleb128 0x13
 1146 0057 00       		.byte	0
 1147 0058 00       		.byte	0
 1148 0059 08       		.uleb128 0x8
 1149 005a 0D       		.uleb128 0xd
 1150 005b 00       		.byte	0
 1151 005c 03       		.uleb128 0x3
 1152 005d 0E       		.uleb128 0xe
 1153 005e 3A       		.uleb128 0x3a
 1154 005f 0B       		.uleb128 0xb
 1155 0060 3B       		.uleb128 0x3b
 1156 0061 0B       		.uleb128 0xb
 1157 0062 49       		.uleb128 0x49
 1158 0063 13       		.uleb128 0x13
 1159 0064 38       		.uleb128 0x38
 1160 0065 0B       		.uleb128 0xb
 1161 0066 00       		.byte	0
 1162 0067 00       		.byte	0
 1163 0068 09       		.uleb128 0x9
 1164 0069 0D       		.uleb128 0xd
 1165 006a 00       		.byte	0
 1166 006b 03       		.uleb128 0x3
 1167 006c 0E       		.uleb128 0xe
 1168 006d 3A       		.uleb128 0x3a
 1169 006e 0B       		.uleb128 0xb
 1170 006f 3B       		.uleb128 0x3b
 1171 0070 0B       		.uleb128 0xb
 1172 0071 49       		.uleb128 0x49
 1173 0072 13       		.uleb128 0x13
 1174 0073 38       		.uleb128 0x38
 1175 0074 05       		.uleb128 0x5
 1176 0075 00       		.byte	0
 1177 0076 00       		.byte	0
ARM GAS  C:\Users\RECEPC~1\AppData\Local\Temp\ccMOz6Sg.s 			page 22


 1178 0077 0A       		.uleb128 0xa
 1179 0078 01       		.uleb128 0x1
 1180 0079 01       		.byte	0x1
 1181 007a 49       		.uleb128 0x49
 1182 007b 13       		.uleb128 0x13
 1183 007c 01       		.uleb128 0x1
 1184 007d 13       		.uleb128 0x13
 1185 007e 00       		.byte	0
 1186 007f 00       		.byte	0
 1187 0080 0B       		.uleb128 0xb
 1188 0081 21       		.uleb128 0x21
 1189 0082 00       		.byte	0
 1190 0083 49       		.uleb128 0x49
 1191 0084 13       		.uleb128 0x13
 1192 0085 2F       		.uleb128 0x2f
 1193 0086 0B       		.uleb128 0xb
 1194 0087 00       		.byte	0
 1195 0088 00       		.byte	0
 1196 0089 0C       		.uleb128 0xc
 1197 008a 0D       		.uleb128 0xd
 1198 008b 00       		.byte	0
 1199 008c 03       		.uleb128 0x3
 1200 008d 08       		.uleb128 0x8
 1201 008e 3A       		.uleb128 0x3a
 1202 008f 0B       		.uleb128 0xb
 1203 0090 3B       		.uleb128 0x3b
 1204 0091 0B       		.uleb128 0xb
 1205 0092 49       		.uleb128 0x49
 1206 0093 13       		.uleb128 0x13
 1207 0094 38       		.uleb128 0x38
 1208 0095 0B       		.uleb128 0xb
 1209 0096 00       		.byte	0
 1210 0097 00       		.byte	0
 1211 0098 0D       		.uleb128 0xd
 1212 0099 0D       		.uleb128 0xd
 1213 009a 00       		.byte	0
 1214 009b 03       		.uleb128 0x3
 1215 009c 08       		.uleb128 0x8
 1216 009d 3A       		.uleb128 0x3a
 1217 009e 0B       		.uleb128 0xb
 1218 009f 3B       		.uleb128 0x3b
 1219 00a0 0B       		.uleb128 0xb
 1220 00a1 49       		.uleb128 0x49
 1221 00a2 13       		.uleb128 0x13
 1222 00a3 38       		.uleb128 0x38
 1223 00a4 05       		.uleb128 0x5
 1224 00a5 00       		.byte	0
 1225 00a6 00       		.byte	0
 1226 00a7 0E       		.uleb128 0xe
 1227 00a8 2E       		.uleb128 0x2e
 1228 00a9 00       		.byte	0
 1229 00aa 3F       		.uleb128 0x3f
 1230 00ab 19       		.uleb128 0x19
 1231 00ac 03       		.uleb128 0x3
 1232 00ad 0E       		.uleb128 0xe
 1233 00ae 3A       		.uleb128 0x3a
 1234 00af 0B       		.uleb128 0xb
ARM GAS  C:\Users\RECEPC~1\AppData\Local\Temp\ccMOz6Sg.s 			page 23


 1235 00b0 3B       		.uleb128 0x3b
 1236 00b1 0B       		.uleb128 0xb
 1237 00b2 11       		.uleb128 0x11
 1238 00b3 01       		.uleb128 0x1
 1239 00b4 12       		.uleb128 0x12
 1240 00b5 06       		.uleb128 0x6
 1241 00b6 40       		.uleb128 0x40
 1242 00b7 18       		.uleb128 0x18
 1243 00b8 9742     		.uleb128 0x2117
 1244 00ba 19       		.uleb128 0x19
 1245 00bb 00       		.byte	0
 1246 00bc 00       		.byte	0
 1247 00bd 0F       		.uleb128 0xf
 1248 00be 34       		.uleb128 0x34
 1249 00bf 00       		.byte	0
 1250 00c0 03       		.uleb128 0x3
 1251 00c1 0E       		.uleb128 0xe
 1252 00c2 3A       		.uleb128 0x3a
 1253 00c3 0B       		.uleb128 0xb
 1254 00c4 3B       		.uleb128 0x3b
 1255 00c5 05       		.uleb128 0x5
 1256 00c6 49       		.uleb128 0x49
 1257 00c7 13       		.uleb128 0x13
 1258 00c8 3F       		.uleb128 0x3f
 1259 00c9 19       		.uleb128 0x19
 1260 00ca 3C       		.uleb128 0x3c
 1261 00cb 19       		.uleb128 0x19
 1262 00cc 00       		.byte	0
 1263 00cd 00       		.byte	0
 1264 00ce 10       		.uleb128 0x10
 1265 00cf 34       		.uleb128 0x34
 1266 00d0 00       		.byte	0
 1267 00d1 03       		.uleb128 0x3
 1268 00d2 0E       		.uleb128 0xe
 1269 00d3 3A       		.uleb128 0x3a
 1270 00d4 0B       		.uleb128 0xb
 1271 00d5 3B       		.uleb128 0x3b
 1272 00d6 0B       		.uleb128 0xb
 1273 00d7 49       		.uleb128 0x49
 1274 00d8 13       		.uleb128 0x13
 1275 00d9 3F       		.uleb128 0x3f
 1276 00da 19       		.uleb128 0x19
 1277 00db 02       		.uleb128 0x2
 1278 00dc 18       		.uleb128 0x18
 1279 00dd 00       		.byte	0
 1280 00de 00       		.byte	0
 1281 00df 00       		.byte	0
 1282              		.section	.debug_aranges,"",%progbits
 1283 0000 1C000000 		.4byte	0x1c
 1284 0004 0200     		.2byte	0x2
 1285 0006 00000000 		.4byte	.Ldebug_info0
 1286 000a 04       		.byte	0x4
 1287 000b 00       		.byte	0
 1288 000c 0000     		.2byte	0
 1289 000e 0000     		.2byte	0
 1290 0010 00000000 		.4byte	.LFB63
 1291 0014 02000000 		.4byte	.LFE63-.LFB63
ARM GAS  C:\Users\RECEPC~1\AppData\Local\Temp\ccMOz6Sg.s 			page 24


 1292 0018 00000000 		.4byte	0
 1293 001c 00000000 		.4byte	0
 1294              		.section	.debug_ranges,"",%progbits
 1295              	.Ldebug_ranges0:
 1296 0000 00000000 		.4byte	.LFB63
 1297 0004 02000000 		.4byte	.LFE63
 1298 0008 00000000 		.4byte	0
 1299 000c 00000000 		.4byte	0
 1300              		.section	.debug_line,"",%progbits
 1301              	.Ldebug_line0:
 1302 0000 74010000 		.section	.debug_str,"MS",%progbits,1
 1302      02005F01 
 1302      00000201 
 1302      FB0E0D00 
 1302      01010101 
 1303              	.LASF54:
 1304 0000 6D6F6E65 		.ascii	"moneyQuota\000"
 1304      7951756F 
 1304      746100
 1305              	.LASF34:
 1306 000b 70726F64 		.ascii	"productType\000"
 1306      75637454 
 1306      79706500 
 1307              	.LASF5:
 1308 0017 6C6F6E67 		.ascii	"long unsigned int\000"
 1308      20756E73 
 1308      69676E65 
 1308      6420696E 
 1308      7400
 1309              	.LASF36:
 1310 0029 64617465 		.ascii	"dateLiftHandle\000"
 1310      4C696674 
 1310      48616E64 
 1310      6C6500
 1311              	.LASF19:
 1312 0038 69645365 		.ascii	"idSerial\000"
 1312      7269616C 
 1312      00
 1313              	.LASF2:
 1314 0041 73686F72 		.ascii	"short int\000"
 1314      7420696E 
 1314      7400
 1315              	.LASF46:
 1316 004b 6C696365 		.ascii	"licenceSale\000"
 1316      6E636553 
 1316      616C6500 
 1317              	.LASF87:
 1318 0057 6E756D62 		.ascii	"numberKeys2\000"
 1318      65724B65 
 1318      79733200 
 1319              	.LASF17:
 1320 0063 73697A65 		.ascii	"sizetype\000"
 1320      74797065 
 1320      00
 1321              	.LASF81:
 1322 006c 636F756E 		.ascii	"countPump\000"
 1322      7450756D 
ARM GAS  C:\Users\RECEPC~1\AppData\Local\Temp\ccMOz6Sg.s 			page 25


 1322      7000
 1323              	.LASF35:
 1324 0076 73746174 		.ascii	"stateMux\000"
 1324      654D7578 
 1324      00
 1325              	.LASF30:
 1326 007f 73616C65 		.ascii	"saleType\000"
 1326      54797065 
 1326      00
 1327              	.LASF66:
 1328 0088 7072696E 		.ascii	"printers\000"
 1328      74657273 
 1328      00
 1329              	.LASF25:
 1330 0091 73657269 		.ascii	"serialSelectedSale\000"
 1330      616C5365 
 1330      6C656374 
 1330      65645361 
 1330      6C6500
 1331              	.LASF85:
 1332 00a4 69704164 		.ascii	"ipAdress\000"
 1332      72657373 
 1332      00
 1333              	.LASF80:
 1334 00ad 636F756E 		.ascii	"countBeagleTX\000"
 1334      74426561 
 1334      676C6554 
 1334      5800
 1335              	.LASF104:
 1336 00bb 74656D70 		.ascii	"temporalCom\000"
 1336      6F72616C 
 1336      436F6D00 
 1337              	.LASF56:
 1338 00c7 70707551 		.ascii	"ppuQuota\000"
 1338      756F7461 
 1338      00
 1339              	.LASF69:
 1340 00d0 706F7369 		.ascii	"position\000"
 1340      74696F6E 
 1340      00
 1341              	.LASF100:
 1342 00d9 64617465 		.ascii	"date\000"
 1342      00
 1343              	.LASF33:
 1344 00de 70726573 		.ascii	"presetValue\000"
 1344      65745661 
 1344      6C756500 
 1345              	.LASF21:
 1346 00ea 77617954 		.ascii	"wayToPay\000"
 1346      6F506179 
 1346      00
 1347              	.LASF31:
 1348 00f3 73616C65 		.ascii	"salePerform\000"
 1348      50657266 
 1348      6F726D00 
 1349              	.LASF47:
 1350 00ff 6D696C65 		.ascii	"mileageSale\000"
ARM GAS  C:\Users\RECEPC~1\AppData\Local\Temp\ccMOz6Sg.s 			page 26


 1350      61676553 
 1350      616C6500 
 1351              	.LASF18:
 1352 010b 69645479 		.ascii	"idType\000"
 1352      706500
 1353              	.LASF11:
 1354 0112 75696E74 		.ascii	"uint8\000"
 1354      3800
 1355              	.LASF107:
 1356 0118 69645365 		.ascii	"idSeller\000"
 1356      6C6C6572 
 1356      00
 1357              	.LASF118:
 1358 0121 44697370 		.ascii	"DispenserAcquireConfiguration\000"
 1358      656E7365 
 1358      72416371 
 1358      75697265 
 1358      436F6E66 
 1359              	.LASF0:
 1360 013f 7369676E 		.ascii	"signed char\000"
 1360      65642063 
 1360      68617200 
 1361              	.LASF70:
 1362 014b 746F7461 		.ascii	"totalsHandle\000"
 1362      6C734861 
 1362      6E646C65 
 1362      00
 1363              	.LASF13:
 1364 0158 666C6F61 		.ascii	"float\000"
 1364      7400
 1365              	.LASF96:
 1366 015e 64656369 		.ascii	"decimalMoney\000"
 1366      6D616C4D 
 1366      6F6E6579 
 1366      00
 1367              	.LASF88:
 1368 016b 666C6167 		.ascii	"flagPoint1\000"
 1368      506F696E 
 1368      743100
 1369              	.LASF89:
 1370 0176 666C6167 		.ascii	"flagPoint2\000"
 1370      506F696E 
 1370      743200
 1371              	.LASF6:
 1372 0181 6C6F6E67 		.ascii	"long long int\000"
 1372      206C6F6E 
 1372      6720696E 
 1372      7400
 1373              	.LASF116:
 1374 018f 2E5C4469 		.ascii	".\\Dispenser.c\000"
 1374      7370656E 
 1374      7365722E 
 1374      6300
 1375              	.LASF26:
 1376 019d 6B657962 		.ascii	"keyboardWayToPay\000"
 1376      6F617264 
 1376      57617954 
ARM GAS  C:\Users\RECEPC~1\AppData\Local\Temp\ccMOz6Sg.s 			page 27


 1376      6F506179 
 1376      00
 1377              	.LASF4:
 1378 01ae 6C6F6E67 		.ascii	"long int\000"
 1378      20696E74 
 1378      00
 1379              	.LASF15:
 1380 01b7 75696E74 		.ascii	"uint64\000"
 1380      363400
 1381              	.LASF90:
 1382 01be 62757474 		.ascii	"button\000"
 1382      6F6E00
 1383              	.LASF93:
 1384 01c5 64656C61 		.ascii	"delayPicture1\000"
 1384      79506963 
 1384      74757265 
 1384      3100
 1385              	.LASF94:
 1386 01d3 64656C61 		.ascii	"delayPicture2\000"
 1386      79506963 
 1386      74757265 
 1386      3200
 1387              	.LASF51:
 1388 01e1 666C6167 		.ascii	"flagLiftHandle\000"
 1388      4C696674 
 1388      48616E64 
 1388      6C6500
 1389              	.LASF41:
 1390 01f0 746F7461 		.ascii	"totalVolumePrevious\000"
 1390      6C566F6C 
 1390      756D6550 
 1390      72657669 
 1390      6F757300 
 1391              	.LASF28:
 1392 0204 76616C75 		.ascii	"valueKeys\000"
 1392      654B6579 
 1392      7300
 1393              	.LASF84:
 1394 020e 64696769 		.ascii	"digits\000"
 1394      747300
 1395              	.LASF52:
 1396 0215 666C6167 		.ascii	"flagEndSale\000"
 1396      456E6453 
 1396      616C6500 
 1397              	.LASF71:
 1398 0221 70707541 		.ascii	"ppuAuthorized\000"
 1398      7574686F 
 1398      72697A65 
 1398      6400
 1399              	.LASF43:
 1400 022f 746F7461 		.ascii	"totalMoneyAfter\000"
 1400      6C4D6F6E 
 1400      65794166 
 1400      74657200 
 1401              	.LASF1:
 1402 023f 756E7369 		.ascii	"unsigned char\000"
 1402      676E6564 
ARM GAS  C:\Users\RECEPC~1\AppData\Local\Temp\ccMOz6Sg.s 			page 28


 1402      20636861 
 1402      7200
 1403              	.LASF106:
 1404 024d 6C6F636B 		.ascii	"lockTurn\000"
 1404      5475726E 
 1404      00
 1405              	.LASF109:
 1406 0256 70617373 		.ascii	"passwordSeller\000"
 1406      776F7264 
 1406      53656C6C 
 1406      657200
 1407              	.LASF32:
 1408 0265 70726573 		.ascii	"presetType\000"
 1408      65745479 
 1408      706500
 1409              	.LASF49:
 1410 0270 666C6167 		.ascii	"flagKeyboard\000"
 1410      4B657962 
 1410      6F617264 
 1410      00
 1411              	.LASF92:
 1412 027d 70726573 		.ascii	"presetFast\000"
 1412      65744661 
 1412      737400
 1413              	.LASF59:
 1414 0288 7175616E 		.ascii	"quantityMarket\000"
 1414      74697479 
 1414      4D61726B 
 1414      657400
 1415              	.LASF24:
 1416 0297 6D6F6E65 		.ascii	"moneySelectedSale\000"
 1416      7953656C 
 1416      65637465 
 1416      6453616C 
 1416      6500
 1417              	.LASF86:
 1418 02a9 6E756D62 		.ascii	"numberKeys1\000"
 1418      65724B65 
 1418      79733100 
 1419              	.LASF101:
 1420 02b5 73637265 		.ascii	"screen\000"
 1420      656E00
 1421              	.LASF60:
 1422 02bc 7175616E 		.ascii	"quantAvailableMark\000"
 1422      74417661 
 1422      696C6162 
 1422      6C654D61 
 1422      726B00
 1423              	.LASF97:
 1424 02cf 64656369 		.ascii	"decimalVolume\000"
 1424      6D616C56 
 1424      6F6C756D 
 1424      6500
 1425              	.LASF57:
 1426 02dd 73657269 		.ascii	"serialMarket\000"
 1426      616C4D61 
 1426      726B6574 
ARM GAS  C:\Users\RECEPC~1\AppData\Local\Temp\ccMOz6Sg.s 			page 29


 1426      00
 1427              	.LASF7:
 1428 02ea 6C6F6E67 		.ascii	"long long unsigned int\000"
 1428      206C6F6E 
 1428      6720756E 
 1428      7369676E 
 1428      65642069 
 1429              	.LASF95:
 1430 0301 70707578 		.ascii	"ppux10\000"
 1430      313000
 1431              	.LASF40:
 1432 0308 746F7461 		.ascii	"totalMoneyPrevious\000"
 1432      6C4D6F6E 
 1432      65795072 
 1432      6576696F 
 1432      757300
 1433              	.LASF8:
 1434 031b 756E7369 		.ascii	"unsigned int\000"
 1434      676E6564 
 1434      20696E74 
 1434      00
 1435              	.LASF74:
 1436 0328 70707553 		.ascii	"ppuSale\000"
 1436      616C6500 
 1437              	.LASF48:
 1438 0330 6964656E 		.ascii	"identySale\000"
 1438      74795361 
 1438      6C6500
 1439              	.LASF62:
 1440 033b 70726963 		.ascii	"priceUnitMarket\000"
 1440      65556E69 
 1440      744D6172 
 1440      6B657400 
 1441              	.LASF105:
 1442 034b 7475726E 		.ascii	"turn\000"
 1442      00
 1443              	.LASF44:
 1444 0350 746F7461 		.ascii	"totalVolumeAfter\000"
 1444      6C566F6C 
 1444      756D6541 
 1444      66746572 
 1444      00
 1445              	.LASF82:
 1446 0361 666C6F77 		.ascii	"flowLCD1\000"
 1446      4C434431 
 1446      00
 1447              	.LASF99:
 1448 036a 74696D65 		.ascii	"time\000"
 1448      00
 1449              	.LASF58:
 1450 036f 70726F64 		.ascii	"productMarket\000"
 1450      7563744D 
 1450      61726B65 
 1450      7400
 1451              	.LASF73:
 1452 037d 766F6C75 		.ascii	"volumeSale\000"
 1452      6D655361 
ARM GAS  C:\Users\RECEPC~1\AppData\Local\Temp\ccMOz6Sg.s 			page 30


 1452      6C6500
 1453              	.LASF55:
 1454 0388 766F6C75 		.ascii	"volumeQuota\000"
 1454      6D655175 
 1454      6F746100 
 1455              	.LASF50:
 1456 0394 666C6167 		.ascii	"flagPayment\000"
 1456      5061796D 
 1456      656E7400 
 1457              	.LASF72:
 1458 03a0 6D6F6E65 		.ascii	"moneySale\000"
 1458      7953616C 
 1458      6500
 1459              	.LASF22:
 1460 03aa 666C6167 		.ascii	"flagWayToPayMixed\000"
 1460      57617954 
 1460      6F506179 
 1460      4D697865 
 1460      6400
 1461              	.LASF16:
 1462 03bc 63686172 		.ascii	"char\000"
 1462      00
 1463              	.LASF98:
 1464 03c1 73796D62 		.ascii	"symbols\000"
 1464      6F6C7300 
 1465              	.LASF115:
 1466 03c9 474E5520 		.ascii	"GNU C 4.9.3 20150303 (release) [ARM/embedded-4_9-br"
 1466      4320342E 
 1466      392E3320 
 1466      32303135 
 1466      30333033 
 1467 03fc 616E6368 		.ascii	"anch revision 221220] -mcpu=cortex-m3 -mthumb -g -O"
 1467      20726576 
 1467      6973696F 
 1467      6E203232 
 1467      31323230 
 1468 042f 67202D66 		.ascii	"g -ffunction-sections -ffat-lto-objects\000"
 1468      66756E63 
 1468      74696F6E 
 1468      2D736563 
 1468      74696F6E 
 1469              	.LASF10:
 1470 0457 696E7433 		.ascii	"int32_t\000"
 1470      325F7400 
 1471              	.LASF38:
 1472 045f 74696D65 		.ascii	"timeLiftHandle\000"
 1472      4C696674 
 1472      48616E64 
 1472      6C6500
 1473              	.LASF45:
 1474 046e 746F7461 		.ascii	"totalPPUAfter\000"
 1474      6C505055 
 1474      41667465 
 1474      7200
 1475              	.LASF83:
 1476 047c 666C6F77 		.ascii	"flowLCD2\000"
 1476      4C434432 
ARM GAS  C:\Users\RECEPC~1\AppData\Local\Temp\ccMOz6Sg.s 			page 31


 1476      00
 1477              	.LASF37:
 1478 0485 64617465 		.ascii	"dateDownHandle\000"
 1478      446F776E 
 1478      48616E64 
 1478      6C6500
 1479              	.LASF76:
 1480 0494 70756D70 		.ascii	"pump\000"
 1480      00
 1481              	.LASF111:
 1482 0499 73746174 		.ascii	"stateBeagleSoft\000"
 1482      65426561 
 1482      676C6553 
 1482      6F667400 
 1483              	.LASF68:
 1484 04a9 62756666 		.ascii	"buffer\000"
 1484      657200
 1485              	.LASF3:
 1486 04b0 73686F72 		.ascii	"short unsigned int\000"
 1486      7420756E 
 1486      7369676E 
 1486      65642069 
 1486      6E7400
 1487              	.LASF12:
 1488 04c3 75696E74 		.ascii	"uint32\000"
 1488      333200
 1489              	.LASF29:
 1490 04ca 76656869 		.ascii	"vehicleType\000"
 1490      636C6554 
 1490      79706500 
 1491              	.LASF53:
 1492 04d6 6D657373 		.ascii	"message\000"
 1492      61676500 
 1493              	.LASF39:
 1494 04de 74696D65 		.ascii	"timeDownHandle\000"
 1494      446F776E 
 1494      48616E64 
 1494      6C6500
 1495              	.LASF112:
 1496 04ed 62756666 		.ascii	"bufferLCD1\000"
 1496      65724C43 
 1496      443100
 1497              	.LASF113:
 1498 04f8 62756666 		.ascii	"bufferLCD2\000"
 1498      65724C43 
 1498      443200
 1499              	.LASF102:
 1500 0503 72657369 		.ascii	"residue\000"
 1500      64756500 
 1501              	.LASF64:
 1502 050b 666C6167 		.ascii	"flagProductmarket\000"
 1502      50726F64 
 1502      7563746D 
 1502      61726B65 
 1502      7400
 1503              	.LASF65:
 1504 051d 70726963 		.ascii	"priceConsign\000"
ARM GAS  C:\Users\RECEPC~1\AppData\Local\Temp\ccMOz6Sg.s 			page 32


 1504      65436F6E 
 1504      7369676E 
 1504      00
 1505              	.LASF20:
 1506 052a 69645365 		.ascii	"idSerialCom\000"
 1506      7269616C 
 1506      436F6D00 
 1507              	.LASF67:
 1508 0536 666C6167 		.ascii	"flagChangePPU\000"
 1508      4368616E 
 1508      67655050 
 1508      5500
 1509              	.LASF23:
 1510 0544 73656C65 		.ascii	"selectedSale\000"
 1510      63746564 
 1510      53616C65 
 1510      00
 1511              	.LASF9:
 1512 0551 5F5F696E 		.ascii	"__int32_t\000"
 1512      7433325F 
 1512      7400
 1513              	.LASF27:
 1514 055b 61757468 		.ascii	"authorizationFlag\000"
 1514      6F72697A 
 1514      6174696F 
 1514      6E466C61 
 1514      6700
 1515              	.LASF91:
 1516 056d 70726F64 		.ascii	"productNumber\000"
 1516      7563744E 
 1516      756D6265 
 1516      7200
 1517              	.LASF78:
 1518 057b 636F756E 		.ascii	"countAnimation1\000"
 1518      74416E69 
 1518      6D617469 
 1518      6F6E3100 
 1519              	.LASF79:
 1520 058b 636F756E 		.ascii	"countAnimation2\000"
 1520      74416E69 
 1520      6D617469 
 1520      6F6E3200 
 1521              	.LASF117:
 1522 059b 433A5C55 		.ascii	"C:\\Users\\Recepcion\\Documents\\GitHub\\NSY-DH\\Wo"
 1522      73657273 
 1522      5C526563 
 1522      65706369 
 1522      6F6E5C44 
 1523 05c8 726B7370 		.ascii	"rkspace01\\Design01.cydsn\000"
 1523      61636530 
 1523      315C4465 
 1523      7369676E 
 1523      30312E63 
 1524              	.LASF75:
 1525 05e1 70726F64 		.ascii	"productSale\000"
 1525      75637453 
 1525      616C6500 
ARM GAS  C:\Users\RECEPC~1\AppData\Local\Temp\ccMOz6Sg.s 			page 33


 1526              	.LASF42:
 1527 05ed 746F7461 		.ascii	"totalPPUPrevious\000"
 1527      6C505055 
 1527      50726576 
 1527      696F7573 
 1527      00
 1528              	.LASF14:
 1529 05fe 646F7562 		.ascii	"double\000"
 1529      6C6500
 1530              	.LASF114:
 1531 0605 73696465 		.ascii	"side\000"
 1531      00
 1532              	.LASF77:
 1533 060a 49544D5F 		.ascii	"ITM_RxBuffer\000"
 1533      52784275 
 1533      66666572 
 1533      00
 1534              	.LASF108:
 1535 0617 74797065 		.ascii	"typeIdSeller\000"
 1535      49645365 
 1535      6C6C6572 
 1535      00
 1536              	.LASF103:
 1537 0624 74656D70 		.ascii	"temporal\000"
 1537      6F72616C 
 1537      00
 1538              	.LASF110:
 1539 062d 666C6167 		.ascii	"flagResetMux\000"
 1539      52657365 
 1539      744D7578 
 1539      00
 1540              	.LASF61:
 1541 063a 70726963 		.ascii	"priceTotalMarket\000"
 1541      65546F74 
 1541      616C4D61 
 1541      726B6574 
 1541      00
 1542              	.LASF63:
 1543 064b 746F7461 		.ascii	"totalMarket\000"
 1543      6C4D6172 
 1543      6B657400 
 1544              		.ident	"GCC: (GNU Tools for ARM Embedded Processors) 4.9.3 20150303 (release) [ARM/embedded-4_9-br
