ARM GAS  C:\Users\Lenovo\AppData\Local\Temp\ccsYYXlc.s 			page 1


   1              		.syntax unified
   2              		.cpu cortex-m3
   3              		.fpu softvfp
   4              		.eabi_attribute 20, 1
   5              		.eabi_attribute 21, 1
   6              		.eabi_attribute 23, 3
   7              		.eabi_attribute 24, 1
   8              		.eabi_attribute 25, 1
   9              		.eabi_attribute 26, 1
  10              		.eabi_attribute 30, 1
  11              		.eabi_attribute 34, 1
  12              		.eabi_attribute 18, 4
  13              		.thumb
  14              		.file	"I2C.c"
  15              		.text
  16              	.Ltext0:
  17              		.cfi_sections	.debug_frame
  18              		.section	.text.write_psoc1,"ax",%progbits
  19              		.align	2
  20              		.global	write_psoc1
  21              		.thumb
  22              		.thumb_func
  23              		.type	write_psoc1, %function
  24              	write_psoc1:
  25              	.LFB63:
  26              		.file 1 ".\\I2C.c"
   1:.\I2C.c       **** /*
   2:.\I2C.c       **** ***************************************************************************************************
   3:.\I2C.c       **** *                                           GRP550/700 CODE
   4:.\I2C.c       **** *
   5:.\I2C.c       **** *                             (c) Copyright 2013; Sistemas Insepet LTDA
   6:.\I2C.c       **** *
   7:.\I2C.c       **** *               All rights reserved.  Protected by international copyright laws.
   8:.\I2C.c       **** *               Knowledge of the source code may NOT be used to develop a similar product.
   9:.\I2C.c       **** *               Please help us continue to provide the Embedded community with the finest
  10:.\I2C.c       **** *               software available.  Your honesty is greatly appreciated.
  11:.\I2C.c       **** ***************************************************************************************************
  12:.\I2C.c       **** */
  13:.\I2C.c       **** 
  14:.\I2C.c       **** /*
  15:.\I2C.c       **** ***************************************************************************************************
  16:.\I2C.c       **** *
  17:.\I2C.c       **** *                                             GRP550/700 CODE
  18:.\I2C.c       **** *
  19:.\I2C.c       **** *                                             CYPRESS PSoC5LP
  20:.\I2C.c       **** *                                                with the
  21:.\I2C.c       **** *                                            CY8C5969AXI-LP035
  22:.\I2C.c       **** *
  23:.\I2C.c       **** * Filename      : I2C.c
  24:.\I2C.c       **** * Version       : V1.00
  25:.\I2C.c       **** * Programmer(s) : 
  26:.\I2C.c       ****                   
  27:.\I2C.c       **** ***************************************************************************************************
  28:.\I2C.c       **** */
  29:.\I2C.c       **** 
  30:.\I2C.c       **** 
  31:.\I2C.c       **** /*
ARM GAS  C:\Users\Lenovo\AppData\Local\Temp\ccsYYXlc.s 			page 2


  32:.\I2C.c       **** ***************************************************************************************************
  33:.\I2C.c       **** *                                             INCLUDE FILES
  34:.\I2C.c       **** ***************************************************************************************************
  35:.\I2C.c       **** */
  36:.\I2C.c       **** #include <device.h>
  37:.\I2C.c       **** #include <Variables.h>
  38:.\I2C.c       **** #include "LCD.h"
  39:.\I2C.c       **** 
  40:.\I2C.c       **** 
  41:.\I2C.c       **** 
  42:.\I2C.c       **** /*
  43:.\I2C.c       **** ***************************************************************************************************
  44:.\I2C.c       **** *                                   uint8 write_psoc1( uint8 puerto, uint8 valor )
  45:.\I2C.c       **** *
  46:.\I2C.c       **** * Description : 
  47:.\I2C.c       **** *               
  48:.\I2C.c       **** *
  49:.\I2C.c       **** * Argument(s) : none
  50:.\I2C.c       **** *
  51:.\I2C.c       **** * Return(s)   : none
  52:.\I2C.c       **** *
  53:.\I2C.c       **** * Caller(s)   : 
  54:.\I2C.c       **** *
  55:.\I2C.c       **** * Note(s)     : none.
  56:.\I2C.c       **** ***************************************************************************************************
  57:.\I2C.c       **** */
  58:.\I2C.c       **** 
  59:.\I2C.c       **** uint8 write_psoc1( uint8 puerto, uint8 valor ){
  27              		.loc 1 59 0
  28              		.cfi_startproc
  29              		@ args = 0, pretend = 0, frame = 8
  30              		@ frame_needed = 0, uses_anonymous_args = 0
  31              	.LVL0:
  32 0000 10B5     		push	{r4, lr}
  33              		.cfi_def_cfa_offset 8
  34              		.cfi_offset 4, -8
  35              		.cfi_offset 14, -4
  36 0002 82B0     		sub	sp, sp, #8
  37              		.cfi_def_cfa_offset 16
  60:.\I2C.c       **** 	uint8 status, dato[2],i;
  61:.\I2C.c       **** 	dato[0]=puerto;
  38              		.loc 1 61 0
  39 0004 8DF80400 		strb	r0, [sp, #4]
  62:.\I2C.c       **** 	dato[1]=valor;
  40              		.loc 1 62 0
  41 0008 8DF80510 		strb	r1, [sp, #5]
  63:.\I2C.c       **** 	I2C_Bus_MasterClearStatus();
  42              		.loc 1 63 0
  43 000c FFF7FEFF 		bl	I2C_Bus_MasterClearStatus
  44              	.LVL1:
  64:.\I2C.c       ****     status = I2C_Bus_MasterSendStart(7u, I2C_Bus_WRITE_XFER_MODE);
  45              		.loc 1 64 0
  46 0010 0720     		movs	r0, #7
  47 0012 0021     		movs	r1, #0
  48 0014 FFF7FEFF 		bl	I2C_Bus_MasterSendStart
  49              	.LVL2:
  65:.\I2C.c       ****     if(I2C_Bus_MSTR_NO_ERROR == status) 
ARM GAS  C:\Users\Lenovo\AppData\Local\Temp\ccsYYXlc.s 			page 3


  50              		.loc 1 65 0
  51 0018 58B1     		cbz	r0, .L5
  66:.\I2C.c       ****     {
  67:.\I2C.c       ****         for(i=0; i<2; i++)
  68:.\I2C.c       ****         {
  69:.\I2C.c       ****             status = I2C_Bus_MasterWriteByte(dato[i]);
  70:.\I2C.c       ****             if(status != I2C_Bus_MSTR_NO_ERROR)
  71:.\I2C.c       ****             {
  72:.\I2C.c       ****                 return 0;
  73:.\I2C.c       ****             }
  74:.\I2C.c       ****         }
  75:.\I2C.c       ****     }
  76:.\I2C.c       ****     else{
  77:.\I2C.c       **** 		return 0;
  52              		.loc 1 77 0
  53 001a 0020     		movs	r0, #0
  54              	.LVL3:
  55 001c 11E0     		b	.L3
  56              	.LVL4:
  57              	.L4:
  69:.\I2C.c       ****             if(status != I2C_Bus_MSTR_NO_ERROR)
  58              		.loc 1 69 0
  59 001e 02AB     		add	r3, sp, #8
  60 0020 2344     		add	r3, r3, r4
  61 0022 13F8040C 		ldrb	r0, [r3, #-4]	@ zero_extendqisi2
  62              	.LVL5:
  63 0026 FFF7FEFF 		bl	I2C_Bus_MasterWriteByte
  64              	.LVL6:
  70:.\I2C.c       ****             {
  65              		.loc 1 70 0
  66 002a 48B9     		cbnz	r0, .L6
  67:.\I2C.c       ****         {
  67              		.loc 1 67 0 discriminator 2
  68 002c 0134     		adds	r4, r4, #1
  69              	.LVL7:
  70 002e E4B2     		uxtb	r4, r4
  71              	.LVL8:
  72 0030 00E0     		b	.L2
  73              	.LVL9:
  74              	.L5:
  75 0032 0024     		movs	r4, #0
  76              	.L2:
  77              	.LVL10:
  67:.\I2C.c       ****         {
  78              		.loc 1 67 0 is_stmt 0 discriminator 1
  79 0034 012C     		cmp	r4, #1
  80 0036 F2D9     		bls	.L4
  78:.\I2C.c       ****     }
  79:.\I2C.c       ****     I2C_Bus_MasterSendStop();	
  81              		.loc 1 79 0 is_stmt 1
  82 0038 FFF7FEFF 		bl	I2C_Bus_MasterSendStop
  83              	.LVL11:
  80:.\I2C.c       **** 	return 1;
  84              		.loc 1 80 0
  85 003c 0120     		movs	r0, #1
  86 003e 00E0     		b	.L3
  87              	.LVL12:
ARM GAS  C:\Users\Lenovo\AppData\Local\Temp\ccsYYXlc.s 			page 4


  88              	.L6:
  72:.\I2C.c       ****             }
  89              		.loc 1 72 0
  90 0040 0020     		movs	r0, #0
  91              	.LVL13:
  92              	.L3:
  81:.\I2C.c       **** }
  93              		.loc 1 81 0
  94 0042 02B0     		add	sp, sp, #8
  95              		.cfi_def_cfa_offset 8
  96              		@ sp needed
  97 0044 10BD     		pop	{r4, pc}
  98              		.cfi_endproc
  99              	.LFE63:
 100              		.size	write_psoc1, .-write_psoc1
 101              		.comm	side,1036,4
 102              		.comm	bufferDisplay4,637,4
 103              		.comm	bufferDisplay3,637,4
 104              		.comm	bufferDisplay2,637,4
 105              		.comm	bufferDisplay1,637,4
 106              		.comm	turn,1,1
 107              		.comm	PrinterType,1,1
 108              		.comm	digits,1,1
 109              		.comm	NumPositions,1,1
 110              		.comm	statePump,4,4
 111              		.comm	DDMode,1,1
 112              		.comm	PPUDec,1,1
 113              		.comm	VolDec,1,1
 114              		.comm	MoneyDec,1,1
 115              		.comm	ConversionFactor,1,1
 116              		.comm	UnitType,1,1
 117              		.comm	PlateRequest,1,1
 118              		.comm	PrevStatePump,4,4
 119              		.comm	stateBeagleSoft,1,1
 120              		.comm	flagResetMux,1,1
 121              		.comm	passwordSeller,8,4
 122              		.comm	typeIdSeller,1,1
 123              		.comm	idSeller,25,4
 124              		.comm	lockTurn,1,1
 125              		.comm	temporal,30,4
 126              		.comm	residue,14,4
 127              		.comm	screen,2,4
 128              		.comm	date,3,4
 129              		.comm	time,3,4
 130              		.comm	symbols,2,4
 131              		.comm	decimalVolume,1,1
 132              		.comm	decimalMoney,1,1
 133              		.comm	ppux10,1,1
 134              		.comm	delayPicture2,4,4
 135              		.comm	delayPicture1,4,4
 136              		.comm	productNumber,1,1
 137              		.comm	flagPoint2,1,1
 138              		.comm	flagPoint1,1,1
 139              		.comm	numberKeys2,1,1
 140              		.comm	numberKeys1,1,1
 141              		.comm	flowDisplay4,4,4
 142              		.comm	flowDisplay3,4,4
ARM GAS  C:\Users\Lenovo\AppData\Local\Temp\ccsYYXlc.s 			page 5


 143              		.comm	flowDisplay2,4,4
 144              		.comm	flowDisplay1,4,4
 145              		.comm	countPump,8,8
 146              		.comm	countBeagleTX,8,8
 147              		.comm	countAnimation2,8,8
 148              		.comm	countAnimation1,8,8
 149 0046 00BF     		.text
 150              	.Letext0:
 151              		.file 2 "c:\\program files (x86)\\cypress\\psoc creator\\3.3\\psoc creator\\import\\gnu\\arm\\4.9.
 152              		.file 3 "c:\\program files (x86)\\cypress\\psoc creator\\3.3\\psoc creator\\import\\gnu\\arm\\4.9.
 153              		.file 4 "Generated_Source\\PSoC5/cytypes.h"
 154              		.file 5 "./Variables.h"
 155              		.file 6 "Generated_Source\\PSoC5/core_cm3.h"
 156              		.file 7 "Generated_Source\\PSoC5/I2C_Bus.h"
 157              		.section	.debug_info,"",%progbits
 158              	.Ldebug_info0:
 159 0000 C9090000 		.4byte	0x9c9
 160 0004 0400     		.2byte	0x4
 161 0006 00000000 		.4byte	.Ldebug_abbrev0
 162 000a 04       		.byte	0x4
 163 000b 01       		.uleb128 0x1
 164 000c 9C050000 		.4byte	.LASF137
 165 0010 01       		.byte	0x1
 166 0011 9E060000 		.4byte	.LASF138
 167 0015 79010000 		.4byte	.LASF139
 168 0019 00000000 		.4byte	.Ldebug_ranges0+0
 169 001d 00000000 		.4byte	0
 170 0021 00000000 		.4byte	.Ldebug_line0
 171 0025 02       		.uleb128 0x2
 172 0026 01       		.byte	0x1
 173 0027 06       		.byte	0x6
 174 0028 BE060000 		.4byte	.LASF0
 175 002c 02       		.uleb128 0x2
 176 002d 01       		.byte	0x1
 177 002e 08       		.byte	0x8
 178 002f 8E050000 		.4byte	.LASF1
 179 0033 02       		.uleb128 0x2
 180 0034 02       		.byte	0x2
 181 0035 05       		.byte	0x5
 182 0036 28040000 		.4byte	.LASF2
 183 003a 02       		.uleb128 0x2
 184 003b 02       		.byte	0x2
 185 003c 07       		.byte	0x7
 186 003d D0060000 		.4byte	.LASF3
 187 0041 03       		.uleb128 0x3
 188 0042 75000000 		.4byte	.LASF9
 189 0046 02       		.byte	0x2
 190 0047 3F       		.byte	0x3f
 191 0048 4C000000 		.4byte	0x4c
 192 004c 02       		.uleb128 0x2
 193 004d 04       		.byte	0x4
 194 004e 05       		.byte	0x5
 195 004f 32040000 		.4byte	.LASF4
 196 0053 02       		.uleb128 0x2
 197 0054 04       		.byte	0x4
 198 0055 07       		.byte	0x7
 199 0056 FA040000 		.4byte	.LASF5
ARM GAS  C:\Users\Lenovo\AppData\Local\Temp\ccsYYXlc.s 			page 6


 200 005a 02       		.uleb128 0x2
 201 005b 08       		.byte	0x8
 202 005c 05       		.byte	0x5
 203 005d ED020000 		.4byte	.LASF6
 204 0061 02       		.uleb128 0x2
 205 0062 08       		.byte	0x8
 206 0063 07       		.byte	0x7
 207 0064 10010000 		.4byte	.LASF7
 208 0068 04       		.uleb128 0x4
 209 0069 04       		.byte	0x4
 210 006a 05       		.byte	0x5
 211 006b 696E7400 		.ascii	"int\000"
 212 006f 02       		.uleb128 0x2
 213 0070 04       		.byte	0x4
 214 0071 07       		.byte	0x7
 215 0072 4E000000 		.4byte	.LASF8
 216 0076 03       		.uleb128 0x3
 217 0077 30050000 		.4byte	.LASF10
 218 007b 03       		.byte	0x3
 219 007c 2C       		.byte	0x2c
 220 007d 41000000 		.4byte	0x41
 221 0081 05       		.uleb128 0x5
 222 0082 F9060000 		.4byte	.LASF11
 223 0086 04       		.byte	0x4
 224 0087 3801     		.2byte	0x138
 225 0089 2C000000 		.4byte	0x2c
 226 008d 05       		.uleb128 0x5
 227 008e 85030000 		.4byte	.LASF12
 228 0092 04       		.byte	0x4
 229 0093 3A01     		.2byte	0x13a
 230 0095 53000000 		.4byte	0x53
 231 0099 02       		.uleb128 0x2
 232 009a 04       		.byte	0x4
 233 009b 04       		.byte	0x4
 234 009c FC000000 		.4byte	.LASF13
 235 00a0 02       		.uleb128 0x2
 236 00a1 08       		.byte	0x8
 237 00a2 04       		.byte	0x4
 238 00a3 FF060000 		.4byte	.LASF14
 239 00a7 05       		.uleb128 0x5
 240 00a8 C5040000 		.4byte	.LASF15
 241 00ac 04       		.byte	0x4
 242 00ad 4401     		.2byte	0x144
 243 00af 61000000 		.4byte	0x61
 244 00b3 02       		.uleb128 0x2
 245 00b4 01       		.byte	0x1
 246 00b5 08       		.byte	0x8
 247 00b6 5D020000 		.4byte	.LASF16
 248 00ba 06       		.uleb128 0x6
 249 00bb 81000000 		.4byte	0x81
 250 00bf 06       		.uleb128 0x6
 251 00c0 8D000000 		.4byte	0x8d
 252 00c4 02       		.uleb128 0x2
 253 00c5 04       		.byte	0x4
 254 00c6 07       		.byte	0x7
 255 00c7 F1040000 		.4byte	.LASF17
 256 00cb 07       		.uleb128 0x7
ARM GAS  C:\Users\Lenovo\AppData\Local\Temp\ccsYYXlc.s 			page 7


 257 00cc 81000000 		.4byte	0x81
 258 00d0 DB000000 		.4byte	0xdb
 259 00d4 08       		.uleb128 0x8
 260 00d5 C4000000 		.4byte	0xc4
 261 00d9 03       		.byte	0x3
 262 00da 00       		.byte	0
 263 00db 09       		.uleb128 0x9
 264 00dc 2E000000 		.4byte	.LASF68
 265 00e0 7D02     		.2byte	0x27d
 266 00e2 05       		.byte	0x5
 267 00e3 5C       		.byte	0x5c
 268 00e4 56030000 		.4byte	0x356
 269 00e8 0A       		.uleb128 0xa
 270 00e9 96000000 		.4byte	.LASF18
 271 00ed 05       		.byte	0x5
 272 00ee 5D       		.byte	0x5d
 273 00ef 81000000 		.4byte	0x81
 274 00f3 00       		.byte	0
 275 00f4 0A       		.uleb128 0xa
 276 00f5 53010000 		.4byte	.LASF19
 277 00f9 05       		.byte	0x5
 278 00fa 5E       		.byte	0x5e
 279 00fb 56030000 		.4byte	0x356
 280 00ff 01       		.byte	0x1
 281 0100 0A       		.uleb128 0xa
 282 0101 06070000 		.4byte	.LASF20
 283 0105 05       		.byte	0x5
 284 0106 5F       		.byte	0x5f
 285 0107 81000000 		.4byte	0x81
 286 010b 1A       		.byte	0x1a
 287 010c 0A       		.uleb128 0xa
 288 010d 7C050000 		.4byte	.LASF21
 289 0111 05       		.byte	0x5
 290 0112 60       		.byte	0x60
 291 0113 81000000 		.4byte	0x81
 292 0117 1B       		.byte	0x1b
 293 0118 0A       		.uleb128 0xa
 294 0119 A9000000 		.4byte	.LASF22
 295 011d 05       		.byte	0x5
 296 011e 61       		.byte	0x61
 297 011f 66030000 		.4byte	0x366
 298 0123 1C       		.byte	0x1c
 299 0124 0A       		.uleb128 0xa
 300 0125 F5030000 		.4byte	.LASF23
 301 0129 05       		.byte	0x5
 302 012a 62       		.byte	0x62
 303 012b 66030000 		.4byte	0x366
 304 012f 26       		.byte	0x26
 305 0130 0A       		.uleb128 0xa
 306 0131 2C070000 		.4byte	.LASF24
 307 0135 05       		.byte	0x5
 308 0136 63       		.byte	0x63
 309 0137 56030000 		.4byte	0x356
 310 013b 30       		.byte	0x30
 311 013c 0A       		.uleb128 0xa
 312 013d BF030000 		.4byte	.LASF25
 313 0141 05       		.byte	0x5
ARM GAS  C:\Users\Lenovo\AppData\Local\Temp\ccsYYXlc.s 			page 8


 314 0142 64       		.byte	0x64
 315 0143 81000000 		.4byte	0x81
 316 0147 49       		.byte	0x49
 317 0148 0A       		.uleb128 0xa
 318 0149 2A060000 		.4byte	.LASF26
 319 014d 05       		.byte	0x5
 320 014e 65       		.byte	0x65
 321 014f 81000000 		.4byte	0x81
 322 0153 4A       		.byte	0x4a
 323 0154 0A       		.uleb128 0xa
 324 0155 53020000 		.4byte	.LASF27
 325 0159 05       		.byte	0x5
 326 015a 66       		.byte	0x66
 327 015b 76030000 		.4byte	0x376
 328 015f 4B       		.byte	0x4b
 329 0160 0A       		.uleb128 0xa
 330 0161 6C030000 		.4byte	.LASF28
 331 0165 05       		.byte	0x5
 332 0166 67       		.byte	0x67
 333 0167 81000000 		.4byte	0x81
 334 016b 60       		.byte	0x60
 335 016c 0A       		.uleb128 0xa
 336 016d 4A020000 		.4byte	.LASF29
 337 0171 05       		.byte	0x5
 338 0172 68       		.byte	0x68
 339 0173 81000000 		.4byte	0x81
 340 0177 61       		.byte	0x61
 341 0178 0A       		.uleb128 0xa
 342 0179 42000000 		.4byte	.LASF30
 343 017d 05       		.byte	0x5
 344 017e 69       		.byte	0x69
 345 017f 81000000 		.4byte	0x81
 346 0183 62       		.byte	0x62
 347 0184 0A       		.uleb128 0xa
 348 0185 6B060000 		.4byte	.LASF31
 349 0189 05       		.byte	0x5
 350 018a 6A       		.byte	0x6a
 351 018b 86030000 		.4byte	0x386
 352 018f 63       		.byte	0x63
 353 0190 0A       		.uleb128 0xa
 354 0191 2E020000 		.4byte	.LASF32
 355 0195 05       		.byte	0x5
 356 0196 6B       		.byte	0x6b
 357 0197 96030000 		.4byte	0x396
 358 019b 65       		.byte	0x65
 359 019c 0A       		.uleb128 0xa
 360 019d 47010000 		.4byte	.LASF33
 361 01a1 05       		.byte	0x5
 362 01a2 6C       		.byte	0x6c
 363 01a3 81000000 		.4byte	0x81
 364 01a7 79       		.byte	0x79
 365 01a8 0A       		.uleb128 0xa
 366 01a9 E8040000 		.4byte	.LASF34
 367 01ad 05       		.byte	0x5
 368 01ae 6D       		.byte	0x6d
 369 01af AC030000 		.4byte	0x3ac
 370 01b3 7A       		.byte	0x7a
ARM GAS  C:\Users\Lenovo\AppData\Local\Temp\ccsYYXlc.s 			page 9


 371 01b4 0A       		.uleb128 0xa
 372 01b5 5D040000 		.4byte	.LASF35
 373 01b9 05       		.byte	0x5
 374 01ba 6E       		.byte	0x6e
 375 01bb BC030000 		.4byte	0x3bc
 376 01bf 7F       		.byte	0x7f
 377 01c0 0A       		.uleb128 0xa
 378 01c1 6A010000 		.4byte	.LASF36
 379 01c5 05       		.byte	0x5
 380 01c6 6F       		.byte	0x6f
 381 01c7 BC030000 		.4byte	0x3bc
 382 01cb 85       		.byte	0x85
 383 01cc 0A       		.uleb128 0xa
 384 01cd 0F070000 		.4byte	.LASF37
 385 01d1 05       		.byte	0x5
 386 01d2 70       		.byte	0x70
 387 01d3 BC030000 		.4byte	0x3bc
 388 01d7 8B       		.byte	0x8b
 389 01d8 0A       		.uleb128 0xa
 390 01d9 5D030000 		.4byte	.LASF38
 391 01dd 05       		.byte	0x5
 392 01de 71       		.byte	0x71
 393 01df BC030000 		.4byte	0x3bc
 394 01e3 91       		.byte	0x91
 395 01e4 0A       		.uleb128 0xa
 396 01e5 D7030000 		.4byte	.LASF39
 397 01e9 05       		.byte	0x5
 398 01ea 72       		.byte	0x72
 399 01eb CC030000 		.4byte	0x3cc
 400 01ef 97       		.byte	0x97
 401 01f0 0A       		.uleb128 0xa
 402 01f1 27010000 		.4byte	.LASF40
 403 01f5 05       		.byte	0x5
 404 01f6 73       		.byte	0x73
 405 01f7 CC030000 		.4byte	0x3cc
 406 01fb A5       		.byte	0xa5
 407 01fc 0A       		.uleb128 0xa
 408 01fd 30030000 		.4byte	.LASF41
 409 0201 05       		.byte	0x5
 410 0202 74       		.byte	0x74
 411 0203 CC030000 		.4byte	0x3cc
 412 0207 B3       		.byte	0xb3
 413 0208 0A       		.uleb128 0xa
 414 0209 BF020000 		.4byte	.LASF42
 415 020d 05       		.byte	0x5
 416 020e 75       		.byte	0x75
 417 020f CC030000 		.4byte	0x3cc
 418 0213 C1       		.byte	0xc1
 419 0214 0A       		.uleb128 0xa
 420 0215 AB040000 		.4byte	.LASF43
 421 0219 05       		.byte	0x5
 422 021a 76       		.byte	0x76
 423 021b CC030000 		.4byte	0x3cc
 424 021f CF       		.byte	0xcf
 425 0220 0A       		.uleb128 0xa
 426 0221 B1030000 		.4byte	.LASF44
 427 0225 05       		.byte	0x5
ARM GAS  C:\Users\Lenovo\AppData\Local\Temp\ccsYYXlc.s 			page 10


 428 0226 77       		.byte	0x77
 429 0227 CC030000 		.4byte	0x3cc
 430 022b DD       		.byte	0xdd
 431 022c 0A       		.uleb128 0xa
 432 022d 0F040000 		.4byte	.LASF45
 433 0231 05       		.byte	0x5
 434 0232 78       		.byte	0x78
 435 0233 DC030000 		.4byte	0x3dc
 436 0237 EB       		.byte	0xeb
 437 0238 0A       		.uleb128 0xa
 438 0239 BC010000 		.4byte	.LASF46
 439 023d 05       		.byte	0x5
 440 023e 79       		.byte	0x79
 441 023f DC030000 		.4byte	0x3dc
 442 0243 F6       		.byte	0xf6
 443 0244 0B       		.uleb128 0xb
 444 0245 3F020000 		.4byte	.LASF47
 445 0249 05       		.byte	0x5
 446 024a 7A       		.byte	0x7a
 447 024b DC030000 		.4byte	0x3dc
 448 024f 0101     		.2byte	0x101
 449 0251 0B       		.uleb128 0xb
 450 0252 78030000 		.4byte	.LASF48
 451 0256 05       		.byte	0x5
 452 0257 7B       		.byte	0x7b
 453 0258 81000000 		.4byte	0x81
 454 025c 0C01     		.2byte	0x10c
 455 025e 0B       		.uleb128 0xb
 456 025f AA020000 		.4byte	.LASF49
 457 0263 05       		.byte	0x5
 458 0264 7C       		.byte	0x7c
 459 0265 81000000 		.4byte	0x81
 460 0269 0D01     		.2byte	0x10d
 461 026b 0B       		.uleb128 0xb
 462 026c 7F000000 		.4byte	.LASF50
 463 0270 05       		.byte	0x5
 464 0271 7D       		.byte	0x7d
 465 0272 81000000 		.4byte	0x81
 466 0276 0E01     		.2byte	0x10e
 467 0278 0B       		.uleb128 0xb
 468 0279 51040000 		.4byte	.LASF51
 469 027d 05       		.byte	0x5
 470 027e 7E       		.byte	0x7e
 471 027f 81000000 		.4byte	0x81
 472 0283 0F01     		.2byte	0x10f
 473 0285 0B       		.uleb128 0xb
 474 0286 1C000000 		.4byte	.LASF52
 475 028a 05       		.byte	0x5
 476 028b 7F       		.byte	0x7f
 477 028c EC030000 		.4byte	0x3ec
 478 0290 1001     		.2byte	0x110
 479 0292 0B       		.uleb128 0xb
 480 0293 CF020000 		.4byte	.LASF53
 481 0297 05       		.byte	0x5
 482 0298 80       		.byte	0x80
 483 0299 66030000 		.4byte	0x366
 484 029d 5101     		.2byte	0x151
ARM GAS  C:\Users\Lenovo\AppData\Local\Temp\ccsYYXlc.s 			page 11


 485 029f 0B       		.uleb128 0xb
 486 02a0 D7000000 		.4byte	.LASF54
 487 02a4 05       		.byte	0x5
 488 02a5 81       		.byte	0x81
 489 02a6 66030000 		.4byte	0x366
 490 02aa 5B01     		.2byte	0x15b
 491 02ac 0B       		.uleb128 0xb
 492 02ad B6020000 		.4byte	.LASF55
 493 02b1 05       		.byte	0x5
 494 02b2 82       		.byte	0x82
 495 02b3 66030000 		.4byte	0x366
 496 02b7 6501     		.2byte	0x165
 497 02b9 0B       		.uleb128 0xb
 498 02ba 14020000 		.4byte	.LASF56
 499 02be 05       		.byte	0x5
 500 02bf 83       		.byte	0x83
 501 02c0 FC030000 		.4byte	0x3fc
 502 02c4 6F01     		.2byte	0x16f
 503 02c6 0B       		.uleb128 0xb
 504 02c7 5B000000 		.4byte	.LASF57
 505 02cb 05       		.byte	0x5
 506 02cc 84       		.byte	0x84
 507 02cd FC030000 		.4byte	0x3fc
 508 02d1 BA01     		.2byte	0x1ba
 509 02d3 0B       		.uleb128 0xb
 510 02d4 B6000000 		.4byte	.LASF58
 511 02d8 05       		.byte	0x5
 512 02d9 85       		.byte	0x85
 513 02da 12040000 		.4byte	0x412
 514 02de 0502     		.2byte	0x205
 515 02e0 0B       		.uleb128 0xb
 516 02e1 4F050000 		.4byte	.LASF59
 517 02e5 05       		.byte	0x5
 518 02e6 86       		.byte	0x86
 519 02e7 12040000 		.4byte	0x412
 520 02eb 1402     		.2byte	0x214
 521 02ed 0B       		.uleb128 0xb
 522 02ee 3C060000 		.4byte	.LASF60
 523 02f2 05       		.byte	0x5
 524 02f3 87       		.byte	0x87
 525 02f4 28040000 		.4byte	0x428
 526 02f8 2302     		.2byte	0x223
 527 02fa 0B       		.uleb128 0xb
 528 02fb 76060000 		.4byte	.LASF61
 529 02ff 05       		.byte	0x5
 530 0300 88       		.byte	0x88
 531 0301 28040000 		.4byte	0x428
 532 0305 4102     		.2byte	0x241
 533 0307 0B       		.uleb128 0xb
 534 0308 51030000 		.4byte	.LASF62
 535 030c 05       		.byte	0x5
 536 030d 89       		.byte	0x89
 537 030e 66030000 		.4byte	0x366
 538 0312 5F02     		.2byte	0x25f
 539 0314 0B       		.uleb128 0xb
 540 0315 1E050000 		.4byte	.LASF63
 541 0319 05       		.byte	0x5
ARM GAS  C:\Users\Lenovo\AppData\Local\Temp\ccsYYXlc.s 			page 12


 542 031a 8A       		.byte	0x8a
 543 031b 81000000 		.4byte	0x81
 544 031f 6902     		.2byte	0x269
 545 0321 0B       		.uleb128 0xb
 546 0322 1B040000 		.4byte	.LASF64
 547 0326 05       		.byte	0x5
 548 0327 8B       		.byte	0x8b
 549 0328 3E040000 		.4byte	0x43e
 550 032c 6A02     		.2byte	0x26a
 551 032e 0B       		.uleb128 0xb
 552 032f DA020000 		.4byte	.LASF65
 553 0333 05       		.byte	0x5
 554 0334 8C       		.byte	0x8c
 555 0335 86030000 		.4byte	0x386
 556 0339 7902     		.2byte	0x279
 557 033b 0B       		.uleb128 0xb
 558 033c C8010000 		.4byte	.LASF66
 559 0340 05       		.byte	0x5
 560 0341 8D       		.byte	0x8d
 561 0342 81000000 		.4byte	0x81
 562 0346 7B02     		.2byte	0x27b
 563 0348 0B       		.uleb128 0xb
 564 0349 D6010000 		.4byte	.LASF67
 565 034d 05       		.byte	0x5
 566 034e 8E       		.byte	0x8e
 567 034f 81000000 		.4byte	0x81
 568 0353 7C02     		.2byte	0x27c
 569 0355 00       		.byte	0
 570 0356 07       		.uleb128 0x7
 571 0357 81000000 		.4byte	0x81
 572 035b 66030000 		.4byte	0x366
 573 035f 08       		.uleb128 0x8
 574 0360 C4000000 		.4byte	0xc4
 575 0364 18       		.byte	0x18
 576 0365 00       		.byte	0
 577 0366 07       		.uleb128 0x7
 578 0367 81000000 		.4byte	0x81
 579 036b 76030000 		.4byte	0x376
 580 036f 08       		.uleb128 0x8
 581 0370 C4000000 		.4byte	0xc4
 582 0374 09       		.byte	0x9
 583 0375 00       		.byte	0
 584 0376 07       		.uleb128 0x7
 585 0377 81000000 		.4byte	0x81
 586 037b 86030000 		.4byte	0x386
 587 037f 08       		.uleb128 0x8
 588 0380 C4000000 		.4byte	0xc4
 589 0384 14       		.byte	0x14
 590 0385 00       		.byte	0
 591 0386 07       		.uleb128 0x7
 592 0387 81000000 		.4byte	0x81
 593 038b 96030000 		.4byte	0x396
 594 038f 08       		.uleb128 0x8
 595 0390 C4000000 		.4byte	0xc4
 596 0394 01       		.byte	0x1
 597 0395 00       		.byte	0
 598 0396 07       		.uleb128 0x7
ARM GAS  C:\Users\Lenovo\AppData\Local\Temp\ccsYYXlc.s 			page 13


 599 0397 81000000 		.4byte	0x81
 600 039b AC030000 		.4byte	0x3ac
 601 039f 08       		.uleb128 0x8
 602 03a0 C4000000 		.4byte	0xc4
 603 03a4 01       		.byte	0x1
 604 03a5 08       		.uleb128 0x8
 605 03a6 C4000000 		.4byte	0xc4
 606 03aa 09       		.byte	0x9
 607 03ab 00       		.byte	0
 608 03ac 07       		.uleb128 0x7
 609 03ad 81000000 		.4byte	0x81
 610 03b1 BC030000 		.4byte	0x3bc
 611 03b5 08       		.uleb128 0x8
 612 03b6 C4000000 		.4byte	0xc4
 613 03ba 04       		.byte	0x4
 614 03bb 00       		.byte	0
 615 03bc 07       		.uleb128 0x7
 616 03bd 81000000 		.4byte	0x81
 617 03c1 CC030000 		.4byte	0x3cc
 618 03c5 08       		.uleb128 0x8
 619 03c6 C4000000 		.4byte	0xc4
 620 03ca 05       		.byte	0x5
 621 03cb 00       		.byte	0
 622 03cc 07       		.uleb128 0x7
 623 03cd 81000000 		.4byte	0x81
 624 03d1 DC030000 		.4byte	0x3dc
 625 03d5 08       		.uleb128 0x8
 626 03d6 C4000000 		.4byte	0xc4
 627 03da 0D       		.byte	0xd
 628 03db 00       		.byte	0
 629 03dc 07       		.uleb128 0x7
 630 03dd 81000000 		.4byte	0x81
 631 03e1 EC030000 		.4byte	0x3ec
 632 03e5 08       		.uleb128 0x8
 633 03e6 C4000000 		.4byte	0xc4
 634 03ea 0A       		.byte	0xa
 635 03eb 00       		.byte	0
 636 03ec 07       		.uleb128 0x7
 637 03ed 81000000 		.4byte	0x81
 638 03f1 FC030000 		.4byte	0x3fc
 639 03f5 08       		.uleb128 0x8
 640 03f6 C4000000 		.4byte	0xc4
 641 03fa 40       		.byte	0x40
 642 03fb 00       		.byte	0
 643 03fc 07       		.uleb128 0x7
 644 03fd 81000000 		.4byte	0x81
 645 0401 12040000 		.4byte	0x412
 646 0405 08       		.uleb128 0x8
 647 0406 C4000000 		.4byte	0xc4
 648 040a 02       		.byte	0x2
 649 040b 08       		.uleb128 0x8
 650 040c C4000000 		.4byte	0xc4
 651 0410 18       		.byte	0x18
 652 0411 00       		.byte	0
 653 0412 07       		.uleb128 0x7
 654 0413 81000000 		.4byte	0x81
 655 0417 28040000 		.4byte	0x428
ARM GAS  C:\Users\Lenovo\AppData\Local\Temp\ccsYYXlc.s 			page 14


 656 041b 08       		.uleb128 0x8
 657 041c C4000000 		.4byte	0xc4
 658 0420 02       		.byte	0x2
 659 0421 08       		.uleb128 0x8
 660 0422 C4000000 		.4byte	0xc4
 661 0426 04       		.byte	0x4
 662 0427 00       		.byte	0
 663 0428 07       		.uleb128 0x7
 664 0429 81000000 		.4byte	0x81
 665 042d 3E040000 		.4byte	0x43e
 666 0431 08       		.uleb128 0x8
 667 0432 C4000000 		.4byte	0xc4
 668 0436 02       		.byte	0x2
 669 0437 08       		.uleb128 0x8
 670 0438 C4000000 		.4byte	0xc4
 671 043c 09       		.byte	0x9
 672 043d 00       		.byte	0
 673 043e 07       		.uleb128 0x7
 674 043f 81000000 		.4byte	0x81
 675 0443 4E040000 		.4byte	0x44e
 676 0447 08       		.uleb128 0x8
 677 0448 C4000000 		.4byte	0xc4
 678 044c 0E       		.byte	0xe
 679 044d 00       		.byte	0
 680 044e 09       		.uleb128 0x9
 681 044f 3F070000 		.4byte	.LASF69
 682 0453 0301     		.2byte	0x103
 683 0455 05       		.byte	0x5
 684 0456 9F       		.byte	0x9f
 685 0457 D7040000 		.4byte	0x4d7
 686 045b 0C       		.uleb128 0xc
 687 045c 64697200 		.ascii	"dir\000"
 688 0460 05       		.byte	0x5
 689 0461 A0       		.byte	0xa0
 690 0462 81000000 		.4byte	0x81
 691 0466 00       		.byte	0
 692 0467 0A       		.uleb128 0xa
 693 0468 21020000 		.4byte	.LASF70
 694 046c 05       		.byte	0x5
 695 046d A1       		.byte	0xa1
 696 046e D7040000 		.4byte	0x4d7
 697 0472 01       		.byte	0x1
 698 0473 0A       		.uleb128 0xa
 699 0474 1E070000 		.4byte	.LASF71
 700 0478 05       		.byte	0x5
 701 0479 A2       		.byte	0xa2
 702 047a F3040000 		.4byte	0x4f3
 703 047e B5       		.byte	0xb5
 704 047f 0A       		.uleb128 0xa
 705 0480 E3020000 		.4byte	.LASF72
 706 0484 05       		.byte	0x5
 707 0485 A3       		.byte	0xa3
 708 0486 CC030000 		.4byte	0x3cc
 709 048a D5       		.byte	0xd5
 710 048b 0A       		.uleb128 0xa
 711 048c 93060000 		.4byte	.LASF73
 712 0490 05       		.byte	0x5
ARM GAS  C:\Users\Lenovo\AppData\Local\Temp\ccsYYXlc.s 			page 15


 713 0491 A4       		.byte	0xa4
 714 0492 CC030000 		.4byte	0x3cc
 715 0496 E3       		.byte	0xe3
 716 0497 0A       		.uleb128 0xa
 717 0498 FB020000 		.4byte	.LASF74
 718 049c 05       		.byte	0x5
 719 049d A5       		.byte	0xa5
 720 049e CC030000 		.4byte	0x3cc
 721 04a2 F1       		.byte	0xf1
 722 04a3 0A       		.uleb128 0xa
 723 04a4 ED060000 		.4byte	.LASF75
 724 04a8 05       		.byte	0x5
 725 04a9 A6       		.byte	0xa6
 726 04aa 81000000 		.4byte	0x81
 727 04ae FF       		.byte	0xff
 728 04af 0B       		.uleb128 0xb
 729 04b0 13050000 		.4byte	.LASF76
 730 04b4 05       		.byte	0x5
 731 04b5 A7       		.byte	0xa7
 732 04b6 81000000 		.4byte	0x81
 733 04ba 0001     		.2byte	0x100
 734 04bc 0B       		.uleb128 0xb
 735 04bd 0B010000 		.4byte	.LASF77
 736 04c1 05       		.byte	0x5
 737 04c2 A8       		.byte	0xa8
 738 04c3 81000000 		.4byte	0x81
 739 04c7 0101     		.2byte	0x101
 740 04c9 0B       		.uleb128 0xb
 741 04ca 6C040000 		.4byte	.LASF78
 742 04ce 05       		.byte	0x5
 743 04cf A9       		.byte	0xa9
 744 04d0 81000000 		.4byte	0x81
 745 04d4 0201     		.2byte	0x102
 746 04d6 00       		.byte	0
 747 04d7 07       		.uleb128 0x7
 748 04d8 81000000 		.4byte	0x81
 749 04dc F3040000 		.4byte	0x4f3
 750 04e0 08       		.uleb128 0x8
 751 04e1 C4000000 		.4byte	0xc4
 752 04e5 03       		.byte	0x3
 753 04e6 08       		.uleb128 0x8
 754 04e7 C4000000 		.4byte	0xc4
 755 04eb 02       		.byte	0x2
 756 04ec 08       		.uleb128 0x8
 757 04ed C4000000 		.4byte	0xc4
 758 04f1 0E       		.byte	0xe
 759 04f2 00       		.byte	0
 760 04f3 07       		.uleb128 0x7
 761 04f4 81000000 		.4byte	0x81
 762 04f8 09050000 		.4byte	0x509
 763 04fc 08       		.uleb128 0x8
 764 04fd C4000000 		.4byte	0xc4
 765 0501 03       		.byte	0x3
 766 0502 08       		.uleb128 0x8
 767 0503 C4000000 		.4byte	0xc4
 768 0507 07       		.byte	0x7
 769 0508 00       		.byte	0
ARM GAS  C:\Users\Lenovo\AppData\Local\Temp\ccsYYXlc.s 			page 16


 770 0509 09       		.uleb128 0x9
 771 050a 56060000 		.4byte	.LASF79
 772 050e 0C04     		.2byte	0x40c
 773 0510 05       		.byte	0x5
 774 0511 AC       		.byte	0xac
 775 0512 42050000 		.4byte	0x542
 776 0516 0C       		.uleb128 0xc
 777 0517 6100     		.ascii	"a\000"
 778 0519 05       		.byte	0x5
 779 051a AD       		.byte	0xad
 780 051b 4E040000 		.4byte	0x44e
 781 051f 00       		.byte	0
 782 0520 0D       		.uleb128 0xd
 783 0521 6200     		.ascii	"b\000"
 784 0523 05       		.byte	0x5
 785 0524 AE       		.byte	0xae
 786 0525 4E040000 		.4byte	0x44e
 787 0529 0301     		.2byte	0x103
 788 052b 0D       		.uleb128 0xd
 789 052c 6300     		.ascii	"c\000"
 790 052e 05       		.byte	0x5
 791 052f AF       		.byte	0xaf
 792 0530 4E040000 		.4byte	0x44e
 793 0534 0602     		.2byte	0x206
 794 0536 0D       		.uleb128 0xd
 795 0537 6400     		.ascii	"d\000"
 796 0539 05       		.byte	0x5
 797 053a B0       		.byte	0xb0
 798 053b 4E040000 		.4byte	0x44e
 799 053f 0903     		.2byte	0x309
 800 0541 00       		.byte	0
 801 0542 0E       		.uleb128 0xe
 802 0543 E3000000 		.4byte	.LASF140
 803 0547 01       		.byte	0x1
 804 0548 3B       		.byte	0x3b
 805 0549 81000000 		.4byte	0x81
 806 054d 00000000 		.4byte	.LFB63
 807 0551 46000000 		.4byte	.LFE63-.LFB63
 808 0555 01       		.uleb128 0x1
 809 0556 9C       		.byte	0x9c
 810 0557 E9050000 		.4byte	0x5e9
 811 055b 0F       		.uleb128 0xf
 812 055c 95040000 		.4byte	.LASF80
 813 0560 01       		.byte	0x1
 814 0561 3B       		.byte	0x3b
 815 0562 81000000 		.4byte	0x81
 816 0566 00000000 		.4byte	.LLST0
 817 056a 0F       		.uleb128 0xf
 818 056b CA060000 		.4byte	.LASF81
 819 056f 01       		.byte	0x1
 820 0570 3B       		.byte	0x3b
 821 0571 81000000 		.4byte	0x81
 822 0575 1F000000 		.4byte	.LLST1
 823 0579 10       		.uleb128 0x10
 824 057a A3020000 		.4byte	.LASF82
 825 057e 01       		.byte	0x1
 826 057f 3C       		.byte	0x3c
ARM GAS  C:\Users\Lenovo\AppData\Local\Temp\ccsYYXlc.s 			page 17


 827 0580 81000000 		.4byte	0x81
 828 0584 3E000000 		.4byte	.LLST2
 829 0588 11       		.uleb128 0x11
 830 0589 9E020000 		.4byte	.LASF83
 831 058d 01       		.byte	0x1
 832 058e 3C       		.byte	0x3c
 833 058f 86030000 		.4byte	0x386
 834 0593 02       		.uleb128 0x2
 835 0594 91       		.byte	0x91
 836 0595 74       		.sleb128 -12
 837 0596 12       		.uleb128 0x12
 838 0597 6900     		.ascii	"i\000"
 839 0599 01       		.byte	0x1
 840 059a 3C       		.byte	0x3c
 841 059b 81000000 		.4byte	0x81
 842 059f 72000000 		.4byte	.LLST3
 843 05a3 13       		.uleb128 0x13
 844 05a4 10000000 		.4byte	.LVL1
 845 05a8 87090000 		.4byte	0x987
 846 05ac 14       		.uleb128 0x14
 847 05ad 18000000 		.4byte	.LVL2
 848 05b1 92090000 		.4byte	0x992
 849 05b5 C4050000 		.4byte	0x5c4
 850 05b9 15       		.uleb128 0x15
 851 05ba 01       		.uleb128 0x1
 852 05bb 51       		.byte	0x51
 853 05bc 01       		.uleb128 0x1
 854 05bd 30       		.byte	0x30
 855 05be 15       		.uleb128 0x15
 856 05bf 01       		.uleb128 0x1
 857 05c0 50       		.byte	0x50
 858 05c1 01       		.uleb128 0x1
 859 05c2 37       		.byte	0x37
 860 05c3 00       		.byte	0
 861 05c4 14       		.uleb128 0x14
 862 05c5 2A000000 		.4byte	.LVL6
 863 05c9 AC090000 		.4byte	0x9ac
 864 05cd DF050000 		.4byte	0x5df
 865 05d1 15       		.uleb128 0x15
 866 05d2 01       		.uleb128 0x1
 867 05d3 50       		.byte	0x50
 868 05d4 09       		.uleb128 0x9
 869 05d5 91       		.byte	0x91
 870 05d6 00       		.sleb128 0
 871 05d7 74       		.byte	0x74
 872 05d8 00       		.sleb128 0
 873 05d9 22       		.byte	0x22
 874 05da 3C       		.byte	0x3c
 875 05db 1C       		.byte	0x1c
 876 05dc 94       		.byte	0x94
 877 05dd 01       		.byte	0x1
 878 05de 00       		.byte	0
 879 05df 13       		.uleb128 0x13
 880 05e0 3C000000 		.4byte	.LVL11
 881 05e4 C1090000 		.4byte	0x9c1
 882 05e8 00       		.byte	0
 883 05e9 16       		.uleb128 0x16
ARM GAS  C:\Users\Lenovo\AppData\Local\Temp\ccsYYXlc.s 			page 18


 884 05ea 3B040000 		.4byte	.LASF84
 885 05ee 06       		.byte	0x6
 886 05ef 5506     		.2byte	0x655
 887 05f1 F5050000 		.4byte	0x5f5
 888 05f5 06       		.uleb128 0x6
 889 05f6 76000000 		.4byte	0x76
 890 05fa 17       		.uleb128 0x17
 891 05fb 03030000 		.4byte	.LASF85
 892 05ff 05       		.byte	0x5
 893 0600 2C       		.byte	0x2c
 894 0601 0B060000 		.4byte	0x60b
 895 0605 05       		.uleb128 0x5
 896 0606 03       		.byte	0x3
 897 0607 00000000 		.4byte	countAnimation1
 898 060b 06       		.uleb128 0x6
 899 060c A7000000 		.4byte	0xa7
 900 0610 17       		.uleb128 0x17
 901 0611 41030000 		.4byte	.LASF86
 902 0615 05       		.byte	0x5
 903 0616 2D       		.byte	0x2d
 904 0617 0B060000 		.4byte	0x60b
 905 061b 05       		.uleb128 0x5
 906 061c 03       		.byte	0x3
 907 061d 00000000 		.4byte	countAnimation2
 908 0621 17       		.uleb128 0x17
 909 0622 8B020000 		.4byte	.LASF87
 910 0626 05       		.byte	0x5
 911 0627 2E       		.byte	0x2e
 912 0628 0B060000 		.4byte	0x60b
 913 062c 05       		.uleb128 0x5
 914 062d 03       		.byte	0x3
 915 062e 00000000 		.4byte	countBeagleTX
 916 0632 17       		.uleb128 0x17
 917 0633 E3060000 		.4byte	.LASF88
 918 0637 05       		.byte	0x5
 919 0638 2F       		.byte	0x2f
 920 0639 0B060000 		.4byte	0x60b
 921 063d 05       		.uleb128 0x5
 922 063e 03       		.byte	0x3
 923 063f 00000000 		.4byte	countPump
 924 0643 17       		.uleb128 0x17
 925 0644 E0010000 		.4byte	.LASF89
 926 0648 05       		.byte	0x5
 927 0649 30       		.byte	0x30
 928 064a BF000000 		.4byte	0xbf
 929 064e 05       		.uleb128 0x5
 930 064f 03       		.byte	0x3
 931 0650 00000000 		.4byte	flowDisplay1
 932 0654 17       		.uleb128 0x17
 933 0655 ED010000 		.4byte	.LASF90
 934 0659 05       		.byte	0x5
 935 065a 31       		.byte	0x31
 936 065b BF000000 		.4byte	0xbf
 937 065f 05       		.uleb128 0x5
 938 0660 03       		.byte	0x3
 939 0661 00000000 		.4byte	flowDisplay2
 940 0665 17       		.uleb128 0x17
ARM GAS  C:\Users\Lenovo\AppData\Local\Temp\ccsYYXlc.s 			page 19


 941 0666 FA010000 		.4byte	.LASF91
 942 066a 05       		.byte	0x5
 943 066b 32       		.byte	0x32
 944 066c BF000000 		.4byte	0xbf
 945 0670 05       		.uleb128 0x5
 946 0671 03       		.byte	0x3
 947 0672 00000000 		.4byte	flowDisplay3
 948 0676 17       		.uleb128 0x17
 949 0677 07020000 		.4byte	.LASF92
 950 067b 05       		.byte	0x5
 951 067c 33       		.byte	0x33
 952 067d BF000000 		.4byte	0xbf
 953 0681 05       		.uleb128 0x5
 954 0682 03       		.byte	0x3
 955 0683 00000000 		.4byte	flowDisplay4
 956 0687 17       		.uleb128 0x17
 957 0688 73020000 		.4byte	.LASF93
 958 068c 05       		.byte	0x5
 959 068d 34       		.byte	0x34
 960 068e BA000000 		.4byte	0xba
 961 0692 05       		.uleb128 0x5
 962 0693 03       		.byte	0x3
 963 0694 00000000 		.4byte	numberKeys1
 964 0698 17       		.uleb128 0x17
 965 0699 7F020000 		.4byte	.LASF94
 966 069d 05       		.byte	0x5
 967 069e 35       		.byte	0x35
 968 069f BA000000 		.4byte	0xba
 969 06a3 05       		.uleb128 0x5
 970 06a4 03       		.byte	0x3
 971 06a5 00000000 		.4byte	numberKeys2
 972 06a9 17       		.uleb128 0x17
 973 06aa EA030000 		.4byte	.LASF95
 974 06ae 05       		.byte	0x5
 975 06af 36       		.byte	0x36
 976 06b0 BA000000 		.4byte	0xba
 977 06b4 05       		.uleb128 0x5
 978 06b5 03       		.byte	0x3
 979 06b6 00000000 		.4byte	flagPoint1
 980 06ba 17       		.uleb128 0x17
 981 06bb C5000000 		.4byte	.LASF96
 982 06bf 05       		.byte	0x5
 983 06c0 37       		.byte	0x37
 984 06c1 BA000000 		.4byte	0xba
 985 06c5 05       		.uleb128 0x5
 986 06c6 03       		.byte	0x3
 987 06c7 00000000 		.4byte	flagPoint2
 988 06cb 17       		.uleb128 0x17
 989 06cc 5C010000 		.4byte	.LASF97
 990 06d0 05       		.byte	0x5
 991 06d1 38       		.byte	0x38
 992 06d2 BA000000 		.4byte	0xba
 993 06d6 05       		.uleb128 0x5
 994 06d7 03       		.byte	0x3
 995 06d8 00000000 		.4byte	productNumber
 996 06dc 17       		.uleb128 0x17
 997 06dd CC040000 		.4byte	.LASF98
ARM GAS  C:\Users\Lenovo\AppData\Local\Temp\ccsYYXlc.s 			page 20


 998 06e1 05       		.byte	0x5
 999 06e2 39       		.byte	0x39
 1000 06e3 BF000000 		.4byte	0xbf
 1001 06e7 05       		.uleb128 0x5
 1002 06e8 03       		.byte	0x3
 1003 06e9 00000000 		.4byte	delayPicture1
 1004 06ed 17       		.uleb128 0x17
 1005 06ee DA040000 		.4byte	.LASF99
 1006 06f2 05       		.byte	0x5
 1007 06f3 3A       		.byte	0x3a
 1008 06f4 BF000000 		.4byte	0xbf
 1009 06f8 05       		.uleb128 0x5
 1010 06f9 03       		.byte	0x3
 1011 06fa 00000000 		.4byte	delayPicture2
 1012 06fe 17       		.uleb128 0x17
 1013 06ff D0030000 		.4byte	.LASF100
 1014 0703 05       		.byte	0x5
 1015 0704 3B       		.byte	0x3b
 1016 0705 BA000000 		.4byte	0xba
 1017 0709 05       		.uleb128 0x5
 1018 070a 03       		.byte	0x3
 1019 070b 00000000 		.4byte	ppux10
 1020 070f 17       		.uleb128 0x17
 1021 0710 35000000 		.4byte	.LASF101
 1022 0714 05       		.byte	0x5
 1023 0715 3C       		.byte	0x3c
 1024 0716 BA000000 		.4byte	0xba
 1025 071a 05       		.uleb128 0x5
 1026 071b 03       		.byte	0x3
 1027 071c 00000000 		.4byte	decimalMoney
 1028 0720 17       		.uleb128 0x17
 1029 0721 00000000 		.4byte	.LASF102
 1030 0725 05       		.byte	0x5
 1031 0726 3D       		.byte	0x3d
 1032 0727 BA000000 		.4byte	0xba
 1033 072b 05       		.uleb128 0x5
 1034 072c 03       		.byte	0x3
 1035 072d 00000000 		.4byte	decimalVolume
 1036 0731 17       		.uleb128 0x17
 1037 0732 07040000 		.4byte	.LASF103
 1038 0736 05       		.byte	0x5
 1039 0737 3E       		.byte	0x3e
 1040 0738 42070000 		.4byte	0x742
 1041 073c 05       		.uleb128 0x5
 1042 073d 03       		.byte	0x3
 1043 073e 00000000 		.4byte	symbols
 1044 0742 06       		.uleb128 0x6
 1045 0743 86030000 		.4byte	0x386
 1046 0747 07       		.uleb128 0x7
 1047 0748 81000000 		.4byte	0x81
 1048 074c 57070000 		.4byte	0x757
 1049 0750 08       		.uleb128 0x8
 1050 0751 C4000000 		.4byte	0xc4
 1051 0755 02       		.byte	0x2
 1052 0756 00       		.byte	0
 1053 0757 17       		.uleb128 0x17
 1054 0758 42010000 		.4byte	.LASF104
ARM GAS  C:\Users\Lenovo\AppData\Local\Temp\ccsYYXlc.s 			page 21


 1055 075c 05       		.byte	0x5
 1056 075d 3F       		.byte	0x3f
 1057 075e 68070000 		.4byte	0x768
 1058 0762 05       		.uleb128 0x5
 1059 0763 03       		.byte	0x3
 1060 0764 00000000 		.4byte	time
 1061 0768 06       		.uleb128 0x6
 1062 0769 47070000 		.4byte	0x747
 1063 076d 17       		.uleb128 0x17
 1064 076e 99020000 		.4byte	.LASF105
 1065 0772 05       		.byte	0x5
 1066 0773 40       		.byte	0x40
 1067 0774 7E070000 		.4byte	0x77e
 1068 0778 05       		.uleb128 0x5
 1069 0779 03       		.byte	0x3
 1070 077a 00000000 		.4byte	date
 1071 077e 06       		.uleb128 0x6
 1072 077f 47070000 		.4byte	0x747
 1073 0783 17       		.uleb128 0x17
 1074 0784 D0000000 		.4byte	.LASF106
 1075 0788 05       		.byte	0x5
 1076 0789 41       		.byte	0x41
 1077 078a 94070000 		.4byte	0x794
 1078 078e 05       		.uleb128 0x5
 1079 078f 03       		.byte	0x3
 1080 0790 00000000 		.4byte	screen
 1081 0794 06       		.uleb128 0x6
 1082 0795 86030000 		.4byte	0x386
 1083 0799 17       		.uleb128 0x17
 1084 079a 8E000000 		.4byte	.LASF107
 1085 079e 05       		.byte	0x5
 1086 079f 42       		.byte	0x42
 1087 07a0 AA070000 		.4byte	0x7aa
 1088 07a4 05       		.uleb128 0x5
 1089 07a5 03       		.byte	0x3
 1090 07a6 00000000 		.4byte	residue
 1091 07aa 06       		.uleb128 0x6
 1092 07ab CC030000 		.4byte	0x3cc
 1093 07af 07       		.uleb128 0x7
 1094 07b0 81000000 		.4byte	0x81
 1095 07b4 BF070000 		.4byte	0x7bf
 1096 07b8 08       		.uleb128 0x8
 1097 07b9 C4000000 		.4byte	0xc4
 1098 07bd 1D       		.byte	0x1d
 1099 07be 00       		.byte	0
 1100 07bf 17       		.uleb128 0x17
 1101 07c0 5B060000 		.4byte	.LASF108
 1102 07c4 05       		.byte	0x5
 1103 07c5 43       		.byte	0x43
 1104 07c6 AF070000 		.4byte	0x7af
 1105 07ca 05       		.uleb128 0x5
 1106 07cb 03       		.byte	0x3
 1107 07cc 00000000 		.4byte	temporal
 1108 07d0 17       		.uleb128 0x17
 1109 07d1 48040000 		.4byte	.LASF109
 1110 07d5 05       		.byte	0x5
 1111 07d6 44       		.byte	0x44
ARM GAS  C:\Users\Lenovo\AppData\Local\Temp\ccsYYXlc.s 			page 22


 1112 07d7 BA000000 		.4byte	0xba
 1113 07db 05       		.uleb128 0x5
 1114 07dc 03       		.byte	0x3
 1115 07dd 00000000 		.4byte	lockTurn
 1116 07e1 17       		.uleb128 0x17
 1117 07e2 4D060000 		.4byte	.LASF110
 1118 07e6 05       		.byte	0x5
 1119 07e7 45       		.byte	0x45
 1120 07e8 F2070000 		.4byte	0x7f2
 1121 07ec 05       		.uleb128 0x5
 1122 07ed 03       		.byte	0x3
 1123 07ee 00000000 		.4byte	idSeller
 1124 07f2 06       		.uleb128 0x6
 1125 07f3 56030000 		.4byte	0x356
 1126 07f7 17       		.uleb128 0x17
 1127 07f8 86060000 		.4byte	.LASF111
 1128 07fc 05       		.byte	0x5
 1129 07fd 46       		.byte	0x46
 1130 07fe BA000000 		.4byte	0xba
 1131 0802 05       		.uleb128 0x5
 1132 0803 03       		.byte	0x3
 1133 0804 00000000 		.4byte	typeIdSeller
 1134 0808 07       		.uleb128 0x7
 1135 0809 81000000 		.4byte	0x81
 1136 080d 18080000 		.4byte	0x818
 1137 0811 08       		.uleb128 0x8
 1138 0812 C4000000 		.4byte	0xc4
 1139 0816 07       		.byte	0x7
 1140 0817 00       		.byte	0
 1141 0818 17       		.uleb128 0x17
 1142 0819 9C040000 		.4byte	.LASF112
 1143 081d 05       		.byte	0x5
 1144 081e 47       		.byte	0x47
 1145 081f 29080000 		.4byte	0x829
 1146 0823 05       		.uleb128 0x5
 1147 0824 03       		.byte	0x3
 1148 0825 00000000 		.4byte	passwordSeller
 1149 0829 06       		.uleb128 0x6
 1150 082a 08080000 		.4byte	0x808
 1151 082e 17       		.uleb128 0x17
 1152 082f 8C030000 		.4byte	.LASF113
 1153 0833 05       		.byte	0x5
 1154 0834 48       		.byte	0x48
 1155 0835 BA000000 		.4byte	0xba
 1156 0839 05       		.uleb128 0x5
 1157 083a 03       		.byte	0x3
 1158 083b 00000000 		.4byte	flagResetMux
 1159 083f 17       		.uleb128 0x17
 1160 0840 20030000 		.4byte	.LASF114
 1161 0844 05       		.byte	0x5
 1162 0845 49       		.byte	0x49
 1163 0846 BA000000 		.4byte	0xba
 1164 084a 05       		.uleb128 0x5
 1165 084b 03       		.byte	0x3
 1166 084c 00000000 		.4byte	stateBeagleSoft
 1167 0850 17       		.uleb128 0x17
 1168 0851 0E000000 		.4byte	.LASF115
ARM GAS  C:\Users\Lenovo\AppData\Local\Temp\ccsYYXlc.s 			page 23


 1169 0855 05       		.byte	0x5
 1170 0856 4A       		.byte	0x4a
 1171 0857 61080000 		.4byte	0x861
 1172 085b 05       		.uleb128 0x5
 1173 085c 03       		.byte	0x3
 1174 085d 00000000 		.4byte	PrevStatePump
 1175 0861 06       		.uleb128 0x6
 1176 0862 CB000000 		.4byte	0xcb
 1177 0866 17       		.uleb128 0x17
 1178 0867 EF000000 		.4byte	.LASF116
 1179 086b 05       		.byte	0x5
 1180 086c 4B       		.byte	0x4b
 1181 086d BA000000 		.4byte	0xba
 1182 0871 05       		.uleb128 0x5
 1183 0872 03       		.byte	0x3
 1184 0873 00000000 		.4byte	PlateRequest
 1185 0877 17       		.uleb128 0x17
 1186 0878 BC040000 		.4byte	.LASF117
 1187 087c 05       		.byte	0x5
 1188 087d 4D       		.byte	0x4d
 1189 087e 81000000 		.4byte	0x81
 1190 0882 05       		.uleb128 0x5
 1191 0883 03       		.byte	0x3
 1192 0884 00000000 		.4byte	UnitType
 1193 0888 17       		.uleb128 0x17
 1194 0889 62020000 		.4byte	.LASF118
 1195 088d 05       		.byte	0x5
 1196 088e 4D       		.byte	0x4d
 1197 088f 81000000 		.4byte	0x81
 1198 0893 05       		.uleb128 0x5
 1199 0894 03       		.byte	0x3
 1200 0895 00000000 		.4byte	ConversionFactor
 1201 0899 17       		.uleb128 0x17
 1202 089a 02010000 		.4byte	.LASF119
 1203 089e 05       		.byte	0x5
 1204 089f 4D       		.byte	0x4d
 1205 08a0 81000000 		.4byte	0x81
 1206 08a4 05       		.uleb128 0x5
 1207 08a5 03       		.byte	0x3
 1208 08a6 00000000 		.4byte	MoneyDec
 1209 08aa 17       		.uleb128 0x17
 1210 08ab 64060000 		.4byte	.LASF120
 1211 08af 05       		.byte	0x5
 1212 08b0 4D       		.byte	0x4d
 1213 08b1 81000000 		.4byte	0x81
 1214 08b5 05       		.uleb128 0x5
 1215 08b6 03       		.byte	0x3
 1216 08b7 00000000 		.4byte	VolDec
 1217 08bb 17       		.uleb128 0x17
 1218 08bc 0C050000 		.4byte	.LASF121
 1219 08c0 05       		.byte	0x5
 1220 08c1 4D       		.byte	0x4d
 1221 08c2 81000000 		.4byte	0x81
 1222 08c6 05       		.uleb128 0x5
 1223 08c7 03       		.byte	0x3
 1224 08c8 00000000 		.4byte	PPUDec
 1225 08cc 17       		.uleb128 0x17
ARM GAS  C:\Users\Lenovo\AppData\Local\Temp\ccsYYXlc.s 			page 24


 1226 08cd 9D000000 		.4byte	.LASF122
 1227 08d1 05       		.byte	0x5
 1228 08d2 4D       		.byte	0x4d
 1229 08d3 81000000 		.4byte	0x81
 1230 08d7 05       		.uleb128 0x5
 1231 08d8 03       		.byte	0x3
 1232 08d9 00000000 		.4byte	DDMode
 1233 08dd 17       		.uleb128 0x17
 1234 08de 24000000 		.4byte	.LASF123
 1235 08e2 05       		.byte	0x5
 1236 08e3 4E       		.byte	0x4e
 1237 08e4 CB000000 		.4byte	0xcb
 1238 08e8 05       		.uleb128 0x5
 1239 08e9 03       		.byte	0x3
 1240 08ea 00000000 		.4byte	statePump
 1241 08ee 17       		.uleb128 0x17
 1242 08ef 13030000 		.4byte	.LASF124
 1243 08f3 05       		.byte	0x5
 1244 08f4 4F       		.byte	0x4f
 1245 08f5 81000000 		.4byte	0x81
 1246 08f9 05       		.uleb128 0x5
 1247 08fa 03       		.byte	0x3
 1248 08fb 00000000 		.4byte	NumPositions
 1249 08ff 17       		.uleb128 0x17
 1250 0900 3B010000 		.4byte	.LASF125
 1251 0904 05       		.byte	0x5
 1252 0905 50       		.byte	0x50
 1253 0906 81000000 		.4byte	0x81
 1254 090a 05       		.uleb128 0x5
 1255 090b 03       		.byte	0x3
 1256 090c 00000000 		.4byte	digits
 1257 0910 17       		.uleb128 0x17
 1258 0911 69000000 		.4byte	.LASF126
 1259 0915 05       		.byte	0x5
 1260 0916 51       		.byte	0x51
 1261 0917 81000000 		.4byte	0x81
 1262 091b 05       		.uleb128 0x5
 1263 091c 03       		.byte	0x3
 1264 091d 00000000 		.4byte	PrinterType
 1265 0921 17       		.uleb128 0x17
 1266 0922 3A020000 		.4byte	.LASF127
 1267 0926 05       		.byte	0x5
 1268 0927 52       		.byte	0x52
 1269 0928 81000000 		.4byte	0x81
 1270 092c 05       		.uleb128 0x5
 1271 092d 03       		.byte	0x3
 1272 092e 00000000 		.4byte	turn
 1273 0932 17       		.uleb128 0x17
 1274 0933 48070000 		.4byte	.LASF128
 1275 0937 05       		.byte	0x5
 1276 0938 91       		.byte	0x91
 1277 0939 DB000000 		.4byte	0xdb
 1278 093d 05       		.uleb128 0x5
 1279 093e 03       		.byte	0x3
 1280 093f 00000000 		.4byte	bufferDisplay1
 1281 0943 17       		.uleb128 0x17
 1282 0944 77040000 		.4byte	.LASF129
ARM GAS  C:\Users\Lenovo\AppData\Local\Temp\ccsYYXlc.s 			page 25


 1283 0948 05       		.byte	0x5
 1284 0949 92       		.byte	0x92
 1285 094a DB000000 		.4byte	0xdb
 1286 094e 05       		.uleb128 0x5
 1287 094f 03       		.byte	0x3
 1288 0950 00000000 		.4byte	bufferDisplay2
 1289 0954 17       		.uleb128 0x17
 1290 0955 86040000 		.4byte	.LASF130
 1291 0959 05       		.byte	0x5
 1292 095a 93       		.byte	0x93
 1293 095b DB000000 		.4byte	0xdb
 1294 095f 05       		.uleb128 0x5
 1295 0960 03       		.byte	0x3
 1296 0961 00000000 		.4byte	bufferDisplay3
 1297 0965 17       		.uleb128 0x17
 1298 0966 57070000 		.4byte	.LASF131
 1299 096a 05       		.byte	0x5
 1300 096b 94       		.byte	0x94
 1301 096c DB000000 		.4byte	0xdb
 1302 0970 05       		.uleb128 0x5
 1303 0971 03       		.byte	0x3
 1304 0972 00000000 		.4byte	bufferDisplay4
 1305 0976 17       		.uleb128 0x17
 1306 0977 A4000000 		.4byte	.LASF132
 1307 097b 05       		.byte	0x5
 1308 097c B3       		.byte	0xb3
 1309 097d 09050000 		.4byte	0x509
 1310 0981 05       		.uleb128 0x5
 1311 0982 03       		.byte	0x3
 1312 0983 00000000 		.4byte	side
 1313 0987 18       		.uleb128 0x18
 1314 0988 62050000 		.4byte	.LASF135
 1315 098c 07       		.byte	0x7
 1316 098d BD       		.byte	0xbd
 1317 098e 81000000 		.4byte	0x81
 1318 0992 19       		.uleb128 0x19
 1319 0993 99030000 		.4byte	.LASF133
 1320 0997 07       		.byte	0x7
 1321 0998 CA       		.byte	0xca
 1322 0999 81000000 		.4byte	0x81
 1323 099d AC090000 		.4byte	0x9ac
 1324 09a1 1A       		.uleb128 0x1a
 1325 09a2 81000000 		.4byte	0x81
 1326 09a6 1A       		.uleb128 0x1a
 1327 09a7 81000000 		.4byte	0x81
 1328 09ab 00       		.byte	0
 1329 09ac 19       		.uleb128 0x19
 1330 09ad A6060000 		.4byte	.LASF134
 1331 09b1 07       		.byte	0x7
 1332 09b2 CF       		.byte	0xcf
 1333 09b3 81000000 		.4byte	0x81
 1334 09b7 C1090000 		.4byte	0x9c1
 1335 09bb 1A       		.uleb128 0x1a
 1336 09bc 81000000 		.4byte	0x81
 1337 09c0 00       		.byte	0
 1338 09c1 18       		.uleb128 0x18
 1339 09c2 38050000 		.4byte	.LASF136
ARM GAS  C:\Users\Lenovo\AppData\Local\Temp\ccsYYXlc.s 			page 26


 1340 09c6 07       		.byte	0x7
 1341 09c7 CE       		.byte	0xce
 1342 09c8 81000000 		.4byte	0x81
 1343 09cc 00       		.byte	0
 1344              		.section	.debug_abbrev,"",%progbits
 1345              	.Ldebug_abbrev0:
 1346 0000 01       		.uleb128 0x1
 1347 0001 11       		.uleb128 0x11
 1348 0002 01       		.byte	0x1
 1349 0003 25       		.uleb128 0x25
 1350 0004 0E       		.uleb128 0xe
 1351 0005 13       		.uleb128 0x13
 1352 0006 0B       		.uleb128 0xb
 1353 0007 03       		.uleb128 0x3
 1354 0008 0E       		.uleb128 0xe
 1355 0009 1B       		.uleb128 0x1b
 1356 000a 0E       		.uleb128 0xe
 1357 000b 55       		.uleb128 0x55
 1358 000c 17       		.uleb128 0x17
 1359 000d 11       		.uleb128 0x11
 1360 000e 01       		.uleb128 0x1
 1361 000f 10       		.uleb128 0x10
 1362 0010 17       		.uleb128 0x17
 1363 0011 00       		.byte	0
 1364 0012 00       		.byte	0
 1365 0013 02       		.uleb128 0x2
 1366 0014 24       		.uleb128 0x24
 1367 0015 00       		.byte	0
 1368 0016 0B       		.uleb128 0xb
 1369 0017 0B       		.uleb128 0xb
 1370 0018 3E       		.uleb128 0x3e
 1371 0019 0B       		.uleb128 0xb
 1372 001a 03       		.uleb128 0x3
 1373 001b 0E       		.uleb128 0xe
 1374 001c 00       		.byte	0
 1375 001d 00       		.byte	0
 1376 001e 03       		.uleb128 0x3
 1377 001f 16       		.uleb128 0x16
 1378 0020 00       		.byte	0
 1379 0021 03       		.uleb128 0x3
 1380 0022 0E       		.uleb128 0xe
 1381 0023 3A       		.uleb128 0x3a
 1382 0024 0B       		.uleb128 0xb
 1383 0025 3B       		.uleb128 0x3b
 1384 0026 0B       		.uleb128 0xb
 1385 0027 49       		.uleb128 0x49
 1386 0028 13       		.uleb128 0x13
 1387 0029 00       		.byte	0
 1388 002a 00       		.byte	0
 1389 002b 04       		.uleb128 0x4
 1390 002c 24       		.uleb128 0x24
 1391 002d 00       		.byte	0
 1392 002e 0B       		.uleb128 0xb
 1393 002f 0B       		.uleb128 0xb
 1394 0030 3E       		.uleb128 0x3e
 1395 0031 0B       		.uleb128 0xb
 1396 0032 03       		.uleb128 0x3
ARM GAS  C:\Users\Lenovo\AppData\Local\Temp\ccsYYXlc.s 			page 27


 1397 0033 08       		.uleb128 0x8
 1398 0034 00       		.byte	0
 1399 0035 00       		.byte	0
 1400 0036 05       		.uleb128 0x5
 1401 0037 16       		.uleb128 0x16
 1402 0038 00       		.byte	0
 1403 0039 03       		.uleb128 0x3
 1404 003a 0E       		.uleb128 0xe
 1405 003b 3A       		.uleb128 0x3a
 1406 003c 0B       		.uleb128 0xb
 1407 003d 3B       		.uleb128 0x3b
 1408 003e 05       		.uleb128 0x5
 1409 003f 49       		.uleb128 0x49
 1410 0040 13       		.uleb128 0x13
 1411 0041 00       		.byte	0
 1412 0042 00       		.byte	0
 1413 0043 06       		.uleb128 0x6
 1414 0044 35       		.uleb128 0x35
 1415 0045 00       		.byte	0
 1416 0046 49       		.uleb128 0x49
 1417 0047 13       		.uleb128 0x13
 1418 0048 00       		.byte	0
 1419 0049 00       		.byte	0
 1420 004a 07       		.uleb128 0x7
 1421 004b 01       		.uleb128 0x1
 1422 004c 01       		.byte	0x1
 1423 004d 49       		.uleb128 0x49
 1424 004e 13       		.uleb128 0x13
 1425 004f 01       		.uleb128 0x1
 1426 0050 13       		.uleb128 0x13
 1427 0051 00       		.byte	0
 1428 0052 00       		.byte	0
 1429 0053 08       		.uleb128 0x8
 1430 0054 21       		.uleb128 0x21
 1431 0055 00       		.byte	0
 1432 0056 49       		.uleb128 0x49
 1433 0057 13       		.uleb128 0x13
 1434 0058 2F       		.uleb128 0x2f
 1435 0059 0B       		.uleb128 0xb
 1436 005a 00       		.byte	0
 1437 005b 00       		.byte	0
 1438 005c 09       		.uleb128 0x9
 1439 005d 13       		.uleb128 0x13
 1440 005e 01       		.byte	0x1
 1441 005f 03       		.uleb128 0x3
 1442 0060 0E       		.uleb128 0xe
 1443 0061 0B       		.uleb128 0xb
 1444 0062 05       		.uleb128 0x5
 1445 0063 3A       		.uleb128 0x3a
 1446 0064 0B       		.uleb128 0xb
 1447 0065 3B       		.uleb128 0x3b
 1448 0066 0B       		.uleb128 0xb
 1449 0067 01       		.uleb128 0x1
 1450 0068 13       		.uleb128 0x13
 1451 0069 00       		.byte	0
 1452 006a 00       		.byte	0
 1453 006b 0A       		.uleb128 0xa
ARM GAS  C:\Users\Lenovo\AppData\Local\Temp\ccsYYXlc.s 			page 28


 1454 006c 0D       		.uleb128 0xd
 1455 006d 00       		.byte	0
 1456 006e 03       		.uleb128 0x3
 1457 006f 0E       		.uleb128 0xe
 1458 0070 3A       		.uleb128 0x3a
 1459 0071 0B       		.uleb128 0xb
 1460 0072 3B       		.uleb128 0x3b
 1461 0073 0B       		.uleb128 0xb
 1462 0074 49       		.uleb128 0x49
 1463 0075 13       		.uleb128 0x13
 1464 0076 38       		.uleb128 0x38
 1465 0077 0B       		.uleb128 0xb
 1466 0078 00       		.byte	0
 1467 0079 00       		.byte	0
 1468 007a 0B       		.uleb128 0xb
 1469 007b 0D       		.uleb128 0xd
 1470 007c 00       		.byte	0
 1471 007d 03       		.uleb128 0x3
 1472 007e 0E       		.uleb128 0xe
 1473 007f 3A       		.uleb128 0x3a
 1474 0080 0B       		.uleb128 0xb
 1475 0081 3B       		.uleb128 0x3b
 1476 0082 0B       		.uleb128 0xb
 1477 0083 49       		.uleb128 0x49
 1478 0084 13       		.uleb128 0x13
 1479 0085 38       		.uleb128 0x38
 1480 0086 05       		.uleb128 0x5
 1481 0087 00       		.byte	0
 1482 0088 00       		.byte	0
 1483 0089 0C       		.uleb128 0xc
 1484 008a 0D       		.uleb128 0xd
 1485 008b 00       		.byte	0
 1486 008c 03       		.uleb128 0x3
 1487 008d 08       		.uleb128 0x8
 1488 008e 3A       		.uleb128 0x3a
 1489 008f 0B       		.uleb128 0xb
 1490 0090 3B       		.uleb128 0x3b
 1491 0091 0B       		.uleb128 0xb
 1492 0092 49       		.uleb128 0x49
 1493 0093 13       		.uleb128 0x13
 1494 0094 38       		.uleb128 0x38
 1495 0095 0B       		.uleb128 0xb
 1496 0096 00       		.byte	0
 1497 0097 00       		.byte	0
 1498 0098 0D       		.uleb128 0xd
 1499 0099 0D       		.uleb128 0xd
 1500 009a 00       		.byte	0
 1501 009b 03       		.uleb128 0x3
 1502 009c 08       		.uleb128 0x8
 1503 009d 3A       		.uleb128 0x3a
 1504 009e 0B       		.uleb128 0xb
 1505 009f 3B       		.uleb128 0x3b
 1506 00a0 0B       		.uleb128 0xb
 1507 00a1 49       		.uleb128 0x49
 1508 00a2 13       		.uleb128 0x13
 1509 00a3 38       		.uleb128 0x38
 1510 00a4 05       		.uleb128 0x5
ARM GAS  C:\Users\Lenovo\AppData\Local\Temp\ccsYYXlc.s 			page 29


 1511 00a5 00       		.byte	0
 1512 00a6 00       		.byte	0
 1513 00a7 0E       		.uleb128 0xe
 1514 00a8 2E       		.uleb128 0x2e
 1515 00a9 01       		.byte	0x1
 1516 00aa 3F       		.uleb128 0x3f
 1517 00ab 19       		.uleb128 0x19
 1518 00ac 03       		.uleb128 0x3
 1519 00ad 0E       		.uleb128 0xe
 1520 00ae 3A       		.uleb128 0x3a
 1521 00af 0B       		.uleb128 0xb
 1522 00b0 3B       		.uleb128 0x3b
 1523 00b1 0B       		.uleb128 0xb
 1524 00b2 27       		.uleb128 0x27
 1525 00b3 19       		.uleb128 0x19
 1526 00b4 49       		.uleb128 0x49
 1527 00b5 13       		.uleb128 0x13
 1528 00b6 11       		.uleb128 0x11
 1529 00b7 01       		.uleb128 0x1
 1530 00b8 12       		.uleb128 0x12
 1531 00b9 06       		.uleb128 0x6
 1532 00ba 40       		.uleb128 0x40
 1533 00bb 18       		.uleb128 0x18
 1534 00bc 9742     		.uleb128 0x2117
 1535 00be 19       		.uleb128 0x19
 1536 00bf 01       		.uleb128 0x1
 1537 00c0 13       		.uleb128 0x13
 1538 00c1 00       		.byte	0
 1539 00c2 00       		.byte	0
 1540 00c3 0F       		.uleb128 0xf
 1541 00c4 05       		.uleb128 0x5
 1542 00c5 00       		.byte	0
 1543 00c6 03       		.uleb128 0x3
 1544 00c7 0E       		.uleb128 0xe
 1545 00c8 3A       		.uleb128 0x3a
 1546 00c9 0B       		.uleb128 0xb
 1547 00ca 3B       		.uleb128 0x3b
 1548 00cb 0B       		.uleb128 0xb
 1549 00cc 49       		.uleb128 0x49
 1550 00cd 13       		.uleb128 0x13
 1551 00ce 02       		.uleb128 0x2
 1552 00cf 17       		.uleb128 0x17
 1553 00d0 00       		.byte	0
 1554 00d1 00       		.byte	0
 1555 00d2 10       		.uleb128 0x10
 1556 00d3 34       		.uleb128 0x34
 1557 00d4 00       		.byte	0
 1558 00d5 03       		.uleb128 0x3
 1559 00d6 0E       		.uleb128 0xe
 1560 00d7 3A       		.uleb128 0x3a
 1561 00d8 0B       		.uleb128 0xb
 1562 00d9 3B       		.uleb128 0x3b
 1563 00da 0B       		.uleb128 0xb
 1564 00db 49       		.uleb128 0x49
 1565 00dc 13       		.uleb128 0x13
 1566 00dd 02       		.uleb128 0x2
 1567 00de 17       		.uleb128 0x17
ARM GAS  C:\Users\Lenovo\AppData\Local\Temp\ccsYYXlc.s 			page 30


 1568 00df 00       		.byte	0
 1569 00e0 00       		.byte	0
 1570 00e1 11       		.uleb128 0x11
 1571 00e2 34       		.uleb128 0x34
 1572 00e3 00       		.byte	0
 1573 00e4 03       		.uleb128 0x3
 1574 00e5 0E       		.uleb128 0xe
 1575 00e6 3A       		.uleb128 0x3a
 1576 00e7 0B       		.uleb128 0xb
 1577 00e8 3B       		.uleb128 0x3b
 1578 00e9 0B       		.uleb128 0xb
 1579 00ea 49       		.uleb128 0x49
 1580 00eb 13       		.uleb128 0x13
 1581 00ec 02       		.uleb128 0x2
 1582 00ed 18       		.uleb128 0x18
 1583 00ee 00       		.byte	0
 1584 00ef 00       		.byte	0
 1585 00f0 12       		.uleb128 0x12
 1586 00f1 34       		.uleb128 0x34
 1587 00f2 00       		.byte	0
 1588 00f3 03       		.uleb128 0x3
 1589 00f4 08       		.uleb128 0x8
 1590 00f5 3A       		.uleb128 0x3a
 1591 00f6 0B       		.uleb128 0xb
 1592 00f7 3B       		.uleb128 0x3b
 1593 00f8 0B       		.uleb128 0xb
 1594 00f9 49       		.uleb128 0x49
 1595 00fa 13       		.uleb128 0x13
 1596 00fb 02       		.uleb128 0x2
 1597 00fc 17       		.uleb128 0x17
 1598 00fd 00       		.byte	0
 1599 00fe 00       		.byte	0
 1600 00ff 13       		.uleb128 0x13
 1601 0100 898201   		.uleb128 0x4109
 1602 0103 00       		.byte	0
 1603 0104 11       		.uleb128 0x11
 1604 0105 01       		.uleb128 0x1
 1605 0106 31       		.uleb128 0x31
 1606 0107 13       		.uleb128 0x13
 1607 0108 00       		.byte	0
 1608 0109 00       		.byte	0
 1609 010a 14       		.uleb128 0x14
 1610 010b 898201   		.uleb128 0x4109
 1611 010e 01       		.byte	0x1
 1612 010f 11       		.uleb128 0x11
 1613 0110 01       		.uleb128 0x1
 1614 0111 31       		.uleb128 0x31
 1615 0112 13       		.uleb128 0x13
 1616 0113 01       		.uleb128 0x1
 1617 0114 13       		.uleb128 0x13
 1618 0115 00       		.byte	0
 1619 0116 00       		.byte	0
 1620 0117 15       		.uleb128 0x15
 1621 0118 8A8201   		.uleb128 0x410a
 1622 011b 00       		.byte	0
 1623 011c 02       		.uleb128 0x2
 1624 011d 18       		.uleb128 0x18
ARM GAS  C:\Users\Lenovo\AppData\Local\Temp\ccsYYXlc.s 			page 31


 1625 011e 9142     		.uleb128 0x2111
 1626 0120 18       		.uleb128 0x18
 1627 0121 00       		.byte	0
 1628 0122 00       		.byte	0
 1629 0123 16       		.uleb128 0x16
 1630 0124 34       		.uleb128 0x34
 1631 0125 00       		.byte	0
 1632 0126 03       		.uleb128 0x3
 1633 0127 0E       		.uleb128 0xe
 1634 0128 3A       		.uleb128 0x3a
 1635 0129 0B       		.uleb128 0xb
 1636 012a 3B       		.uleb128 0x3b
 1637 012b 05       		.uleb128 0x5
 1638 012c 49       		.uleb128 0x49
 1639 012d 13       		.uleb128 0x13
 1640 012e 3F       		.uleb128 0x3f
 1641 012f 19       		.uleb128 0x19
 1642 0130 3C       		.uleb128 0x3c
 1643 0131 19       		.uleb128 0x19
 1644 0132 00       		.byte	0
 1645 0133 00       		.byte	0
 1646 0134 17       		.uleb128 0x17
 1647 0135 34       		.uleb128 0x34
 1648 0136 00       		.byte	0
 1649 0137 03       		.uleb128 0x3
 1650 0138 0E       		.uleb128 0xe
 1651 0139 3A       		.uleb128 0x3a
 1652 013a 0B       		.uleb128 0xb
 1653 013b 3B       		.uleb128 0x3b
 1654 013c 0B       		.uleb128 0xb
 1655 013d 49       		.uleb128 0x49
 1656 013e 13       		.uleb128 0x13
 1657 013f 3F       		.uleb128 0x3f
 1658 0140 19       		.uleb128 0x19
 1659 0141 02       		.uleb128 0x2
 1660 0142 18       		.uleb128 0x18
 1661 0143 00       		.byte	0
 1662 0144 00       		.byte	0
 1663 0145 18       		.uleb128 0x18
 1664 0146 2E       		.uleb128 0x2e
 1665 0147 00       		.byte	0
 1666 0148 3F       		.uleb128 0x3f
 1667 0149 19       		.uleb128 0x19
 1668 014a 03       		.uleb128 0x3
 1669 014b 0E       		.uleb128 0xe
 1670 014c 3A       		.uleb128 0x3a
 1671 014d 0B       		.uleb128 0xb
 1672 014e 3B       		.uleb128 0x3b
 1673 014f 0B       		.uleb128 0xb
 1674 0150 27       		.uleb128 0x27
 1675 0151 19       		.uleb128 0x19
 1676 0152 49       		.uleb128 0x49
 1677 0153 13       		.uleb128 0x13
 1678 0154 3C       		.uleb128 0x3c
 1679 0155 19       		.uleb128 0x19
 1680 0156 00       		.byte	0
 1681 0157 00       		.byte	0
ARM GAS  C:\Users\Lenovo\AppData\Local\Temp\ccsYYXlc.s 			page 32


 1682 0158 19       		.uleb128 0x19
 1683 0159 2E       		.uleb128 0x2e
 1684 015a 01       		.byte	0x1
 1685 015b 3F       		.uleb128 0x3f
 1686 015c 19       		.uleb128 0x19
 1687 015d 03       		.uleb128 0x3
 1688 015e 0E       		.uleb128 0xe
 1689 015f 3A       		.uleb128 0x3a
 1690 0160 0B       		.uleb128 0xb
 1691 0161 3B       		.uleb128 0x3b
 1692 0162 0B       		.uleb128 0xb
 1693 0163 27       		.uleb128 0x27
 1694 0164 19       		.uleb128 0x19
 1695 0165 49       		.uleb128 0x49
 1696 0166 13       		.uleb128 0x13
 1697 0167 3C       		.uleb128 0x3c
 1698 0168 19       		.uleb128 0x19
 1699 0169 01       		.uleb128 0x1
 1700 016a 13       		.uleb128 0x13
 1701 016b 00       		.byte	0
 1702 016c 00       		.byte	0
 1703 016d 1A       		.uleb128 0x1a
 1704 016e 05       		.uleb128 0x5
 1705 016f 00       		.byte	0
 1706 0170 49       		.uleb128 0x49
 1707 0171 13       		.uleb128 0x13
 1708 0172 00       		.byte	0
 1709 0173 00       		.byte	0
 1710 0174 00       		.byte	0
 1711              		.section	.debug_loc,"",%progbits
 1712              	.Ldebug_loc0:
 1713              	.LLST0:
 1714 0000 00000000 		.4byte	.LVL0
 1715 0004 0F000000 		.4byte	.LVL1-1
 1716 0008 0100     		.2byte	0x1
 1717 000a 50       		.byte	0x50
 1718 000b 0F000000 		.4byte	.LVL1-1
 1719 000f 46000000 		.4byte	.LFE63
 1720 0013 0200     		.2byte	0x2
 1721 0015 91       		.byte	0x91
 1722 0016 74       		.sleb128 -12
 1723 0017 00000000 		.4byte	0
 1724 001b 00000000 		.4byte	0
 1725              	.LLST1:
 1726 001f 00000000 		.4byte	.LVL0
 1727 0023 0F000000 		.4byte	.LVL1-1
 1728 0027 0100     		.2byte	0x1
 1729 0029 51       		.byte	0x51
 1730 002a 0F000000 		.4byte	.LVL1-1
 1731 002e 46000000 		.4byte	.LFE63
 1732 0032 0200     		.2byte	0x2
 1733 0034 91       		.byte	0x91
 1734 0035 75       		.sleb128 -11
 1735 0036 00000000 		.4byte	0
 1736 003a 00000000 		.4byte	0
 1737              	.LLST2:
 1738 003e 18000000 		.4byte	.LVL2
ARM GAS  C:\Users\Lenovo\AppData\Local\Temp\ccsYYXlc.s 			page 33


 1739 0042 1C000000 		.4byte	.LVL3
 1740 0046 0100     		.2byte	0x1
 1741 0048 50       		.byte	0x50
 1742 0049 1E000000 		.4byte	.LVL4
 1743 004d 26000000 		.4byte	.LVL5
 1744 0051 0100     		.2byte	0x1
 1745 0053 50       		.byte	0x50
 1746 0054 2A000000 		.4byte	.LVL6
 1747 0058 3B000000 		.4byte	.LVL11-1
 1748 005c 0100     		.2byte	0x1
 1749 005e 50       		.byte	0x50
 1750 005f 40000000 		.4byte	.LVL12
 1751 0063 42000000 		.4byte	.LVL13
 1752 0067 0100     		.2byte	0x1
 1753 0069 50       		.byte	0x50
 1754 006a 00000000 		.4byte	0
 1755 006e 00000000 		.4byte	0
 1756              	.LLST3:
 1757 0072 1E000000 		.4byte	.LVL4
 1758 0076 2E000000 		.4byte	.LVL7
 1759 007a 0100     		.2byte	0x1
 1760 007c 54       		.byte	0x54
 1761 007d 30000000 		.4byte	.LVL8
 1762 0081 32000000 		.4byte	.LVL9
 1763 0085 0100     		.2byte	0x1
 1764 0087 54       		.byte	0x54
 1765 0088 34000000 		.4byte	.LVL10
 1766 008c 42000000 		.4byte	.LVL13
 1767 0090 0100     		.2byte	0x1
 1768 0092 54       		.byte	0x54
 1769 0093 00000000 		.4byte	0
 1770 0097 00000000 		.4byte	0
 1771              		.section	.debug_aranges,"",%progbits
 1772 0000 1C000000 		.4byte	0x1c
 1773 0004 0200     		.2byte	0x2
 1774 0006 00000000 		.4byte	.Ldebug_info0
 1775 000a 04       		.byte	0x4
 1776 000b 00       		.byte	0
 1777 000c 0000     		.2byte	0
 1778 000e 0000     		.2byte	0
 1779 0010 00000000 		.4byte	.LFB63
 1780 0014 46000000 		.4byte	.LFE63-.LFB63
 1781 0018 00000000 		.4byte	0
 1782 001c 00000000 		.4byte	0
 1783              		.section	.debug_ranges,"",%progbits
 1784              	.Ldebug_ranges0:
 1785 0000 00000000 		.4byte	.LFB63
 1786 0004 46000000 		.4byte	.LFE63
 1787 0008 00000000 		.4byte	0
 1788 000c 00000000 		.4byte	0
 1789              		.section	.debug_line,"",%progbits
 1790              	.Ldebug_line0:
 1791 0000 9D010000 		.section	.debug_str,"MS",%progbits,1
 1791      02006601 
 1791      00000201 
 1791      FB0E0D00 
 1791      01010101 
ARM GAS  C:\Users\Lenovo\AppData\Local\Temp\ccsYYXlc.s 			page 34


 1792              	.LASF102:
 1793 0000 64656369 		.ascii	"decimalVolume\000"
 1793      6D616C56 
 1793      6F6C756D 
 1793      6500
 1794              	.LASF115:
 1795 000e 50726576 		.ascii	"PrevStatePump\000"
 1795      53746174 
 1795      6550756D 
 1795      7000
 1796              	.LASF52:
 1797 001c 6D657373 		.ascii	"message\000"
 1797      61676500 
 1798              	.LASF123:
 1799 0024 73746174 		.ascii	"statePump\000"
 1799      6550756D 
 1799      7000
 1800              	.LASF68:
 1801 002e 62756666 		.ascii	"buffer\000"
 1801      657200
 1802              	.LASF101:
 1803 0035 64656369 		.ascii	"decimalMoney\000"
 1803      6D616C4D 
 1803      6F6E6579 
 1803      00
 1804              	.LASF30:
 1805 0042 73616C65 		.ascii	"salePerform\000"
 1805      50657266 
 1805      6F726D00 
 1806              	.LASF8:
 1807 004e 756E7369 		.ascii	"unsigned int\000"
 1807      676E6564 
 1807      20696E74 
 1807      00
 1808              	.LASF57:
 1809 005b 70726F64 		.ascii	"productMarket\000"
 1809      7563744D 
 1809      61726B65 
 1809      7400
 1810              	.LASF126:
 1811 0069 5072696E 		.ascii	"PrinterType\000"
 1811      74657254 
 1811      79706500 
 1812              	.LASF9:
 1813 0075 5F5F696E 		.ascii	"__int32_t\000"
 1813      7433325F 
 1813      7400
 1814              	.LASF50:
 1815 007f 666C6167 		.ascii	"flagLiftHandle\000"
 1815      4C696674 
 1815      48616E64 
 1815      6C6500
 1816              	.LASF107:
 1817 008e 72657369 		.ascii	"residue\000"
 1817      64756500 
 1818              	.LASF18:
 1819 0096 69645479 		.ascii	"idType\000"
ARM GAS  C:\Users\Lenovo\AppData\Local\Temp\ccsYYXlc.s 			page 35


 1819      706500
 1820              	.LASF122:
 1821 009d 44444D6F 		.ascii	"DDMode\000"
 1821      646500
 1822              	.LASF132:
 1823 00a4 73696465 		.ascii	"side\000"
 1823      00
 1824              	.LASF22:
 1825 00a9 73656C65 		.ascii	"selectedSale\000"
 1825      63746564 
 1825      53616C65 
 1825      00
 1826              	.LASF58:
 1827 00b6 7175616E 		.ascii	"quantityMarket\000"
 1827      74697479 
 1827      4D61726B 
 1827      657400
 1828              	.LASF96:
 1829 00c5 666C6167 		.ascii	"flagPoint2\000"
 1829      506F696E 
 1829      743200
 1830              	.LASF106:
 1831 00d0 73637265 		.ascii	"screen\000"
 1831      656E00
 1832              	.LASF54:
 1833 00d7 766F6C75 		.ascii	"volumeQuota\000"
 1833      6D655175 
 1833      6F746100 
 1834              	.LASF140:
 1835 00e3 77726974 		.ascii	"write_psoc1\000"
 1835      655F7073 
 1835      6F633100 
 1836              	.LASF116:
 1837 00ef 506C6174 		.ascii	"PlateRequest\000"
 1837      65526571 
 1837      75657374 
 1837      00
 1838              	.LASF13:
 1839 00fc 666C6F61 		.ascii	"float\000"
 1839      7400
 1840              	.LASF119:
 1841 0102 4D6F6E65 		.ascii	"MoneyDec\000"
 1841      79446563 
 1841      00
 1842              	.LASF77:
 1843 010b 686F7365 		.ascii	"hose\000"
 1843      00
 1844              	.LASF7:
 1845 0110 6C6F6E67 		.ascii	"long long unsigned int\000"
 1845      206C6F6E 
 1845      6720756E 
 1845      7369676E 
 1845      65642069 
 1846              	.LASF40:
 1847 0127 746F7461 		.ascii	"totalVolumePrevious\000"
 1847      6C566F6C 
 1847      756D6550 
ARM GAS  C:\Users\Lenovo\AppData\Local\Temp\ccsYYXlc.s 			page 36


 1847      72657669 
 1847      6F757300 
 1848              	.LASF125:
 1849 013b 64696769 		.ascii	"digits\000"
 1849      747300
 1850              	.LASF104:
 1851 0142 74696D65 		.ascii	"time\000"
 1851      00
 1852              	.LASF33:
 1853 0147 70726F64 		.ascii	"productType\000"
 1853      75637454 
 1853      79706500 
 1854              	.LASF19:
 1855 0153 69645365 		.ascii	"idSerial\000"
 1855      7269616C 
 1855      00
 1856              	.LASF97:
 1857 015c 70726F64 		.ascii	"productNumber\000"
 1857      7563744E 
 1857      756D6265 
 1857      7200
 1858              	.LASF36:
 1859 016a 64617465 		.ascii	"dateDownHandle\000"
 1859      446F776E 
 1859      48616E64 
 1859      6C6500
 1860              	.LASF139:
 1861 0179 433A5C55 		.ascii	"C:\\Users\\Lenovo\\Documents\\GitHub\\NSY-DH\\Works"
 1861      73657273 
 1861      5C4C656E 
 1861      6F766F5C 
 1861      446F6375 
 1862 01a6 70616365 		.ascii	"pace01\\Design01.cydsn\000"
 1862      30315C44 
 1862      65736967 
 1862      6E30312E 
 1862      63796473 
 1863              	.LASF46:
 1864 01bc 6D696C65 		.ascii	"mileageSale\000"
 1864      61676553 
 1864      616C6500 
 1865              	.LASF66:
 1866 01c8 666C6167 		.ascii	"flagChangePPU\000"
 1866      4368616E 
 1866      67655050 
 1866      5500
 1867              	.LASF67:
 1868 01d6 666C6167 		.ascii	"flagPrint\000"
 1868      5072696E 
 1868      7400
 1869              	.LASF89:
 1870 01e0 666C6F77 		.ascii	"flowDisplay1\000"
 1870      44697370 
 1870      6C617931 
 1870      00
 1871              	.LASF90:
 1872 01ed 666C6F77 		.ascii	"flowDisplay2\000"
ARM GAS  C:\Users\Lenovo\AppData\Local\Temp\ccsYYXlc.s 			page 37


 1872      44697370 
 1872      6C617932 
 1872      00
 1873              	.LASF91:
 1874 01fa 666C6F77 		.ascii	"flowDisplay3\000"
 1874      44697370 
 1874      6C617933 
 1874      00
 1875              	.LASF92:
 1876 0207 666C6F77 		.ascii	"flowDisplay4\000"
 1876      44697370 
 1876      6C617934 
 1876      00
 1877              	.LASF56:
 1878 0214 73657269 		.ascii	"serialMarket\000"
 1878      616C4D61 
 1878      726B6574 
 1878      00
 1879              	.LASF70:
 1880 0221 746F7461 		.ascii	"totalsHandle\000"
 1880      6C734861 
 1880      6E646C65 
 1880      00
 1881              	.LASF32:
 1882 022e 70726573 		.ascii	"presetValue\000"
 1882      65745661 
 1882      6C756500 
 1883              	.LASF127:
 1884 023a 7475726E 		.ascii	"turn\000"
 1884      00
 1885              	.LASF47:
 1886 023f 6964656E 		.ascii	"identySale\000"
 1886      74795361 
 1886      6C6500
 1887              	.LASF29:
 1888 024a 73616C65 		.ascii	"saleType\000"
 1888      54797065 
 1888      00
 1889              	.LASF27:
 1890 0253 76616C75 		.ascii	"valueKeys\000"
 1890      654B6579 
 1890      7300
 1891              	.LASF16:
 1892 025d 63686172 		.ascii	"char\000"
 1892      00
 1893              	.LASF118:
 1894 0262 436F6E76 		.ascii	"ConversionFactor\000"
 1894      65727369 
 1894      6F6E4661 
 1894      63746F72 
 1894      00
 1895              	.LASF93:
 1896 0273 6E756D62 		.ascii	"numberKeys1\000"
 1896      65724B65 
 1896      79733100 
 1897              	.LASF94:
 1898 027f 6E756D62 		.ascii	"numberKeys2\000"
ARM GAS  C:\Users\Lenovo\AppData\Local\Temp\ccsYYXlc.s 			page 38


 1898      65724B65 
 1898      79733200 
 1899              	.LASF87:
 1900 028b 636F756E 		.ascii	"countBeagleTX\000"
 1900      74426561 
 1900      676C6554 
 1900      5800
 1901              	.LASF105:
 1902 0299 64617465 		.ascii	"date\000"
 1902      00
 1903              	.LASF83:
 1904 029e 6461746F 		.ascii	"dato\000"
 1904      00
 1905              	.LASF82:
 1906 02a3 73746174 		.ascii	"status\000"
 1906      757300
 1907              	.LASF49:
 1908 02aa 666C6167 		.ascii	"flagPayment\000"
 1908      5061796D 
 1908      656E7400 
 1909              	.LASF55:
 1910 02b6 70707551 		.ascii	"ppuQuota\000"
 1910      756F7461 
 1910      00
 1911              	.LASF42:
 1912 02bf 746F7461 		.ascii	"totalMoneyAfter\000"
 1912      6C4D6F6E 
 1912      65794166 
 1912      74657200 
 1913              	.LASF53:
 1914 02cf 6D6F6E65 		.ascii	"moneyQuota\000"
 1914      7951756F 
 1914      746100
 1915              	.LASF65:
 1916 02da 7072696E 		.ascii	"printers\000"
 1916      74657273 
 1916      00
 1917              	.LASF72:
 1918 02e3 6D6F6E65 		.ascii	"moneySale\000"
 1918      7953616C 
 1918      6500
 1919              	.LASF6:
 1920 02ed 6C6F6E67 		.ascii	"long long int\000"
 1920      206C6F6E 
 1920      6720696E 
 1920      7400
 1921              	.LASF74:
 1922 02fb 70707553 		.ascii	"ppuSale\000"
 1922      616C6500 
 1923              	.LASF85:
 1924 0303 636F756E 		.ascii	"countAnimation1\000"
 1924      74416E69 
 1924      6D617469 
 1924      6F6E3100 
 1925              	.LASF124:
 1926 0313 4E756D50 		.ascii	"NumPositions\000"
 1926      6F736974 
ARM GAS  C:\Users\Lenovo\AppData\Local\Temp\ccsYYXlc.s 			page 39


 1926      696F6E73 
 1926      00
 1927              	.LASF114:
 1928 0320 73746174 		.ascii	"stateBeagleSoft\000"
 1928      65426561 
 1928      676C6553 
 1928      6F667400 
 1929              	.LASF41:
 1930 0330 746F7461 		.ascii	"totalPPUPrevious\000"
 1930      6C505055 
 1930      50726576 
 1930      696F7573 
 1930      00
 1931              	.LASF86:
 1932 0341 636F756E 		.ascii	"countAnimation2\000"
 1932      74416E69 
 1932      6D617469 
 1932      6F6E3200 
 1933              	.LASF62:
 1934 0351 746F7461 		.ascii	"totalMarket\000"
 1934      6C4D6172 
 1934      6B657400 
 1935              	.LASF38:
 1936 035d 74696D65 		.ascii	"timeDownHandle\000"
 1936      446F776E 
 1936      48616E64 
 1936      6C6500
 1937              	.LASF28:
 1938 036c 76656869 		.ascii	"vehicleType\000"
 1938      636C6554 
 1938      79706500 
 1939              	.LASF48:
 1940 0378 666C6167 		.ascii	"flagKeyboard\000"
 1940      4B657962 
 1940      6F617264 
 1940      00
 1941              	.LASF12:
 1942 0385 75696E74 		.ascii	"uint32\000"
 1942      333200
 1943              	.LASF113:
 1944 038c 666C6167 		.ascii	"flagResetMux\000"
 1944      52657365 
 1944      744D7578 
 1944      00
 1945              	.LASF133:
 1946 0399 4932435F 		.ascii	"I2C_Bus_MasterSendStart\000"
 1946      4275735F 
 1946      4D617374 
 1946      65725365 
 1946      6E645374 
 1947              	.LASF44:
 1948 03b1 746F7461 		.ascii	"totalPPUAfter\000"
 1948      6C505055 
 1948      41667465 
 1948      7200
 1949              	.LASF25:
 1950 03bf 6B657962 		.ascii	"keyboardWayToPay\000"
ARM GAS  C:\Users\Lenovo\AppData\Local\Temp\ccsYYXlc.s 			page 40


 1950      6F617264 
 1950      57617954 
 1950      6F506179 
 1950      00
 1951              	.LASF100:
 1952 03d0 70707578 		.ascii	"ppux10\000"
 1952      313000
 1953              	.LASF39:
 1954 03d7 746F7461 		.ascii	"totalMoneyPrevious\000"
 1954      6C4D6F6E 
 1954      65795072 
 1954      6576696F 
 1954      757300
 1955              	.LASF95:
 1956 03ea 666C6167 		.ascii	"flagPoint1\000"
 1956      506F696E 
 1956      743100
 1957              	.LASF23:
 1958 03f5 6D6F6E65 		.ascii	"moneySelectedSale\000"
 1958      7953656C 
 1958      65637465 
 1958      6453616C 
 1958      6500
 1959              	.LASF103:
 1960 0407 73796D62 		.ascii	"symbols\000"
 1960      6F6C7300 
 1961              	.LASF45:
 1962 040f 6C696365 		.ascii	"licenceSale\000"
 1962      6E636553 
 1962      616C6500 
 1963              	.LASF64:
 1964 041b 70726963 		.ascii	"priceConsign\000"
 1964      65436F6E 
 1964      7369676E 
 1964      00
 1965              	.LASF2:
 1966 0428 73686F72 		.ascii	"short int\000"
 1966      7420696E 
 1966      7400
 1967              	.LASF4:
 1968 0432 6C6F6E67 		.ascii	"long int\000"
 1968      20696E74 
 1968      00
 1969              	.LASF84:
 1970 043b 49544D5F 		.ascii	"ITM_RxBuffer\000"
 1970      52784275 
 1970      66666572 
 1970      00
 1971              	.LASF109:
 1972 0448 6C6F636B 		.ascii	"lockTurn\000"
 1972      5475726E 
 1972      00
 1973              	.LASF51:
 1974 0451 666C6167 		.ascii	"flagEndSale\000"
 1974      456E6453 
 1974      616C6500 
 1975              	.LASF35:
ARM GAS  C:\Users\Lenovo\AppData\Local\Temp\ccsYYXlc.s 			page 41


 1976 045d 64617465 		.ascii	"dateLiftHandle\000"
 1976      4C696674 
 1976      48616E64 
 1976      6C6500
 1977              	.LASF78:
 1978 046c 686F7365 		.ascii	"hoseNumber\000"
 1978      4E756D62 
 1978      657200
 1979              	.LASF129:
 1980 0477 62756666 		.ascii	"bufferDisplay2\000"
 1980      65724469 
 1980      73706C61 
 1980      793200
 1981              	.LASF130:
 1982 0486 62756666 		.ascii	"bufferDisplay3\000"
 1982      65724469 
 1982      73706C61 
 1982      793300
 1983              	.LASF80:
 1984 0495 70756572 		.ascii	"puerto\000"
 1984      746F00
 1985              	.LASF112:
 1986 049c 70617373 		.ascii	"passwordSeller\000"
 1986      776F7264 
 1986      53656C6C 
 1986      657200
 1987              	.LASF43:
 1988 04ab 746F7461 		.ascii	"totalVolumeAfter\000"
 1988      6C566F6C 
 1988      756D6541 
 1988      66746572 
 1988      00
 1989              	.LASF117:
 1990 04bc 556E6974 		.ascii	"UnitType\000"
 1990      54797065 
 1990      00
 1991              	.LASF15:
 1992 04c5 75696E74 		.ascii	"uint64\000"
 1992      363400
 1993              	.LASF98:
 1994 04cc 64656C61 		.ascii	"delayPicture1\000"
 1994      79506963 
 1994      74757265 
 1994      3100
 1995              	.LASF99:
 1996 04da 64656C61 		.ascii	"delayPicture2\000"
 1996      79506963 
 1996      74757265 
 1996      3200
 1997              	.LASF34:
 1998 04e8 73746174 		.ascii	"stateMux\000"
 1998      654D7578 
 1998      00
 1999              	.LASF17:
 2000 04f1 73697A65 		.ascii	"sizetype\000"
 2000      74797065 
 2000      00
ARM GAS  C:\Users\Lenovo\AppData\Local\Temp\ccsYYXlc.s 			page 42


 2001              	.LASF5:
 2002 04fa 6C6F6E67 		.ascii	"long unsigned int\000"
 2002      20756E73 
 2002      69676E65 
 2002      6420696E 
 2002      7400
 2003              	.LASF121:
 2004 050c 50505544 		.ascii	"PPUDec\000"
 2004      656300
 2005              	.LASF76:
 2006 0513 61637469 		.ascii	"activeHose\000"
 2006      7665486F 
 2006      736500
 2007              	.LASF63:
 2008 051e 666C6167 		.ascii	"flagProductmarket\000"
 2008      50726F64 
 2008      7563746D 
 2008      61726B65 
 2008      7400
 2009              	.LASF10:
 2010 0530 696E7433 		.ascii	"int32_t\000"
 2010      325F7400 
 2011              	.LASF136:
 2012 0538 4932435F 		.ascii	"I2C_Bus_MasterSendStop\000"
 2012      4275735F 
 2012      4D617374 
 2012      65725365 
 2012      6E645374 
 2013              	.LASF59:
 2014 054f 7175616E 		.ascii	"quantAvailableMark\000"
 2014      74417661 
 2014      696C6162 
 2014      6C654D61 
 2014      726B00
 2015              	.LASF135:
 2016 0562 4932435F 		.ascii	"I2C_Bus_MasterClearStatus\000"
 2016      4275735F 
 2016      4D617374 
 2016      6572436C 
 2016      65617253 
 2017              	.LASF21:
 2018 057c 666C6167 		.ascii	"flagWayToPayMixed\000"
 2018      57617954 
 2018      6F506179 
 2018      4D697865 
 2018      6400
 2019              	.LASF1:
 2020 058e 756E7369 		.ascii	"unsigned char\000"
 2020      676E6564 
 2020      20636861 
 2020      7200
 2021              	.LASF137:
 2022 059c 474E5520 		.ascii	"GNU C 4.9.3 20150303 (release) [ARM/embedded-4_9-br"
 2022      4320342E 
 2022      392E3320 
 2022      32303135 
 2022      30333033 
ARM GAS  C:\Users\Lenovo\AppData\Local\Temp\ccsYYXlc.s 			page 43


 2023 05cf 616E6368 		.ascii	"anch revision 221220] -mcpu=cortex-m3 -mthumb -g -O"
 2023      20726576 
 2023      6973696F 
 2023      6E203232 
 2023      31323230 
 2024 0602 67202D66 		.ascii	"g -ffunction-sections -ffat-lto-objects\000"
 2024      66756E63 
 2024      74696F6E 
 2024      2D736563 
 2024      74696F6E 
 2025              	.LASF26:
 2026 062a 61757468 		.ascii	"authorizationFlag\000"
 2026      6F72697A 
 2026      6174696F 
 2026      6E466C61 
 2026      6700
 2027              	.LASF60:
 2028 063c 70726963 		.ascii	"priceTotalMarket\000"
 2028      65546F74 
 2028      616C4D61 
 2028      726B6574 
 2028      00
 2029              	.LASF110:
 2030 064d 69645365 		.ascii	"idSeller\000"
 2030      6C6C6572 
 2030      00
 2031              	.LASF79:
 2032 0656 70756D70 		.ascii	"pump\000"
 2032      00
 2033              	.LASF108:
 2034 065b 74656D70 		.ascii	"temporal\000"
 2034      6F72616C 
 2034      00
 2035              	.LASF120:
 2036 0664 566F6C44 		.ascii	"VolDec\000"
 2036      656300
 2037              	.LASF31:
 2038 066b 70726573 		.ascii	"presetType\000"
 2038      65745479 
 2038      706500
 2039              	.LASF61:
 2040 0676 70726963 		.ascii	"priceUnitMarket\000"
 2040      65556E69 
 2040      744D6172 
 2040      6B657400 
 2041              	.LASF111:
 2042 0686 74797065 		.ascii	"typeIdSeller\000"
 2042      49645365 
 2042      6C6C6572 
 2042      00
 2043              	.LASF73:
 2044 0693 766F6C75 		.ascii	"volumeSale\000"
 2044      6D655361 
 2044      6C6500
 2045              	.LASF138:
 2046 069e 2E5C4932 		.ascii	".\\I2C.c\000"
 2046      432E6300 
ARM GAS  C:\Users\Lenovo\AppData\Local\Temp\ccsYYXlc.s 			page 44


 2047              	.LASF134:
 2048 06a6 4932435F 		.ascii	"I2C_Bus_MasterWriteByte\000"
 2048      4275735F 
 2048      4D617374 
 2048      65725772 
 2048      69746542 
 2049              	.LASF0:
 2050 06be 7369676E 		.ascii	"signed char\000"
 2050      65642063 
 2050      68617200 
 2051              	.LASF81:
 2052 06ca 76616C6F 		.ascii	"valor\000"
 2052      7200
 2053              	.LASF3:
 2054 06d0 73686F72 		.ascii	"short unsigned int\000"
 2054      7420756E 
 2054      7369676E 
 2054      65642069 
 2054      6E7400
 2055              	.LASF88:
 2056 06e3 636F756E 		.ascii	"countPump\000"
 2056      7450756D 
 2056      7000
 2057              	.LASF75:
 2058 06ed 70726F64 		.ascii	"productSale\000"
 2058      75637453 
 2058      616C6500 
 2059              	.LASF11:
 2060 06f9 75696E74 		.ascii	"uint8\000"
 2060      3800
 2061              	.LASF14:
 2062 06ff 646F7562 		.ascii	"double\000"
 2062      6C6500
 2063              	.LASF20:
 2064 0706 77617954 		.ascii	"wayToPay\000"
 2064      6F506179 
 2064      00
 2065              	.LASF37:
 2066 070f 74696D65 		.ascii	"timeLiftHandle\000"
 2066      4C696674 
 2066      48616E64 
 2066      6C6500
 2067              	.LASF71:
 2068 071e 70707541 		.ascii	"ppuAuthorized\000"
 2068      7574686F 
 2068      72697A65 
 2068      6400
 2069              	.LASF24:
 2070 072c 73657269 		.ascii	"serialSelectedSale\000"
 2070      616C5365 
 2070      6C656374 
 2070      65645361 
 2070      6C6500
 2071              	.LASF69:
 2072 073f 706F7369 		.ascii	"position\000"
 2072      74696F6E 
 2072      00
ARM GAS  C:\Users\Lenovo\AppData\Local\Temp\ccsYYXlc.s 			page 45


 2073              	.LASF128:
 2074 0748 62756666 		.ascii	"bufferDisplay1\000"
 2074      65724469 
 2074      73706C61 
 2074      793100
 2075              	.LASF131:
 2076 0757 62756666 		.ascii	"bufferDisplay4\000"
 2076      65724469 
 2076      73706C61 
 2076      793400
 2077              		.ident	"GCC: (GNU Tools for ARM Embedded Processors) 4.9.3 20150303 (release) [ARM/embedded-4_9-br
