ARM GAS  C:\Users\Diego\AppData\Local\Temp\ccWW8RNI.s 			page 1


   1              		.syntax unified
   2              		.cpu cortex-m3
   3              		.fpu softvfp
   4              		.eabi_attribute 20, 1
   5              		.eabi_attribute 21, 1
   6              		.eabi_attribute 23, 3
   7              		.eabi_attribute 24, 1
   8              		.eabi_attribute 25, 1
   9              		.eabi_attribute 26, 1
  10              		.eabi_attribute 30, 1
  11              		.eabi_attribute 34, 1
  12              		.eabi_attribute 18, 4
  13              		.thumb
  14              		.file	"ibuton.c"
  15              		.text
  16              	.Ltext0:
  17              		.cfi_sections	.debug_frame
  18              		.section	.text.touch_present,"ax",%progbits
  19              		.align	2
  20              		.global	touch_present
  21              		.thumb
  22              		.thumb_func
  23              		.type	touch_present, %function
  24              	touch_present:
  25              	.LFB63:
  26              		.file 1 ".\\ibuton.c"
   1:.\ibuton.c    **** /*
   2:.\ibuton.c    **** ***************************************************************************************************
   3:.\ibuton.c    **** *                                         MUX ADVANCE CODE
   4:.\ibuton.c    **** *
   5:.\ibuton.c    **** *                             (c) Copyright 2013; Sistemas Insepet LTDA
   6:.\ibuton.c    **** *
   7:.\ibuton.c    **** *               All rights reserved.  Protected by international copyright laws.
   8:.\ibuton.c    **** *               Knowledge of the source code may NOT be used to develop a similar product.
   9:.\ibuton.c    **** *               Please help us continue to provide the Embedded community with the finest
  10:.\ibuton.c    **** *               software available.  Your honesty is greatly appreciated.
  11:.\ibuton.c    **** ***************************************************************************************************
  12:.\ibuton.c    **** */
  13:.\ibuton.c    **** 
  14:.\ibuton.c    **** /*
  15:.\ibuton.c    **** ***************************************************************************************************
  16:.\ibuton.c    **** *
  17:.\ibuton.c    **** *                                             MUX ADVANCE CODE
  18:.\ibuton.c    **** *
  19:.\ibuton.c    **** *                                             CYPRESS PSoC5LP
  20:.\ibuton.c    **** *                                                with the
  21:.\ibuton.c    **** *                                            CY8C5969AXI-LP035
  22:.\ibuton.c    **** *
  23:.\ibuton.c    **** * Filename      : ibutton.c
  24:.\ibuton.c    **** * Version       : V1.00
  25:.\ibuton.c    **** * Programmer(s) : 
  26:.\ibuton.c    ****                   
  27:.\ibuton.c    **** ***************************************************************************************************
  28:.\ibuton.c    **** */
  29:.\ibuton.c    **** 
  30:.\ibuton.c    **** /*
  31:.\ibuton.c    **** ***************************************************************************************************
ARM GAS  C:\Users\Diego\AppData\Local\Temp\ccWW8RNI.s 			page 2


  32:.\ibuton.c    **** *                                             INCLUDE FILES
  33:.\ibuton.c    **** ***************************************************************************************************
  34:.\ibuton.c    **** */
  35:.\ibuton.c    **** #include <device.h>
  36:.\ibuton.c    **** 
  37:.\ibuton.c    **** /*
  38:.\ibuton.c    **** ***************************************************************************************************
  39:.\ibuton.c    **** *                                       uint8 touch_present(uint8 ibutton)
  40:.\ibuton.c    **** *
  41:.\ibuton.c    **** * Description : Revisa que hay ibutton en el lector
  42:.\ibuton.c    **** *               
  43:.\ibuton.c    **** *
  44:.\ibuton.c    **** * Argument(s) : uint8 ibutton, indica el lado donde se encuentra el ibutton
  45:.\ibuton.c    **** *
  46:.\ibuton.c    **** * Return(s)   : 0 no hay ibutton , 1 si hay ibutton
  47:.\ibuton.c    **** *
  48:.\ibuton.c    **** * Caller(s)   : 
  49:.\ibuton.c    **** *
  50:.\ibuton.c    **** * Note(s)     : none.
  51:.\ibuton.c    **** ***************************************************************************************************
  52:.\ibuton.c    **** */
  53:.\ibuton.c    **** 
  54:.\ibuton.c    **** uint8 touch_present(uint8 ibutton){  
  27              		.loc 1 54 0
  28              		.cfi_startproc
  29              		@ args = 0, pretend = 0, frame = 0
  30              		@ frame_needed = 0, uses_anonymous_args = 0
  31              	.LVL0:
  32 0000 10B5     		push	{r4, lr}
  33              		.cfi_def_cfa_offset 8
  34              		.cfi_offset 4, -8
  35              		.cfi_offset 14, -4
  55:.\ibuton.c    ****     uint8 present;
  56:.\ibuton.c    **** 	if(ibutton==1){
  36              		.loc 1 56 0
  37 0002 0128     		cmp	r0, #1
  38 0004 1CD1     		bne	.L2
  57:.\ibuton.c    **** 	    IB1_Write(0);
  39              		.loc 1 57 0
  40 0006 0020     		movs	r0, #0
  41              	.LVL1:
  42 0008 FFF7FEFF 		bl	IB1_Write
  43              	.LVL2:
  58:.\ibuton.c    **** 	    CyDelayUs(500);
  44              		.loc 1 58 0
  45 000c 4FF4FA70 		mov	r0, #500
  46 0010 FFF7FEFF 		bl	CyDelayUs
  47              	.LVL3:
  59:.\ibuton.c    **** 	    IB1_Write(1);
  48              		.loc 1 59 0
  49 0014 0120     		movs	r0, #1
  50 0016 FFF7FEFF 		bl	IB1_Write
  51              	.LVL4:
  60:.\ibuton.c    **** 	    CyDelayUs(5);
  52              		.loc 1 60 0
  53 001a 0520     		movs	r0, #5
  54 001c FFF7FEFF 		bl	CyDelayUs
ARM GAS  C:\Users\Diego\AppData\Local\Temp\ccWW8RNI.s 			page 3


  55              	.LVL5:
  61:.\ibuton.c    **** 
  62:.\ibuton.c    **** 	    if(!IB1_Read()){
  56              		.loc 1 62 0
  57 0020 FFF7FEFF 		bl	IB1_Read
  58              	.LVL6:
  59 0024 0346     		mov	r3, r0
  60 0026 58B3     		cbz	r0, .L3
  63:.\ibuton.c    **** 	        return 0;
  64:.\ibuton.c    **** 	    }
  65:.\ibuton.c    **** 
  66:.\ibuton.c    **** 	    CyDelayUs(65);
  61              		.loc 1 66 0
  62 0028 4120     		movs	r0, #65
  63 002a FFF7FEFF 		bl	CyDelayUs
  64              	.LVL7:
  67:.\ibuton.c    **** 	    present=!IB1_Read();
  65              		.loc 1 67 0
  66 002e FFF7FEFF 		bl	IB1_Read
  67              	.LVL8:
  68 0032 0446     		mov	r4, r0
  69              	.LVL9:
  68:.\ibuton.c    **** 	    CyDelayUs(240);
  70              		.loc 1 68 0
  71 0034 F020     		movs	r0, #240
  72 0036 FFF7FEFF 		bl	CyDelayUs
  73              	.LVL10:
  69:.\ibuton.c    **** 	    if(present){
  74              		.loc 1 69 0
  75 003a F4B9     		cbnz	r4, .L4
  70:.\ibuton.c    **** 	        return 1;
  76              		.loc 1 70 0
  77 003c 0123     		movs	r3, #1
  78 003e 1FE0     		b	.L3
  79              	.LVL11:
  80              	.L2:
  71:.\ibuton.c    **** 	    }
  72:.\ibuton.c    **** 	    else{
  73:.\ibuton.c    **** 	        return 0;
  74:.\ibuton.c    **** 	    } 
  75:.\ibuton.c    **** 	}
  76:.\ibuton.c    **** 	else{
  77:.\ibuton.c    **** 	    IB2_Write(0);
  81              		.loc 1 77 0
  82 0040 0020     		movs	r0, #0
  83              	.LVL12:
  84 0042 FFF7FEFF 		bl	IB2_Write
  85              	.LVL13:
  78:.\ibuton.c    **** 	    CyDelayUs(500);
  86              		.loc 1 78 0
  87 0046 4FF4FA70 		mov	r0, #500
  88 004a FFF7FEFF 		bl	CyDelayUs
  89              	.LVL14:
  79:.\ibuton.c    **** 	    IB2_Write(1);
  90              		.loc 1 79 0
  91 004e 0120     		movs	r0, #1
  92 0050 FFF7FEFF 		bl	IB2_Write
ARM GAS  C:\Users\Diego\AppData\Local\Temp\ccWW8RNI.s 			page 4


  93              	.LVL15:
  80:.\ibuton.c    **** 	    CyDelayUs(5);
  94              		.loc 1 80 0
  95 0054 0520     		movs	r0, #5
  96 0056 FFF7FEFF 		bl	CyDelayUs
  97              	.LVL16:
  81:.\ibuton.c    **** 
  82:.\ibuton.c    **** 	    if(!IB2_Read()){
  98              		.loc 1 82 0
  99 005a FFF7FEFF 		bl	IB2_Read
 100              	.LVL17:
 101 005e 0346     		mov	r3, r0
 102 0060 70B1     		cbz	r0, .L3
  83:.\ibuton.c    **** 	        return 0;
  84:.\ibuton.c    **** 	    }
  85:.\ibuton.c    **** 
  86:.\ibuton.c    **** 	    CyDelayUs(65);
 103              		.loc 1 86 0
 104 0062 4120     		movs	r0, #65
 105 0064 FFF7FEFF 		bl	CyDelayUs
 106              	.LVL18:
  87:.\ibuton.c    **** 	    present=!IB2_Read();
 107              		.loc 1 87 0
 108 0068 FFF7FEFF 		bl	IB2_Read
 109              	.LVL19:
 110 006c 0446     		mov	r4, r0
 111              	.LVL20:
  88:.\ibuton.c    **** 	    CyDelayUs(240);
 112              		.loc 1 88 0
 113 006e F020     		movs	r0, #240
 114 0070 FFF7FEFF 		bl	CyDelayUs
 115              	.LVL21:
  89:.\ibuton.c    **** 	    if(present){
 116              		.loc 1 89 0
 117 0074 1CB9     		cbnz	r4, .L5
  90:.\ibuton.c    **** 	        return 1;
 118              		.loc 1 90 0
 119 0076 0123     		movs	r3, #1
 120 0078 02E0     		b	.L3
 121              	.L4:
  73:.\ibuton.c    **** 	    } 
 122              		.loc 1 73 0
 123 007a 0023     		movs	r3, #0
 124 007c 00E0     		b	.L3
 125              	.L5:
  91:.\ibuton.c    **** 	    }
  92:.\ibuton.c    **** 	    else{
  93:.\ibuton.c    **** 	        return 0;
 126              		.loc 1 93 0
 127 007e 0023     		movs	r3, #0
 128              	.LVL22:
 129              	.L3:
  94:.\ibuton.c    **** 	    }	
  95:.\ibuton.c    **** 	}
  96:.\ibuton.c    **** }
 130              		.loc 1 96 0
 131 0080 1846     		mov	r0, r3
ARM GAS  C:\Users\Diego\AppData\Local\Temp\ccWW8RNI.s 			page 5


 132 0082 10BD     		pop	{r4, pc}
 133              		.cfi_endproc
 134              	.LFE63:
 135              		.size	touch_present, .-touch_present
 136              		.section	.text.touch_write,"ax",%progbits
 137              		.align	2
 138              		.global	touch_write
 139              		.thumb
 140              		.thumb_func
 141              		.type	touch_write, %function
 142              	touch_write:
 143              	.LFB64:
  97:.\ibuton.c    **** 
  98:.\ibuton.c    **** /*
  99:.\ibuton.c    **** ***************************************************************************************************
 100:.\ibuton.c    **** *                                  uint8 touch_write(uint8 ibutton, uint8 dato)
 101:.\ibuton.c    **** *
 102:.\ibuton.c    **** * Description : Escribe un byte en el Ibutton
 103:.\ibuton.c    **** *               
 104:.\ibuton.c    **** *
 105:.\ibuton.c    **** * Argument(s) : uint8 ibutton = lado
 106:.\ibuton.c    **** 				uint8 dato = byte que se va a escribir
 107:.\ibuton.c    **** *
 108:.\ibuton.c    **** * Return(s)   : 0 operacion correcta
 109:.\ibuton.c    **** 				1 operacion incorrecta
 110:.\ibuton.c    **** *
 111:.\ibuton.c    **** * Caller(s)   : 
 112:.\ibuton.c    **** *
 113:.\ibuton.c    **** * Note(s)     : none.
 114:.\ibuton.c    **** ***************************************************************************************************
 115:.\ibuton.c    **** */
 116:.\ibuton.c    **** 
 117:.\ibuton.c    **** uint8 touch_write(uint8 ibutton, uint8 data){
 144              		.loc 1 117 0
 145              		.cfi_startproc
 146              		@ args = 0, pretend = 0, frame = 0
 147              		@ frame_needed = 0, uses_anonymous_args = 0
 148              	.LVL23:
 149 0000 38B5     		push	{r3, r4, r5, lr}
 150              		.cfi_def_cfa_offset 16
 151              		.cfi_offset 3, -16
 152              		.cfi_offset 4, -12
 153              		.cfi_offset 5, -8
 154              		.cfi_offset 14, -4
 155 0002 0D46     		mov	r5, r1
 118:.\ibuton.c    ****     uint8 i;
 119:.\ibuton.c    **** 	if(ibutton==1){
 156              		.loc 1 119 0
 157 0004 0128     		cmp	r0, #1
 158 0006 2DD0     		beq	.L17
 159 0008 0024     		movs	r4, #0
 160 000a 5AE0     		b	.L9
 161              	.LVL24:
 162              	.L13:
 120:.\ibuton.c    **** 	    for(i=0;i<=7;i++){
 121:.\ibuton.c    **** 	        IB1_Write(0); 
 163              		.loc 1 121 0
ARM GAS  C:\Users\Diego\AppData\Local\Temp\ccWW8RNI.s 			page 6


 164 000c 0020     		movs	r0, #0
 165 000e FFF7FEFF 		bl	IB1_Write
 166              	.LVL25:
 122:.\ibuton.c    **** 	        CyDelayUs(10);
 167              		.loc 1 122 0
 168 0012 0A20     		movs	r0, #10
 169 0014 FFF7FEFF 		bl	CyDelayUs
 170              	.LVL26:
 123:.\ibuton.c    **** 	        if(((data>>i)&1)){
 171              		.loc 1 123 0
 172 0018 45FA04F3 		asr	r3, r5, r4
 173 001c 13F0010F 		tst	r3, #1
 174 0020 0AD0     		beq	.L10
 124:.\ibuton.c    **** 	           IB1_Write(1);
 175              		.loc 1 124 0
 176 0022 0120     		movs	r0, #1
 177 0024 FFF7FEFF 		bl	IB1_Write
 178              	.LVL27:
 125:.\ibuton.c    **** 	           CyDelayUs(10);
 179              		.loc 1 125 0
 180 0028 0A20     		movs	r0, #10
 181 002a FFF7FEFF 		bl	CyDelayUs
 182              	.LVL28:
 126:.\ibuton.c    **** 	           if(!IB1_Read()){
 183              		.loc 1 126 0
 184 002e FFF7FEFF 		bl	IB1_Read
 185              	.LVL29:
 186 0032 0346     		mov	r3, r0
 187 0034 50B9     		cbnz	r0, .L12
 188 0036 4BE0     		b	.L11
 189              	.L10:
 127:.\ibuton.c    **** 	                return 0;                
 128:.\ibuton.c    **** 	           }
 129:.\ibuton.c    **** 	        }
 130:.\ibuton.c    **** 	        else{
 131:.\ibuton.c    **** 	            IB1_Write(0); 
 190              		.loc 1 131 0
 191 0038 0020     		movs	r0, #0
 192 003a FFF7FEFF 		bl	IB1_Write
 193              	.LVL30:
 132:.\ibuton.c    **** 	            CyDelayUs(10);
 194              		.loc 1 132 0
 195 003e 0A20     		movs	r0, #10
 196 0040 FFF7FEFF 		bl	CyDelayUs
 197              	.LVL31:
 133:.\ibuton.c    **** 	           if(IB1_Read()){
 198              		.loc 1 133 0
 199 0044 FFF7FEFF 		bl	IB1_Read
 200              	.LVL32:
 201 0048 0028     		cmp	r0, #0
 202 004a 3ED1     		bne	.L18
 203              	.L12:
 134:.\ibuton.c    **** 	                return 0;                
 135:.\ibuton.c    **** 	           }            
 136:.\ibuton.c    **** 	        }
 137:.\ibuton.c    **** 	        CyDelayUs(50);
 204              		.loc 1 137 0 discriminator 2
ARM GAS  C:\Users\Diego\AppData\Local\Temp\ccWW8RNI.s 			page 7


 205 004c 3220     		movs	r0, #50
 206 004e FFF7FEFF 		bl	CyDelayUs
 207              	.LVL33:
 138:.\ibuton.c    **** 	        IB1_Write(1);
 208              		.loc 1 138 0 discriminator 2
 209 0052 0120     		movs	r0, #1
 210 0054 FFF7FEFF 		bl	IB1_Write
 211              	.LVL34:
 139:.\ibuton.c    **** 	        CyDelayUs(50);
 212              		.loc 1 139 0 discriminator 2
 213 0058 3220     		movs	r0, #50
 214 005a FFF7FEFF 		bl	CyDelayUs
 215              	.LVL35:
 120:.\ibuton.c    **** 	        IB1_Write(0); 
 216              		.loc 1 120 0 discriminator 2
 217 005e 0134     		adds	r4, r4, #1
 218              	.LVL36:
 219 0060 E4B2     		uxtb	r4, r4
 220              	.LVL37:
 221 0062 00E0     		b	.L8
 222              	.LVL38:
 223              	.L17:
 224 0064 0024     		movs	r4, #0
 225              	.LVL39:
 226              	.L8:
 120:.\ibuton.c    **** 	        IB1_Write(0); 
 227              		.loc 1 120 0 is_stmt 0 discriminator 1
 228 0066 072C     		cmp	r4, #7
 229 0068 D0D9     		bls	.L13
 140:.\ibuton.c    **** 	    }
 141:.\ibuton.c    **** 	    return 1;
 230              		.loc 1 141 0 is_stmt 1
 231 006a 0123     		movs	r3, #1
 232 006c 30E0     		b	.L11
 233              	.L16:
 142:.\ibuton.c    **** 	}
 143:.\ibuton.c    **** 	else{
 144:.\ibuton.c    **** 	    for(i=0;i<=7;i++){
 145:.\ibuton.c    **** 	        IB2_Write(0); 
 234              		.loc 1 145 0
 235 006e 0020     		movs	r0, #0
 236 0070 FFF7FEFF 		bl	IB2_Write
 237              	.LVL40:
 146:.\ibuton.c    **** 	        CyDelayUs(10);
 238              		.loc 1 146 0
 239 0074 0A20     		movs	r0, #10
 240 0076 FFF7FEFF 		bl	CyDelayUs
 241              	.LVL41:
 147:.\ibuton.c    **** 	        if(((data>>i)&1)){
 242              		.loc 1 147 0
 243 007a 45FA04F3 		asr	r3, r5, r4
 244 007e 13F0010F 		tst	r3, #1
 245 0082 0AD0     		beq	.L14
 148:.\ibuton.c    **** 	           IB2_Write(1);
 246              		.loc 1 148 0
 247 0084 0120     		movs	r0, #1
 248 0086 FFF7FEFF 		bl	IB2_Write
ARM GAS  C:\Users\Diego\AppData\Local\Temp\ccWW8RNI.s 			page 8


 249              	.LVL42:
 149:.\ibuton.c    **** 	           CyDelayUs(10);
 250              		.loc 1 149 0
 251 008a 0A20     		movs	r0, #10
 252 008c FFF7FEFF 		bl	CyDelayUs
 253              	.LVL43:
 150:.\ibuton.c    **** 	           if(!IB2_Read()){
 254              		.loc 1 150 0
 255 0090 FFF7FEFF 		bl	IB2_Read
 256              	.LVL44:
 257 0094 0346     		mov	r3, r0
 258 0096 48B9     		cbnz	r0, .L15
 259 0098 1AE0     		b	.L11
 260              	.L14:
 151:.\ibuton.c    **** 	                return 0;                
 152:.\ibuton.c    **** 	           }
 153:.\ibuton.c    **** 	        }
 154:.\ibuton.c    **** 	        else{
 155:.\ibuton.c    **** 	            IB2_Write(0); 
 261              		.loc 1 155 0
 262 009a 0020     		movs	r0, #0
 263 009c FFF7FEFF 		bl	IB2_Write
 264              	.LVL45:
 156:.\ibuton.c    **** 	            CyDelayUs(10);
 265              		.loc 1 156 0
 266 00a0 0A20     		movs	r0, #10
 267 00a2 FFF7FEFF 		bl	CyDelayUs
 268              	.LVL46:
 157:.\ibuton.c    **** 	           if(IB2_Read()){
 269              		.loc 1 157 0
 270 00a6 FFF7FEFF 		bl	IB2_Read
 271              	.LVL47:
 272 00aa 80B9     		cbnz	r0, .L19
 273              	.L15:
 158:.\ibuton.c    **** 	                return 0;                
 159:.\ibuton.c    **** 	           }            
 160:.\ibuton.c    **** 	        }
 161:.\ibuton.c    **** 	        CyDelayUs(50);
 274              		.loc 1 161 0 discriminator 2
 275 00ac 3220     		movs	r0, #50
 276 00ae FFF7FEFF 		bl	CyDelayUs
 277              	.LVL48:
 162:.\ibuton.c    **** 	        IB2_Write(1);
 278              		.loc 1 162 0 discriminator 2
 279 00b2 0120     		movs	r0, #1
 280 00b4 FFF7FEFF 		bl	IB2_Write
 281              	.LVL49:
 163:.\ibuton.c    **** 	        CyDelayUs(50);
 282              		.loc 1 163 0 discriminator 2
 283 00b8 3220     		movs	r0, #50
 284 00ba FFF7FEFF 		bl	CyDelayUs
 285              	.LVL50:
 144:.\ibuton.c    **** 	        IB2_Write(0); 
 286              		.loc 1 144 0 discriminator 2
 287 00be 0134     		adds	r4, r4, #1
 288              	.LVL51:
 289 00c0 E4B2     		uxtb	r4, r4
ARM GAS  C:\Users\Diego\AppData\Local\Temp\ccWW8RNI.s 			page 9


 290              	.LVL52:
 291              	.L9:
 144:.\ibuton.c    **** 	        IB2_Write(0); 
 292              		.loc 1 144 0 is_stmt 0 discriminator 1
 293 00c2 072C     		cmp	r4, #7
 294 00c4 D3D9     		bls	.L16
 164:.\ibuton.c    **** 	    }
 165:.\ibuton.c    **** 	    return 1;	
 295              		.loc 1 165 0 is_stmt 1
 296 00c6 0123     		movs	r3, #1
 297 00c8 02E0     		b	.L11
 298              	.L18:
 134:.\ibuton.c    **** 	           }            
 299              		.loc 1 134 0
 300 00ca 0023     		movs	r3, #0
 301 00cc 00E0     		b	.L11
 302              	.L19:
 158:.\ibuton.c    **** 	           }            
 303              		.loc 1 158 0
 304 00ce 0023     		movs	r3, #0
 305              	.L11:
 166:.\ibuton.c    **** 	}
 167:.\ibuton.c    **** }
 306              		.loc 1 167 0
 307 00d0 1846     		mov	r0, r3
 308 00d2 38BD     		pop	{r3, r4, r5, pc}
 309              		.cfi_endproc
 310              	.LFE64:
 311              		.size	touch_write, .-touch_write
 312              		.section	.text.touch_read_byte,"ax",%progbits
 313              		.align	2
 314              		.global	touch_read_byte
 315              		.thumb
 316              		.thumb_func
 317              		.type	touch_read_byte, %function
 318              	touch_read_byte:
 319              	.LFB65:
 168:.\ibuton.c    **** 
 169:.\ibuton.c    **** /*
 170:.\ibuton.c    **** ***************************************************************************************************
 171:.\ibuton.c    **** *                                   uint8 touch_read_byte(uint8 ibutton)
 172:.\ibuton.c    **** *
 173:.\ibuton.c    **** * Description : Lee un byte del ibutton, se usa para leer los bytes del serial
 174:.\ibuton.c    **** *               
 175:.\ibuton.c    **** *
 176:.\ibuton.c    **** * Argument(s) : uint8 ibutton = lado
 177:.\ibuton.c    **** *
 178:.\ibuton.c    **** * Return(s)   : 0 = no hubo lectura
 179:.\ibuton.c    **** 				!=0 dato leido
 180:.\ibuton.c    **** *
 181:.\ibuton.c    **** * Caller(s)   : 
 182:.\ibuton.c    **** *
 183:.\ibuton.c    **** * Note(s)     : none.
 184:.\ibuton.c    **** ***************************************************************************************************
 185:.\ibuton.c    **** */
 186:.\ibuton.c    **** 
 187:.\ibuton.c    **** uint8 touch_read_byte(uint8 ibutton){
ARM GAS  C:\Users\Diego\AppData\Local\Temp\ccWW8RNI.s 			page 10


 320              		.loc 1 187 0
 321              		.cfi_startproc
 322              		@ args = 0, pretend = 0, frame = 0
 323              		@ frame_needed = 0, uses_anonymous_args = 0
 324              	.LVL53:
 325 0000 38B5     		push	{r3, r4, r5, lr}
 326              		.cfi_def_cfa_offset 16
 327              		.cfi_offset 3, -16
 328              		.cfi_offset 4, -12
 329              		.cfi_offset 5, -8
 330              		.cfi_offset 14, -4
 331              	.LVL54:
 188:.\ibuton.c    ****     uint8 i, dato=0;
 189:.\ibuton.c    **** 	if(ibutton==1){
 332              		.loc 1 189 0
 333 0002 0128     		cmp	r0, #1
 334 0004 19D0     		beq	.L27
 335 0006 0025     		movs	r5, #0
 336 0008 2C46     		mov	r4, r5
 337 000a 31E0     		b	.L23
 338              	.LVL55:
 339              	.L24:
 190:.\ibuton.c    **** 	    for(i=0;i<=7;i++){
 191:.\ibuton.c    **** 	        IB1_Write(0);    
 340              		.loc 1 191 0 discriminator 3
 341 000c 0020     		movs	r0, #0
 342 000e FFF7FEFF 		bl	IB1_Write
 343              	.LVL56:
 192:.\ibuton.c    **** 	        CyDelayUs(14);
 344              		.loc 1 192 0 discriminator 3
 345 0012 0E20     		movs	r0, #14
 346 0014 FFF7FEFF 		bl	CyDelayUs
 347              	.LVL57:
 193:.\ibuton.c    **** 	        IB1_Write(1);
 348              		.loc 1 193 0 discriminator 3
 349 0018 0120     		movs	r0, #1
 350 001a FFF7FEFF 		bl	IB1_Write
 351              	.LVL58:
 194:.\ibuton.c    **** 	        CyDelayUs(7);
 352              		.loc 1 194 0 discriminator 3
 353 001e 0720     		movs	r0, #7
 354 0020 FFF7FEFF 		bl	CyDelayUs
 355              	.LVL59:
 195:.\ibuton.c    **** 	        dato|=(IB1_Read()<<i);
 356              		.loc 1 195 0 discriminator 3
 357 0024 FFF7FEFF 		bl	IB1_Read
 358              	.LVL60:
 359 0028 A040     		lsls	r0, r0, r4
 360 002a 0543     		orrs	r5, r5, r0
 361              	.LVL61:
 362 002c EDB2     		uxtb	r5, r5
 363              	.LVL62:
 196:.\ibuton.c    **** 	        CyDelayUs(100);
 364              		.loc 1 196 0 discriminator 3
 365 002e 6420     		movs	r0, #100
 366 0030 FFF7FEFF 		bl	CyDelayUs
 367              	.LVL63:
ARM GAS  C:\Users\Diego\AppData\Local\Temp\ccWW8RNI.s 			page 11


 190:.\ibuton.c    **** 	        IB1_Write(0);    
 368              		.loc 1 190 0 discriminator 3
 369 0034 0134     		adds	r4, r4, #1
 370              	.LVL64:
 371 0036 E4B2     		uxtb	r4, r4
 372              	.LVL65:
 373 0038 01E0     		b	.L22
 374              	.LVL66:
 375              	.L27:
 376 003a 0025     		movs	r5, #0
 377 003c 2C46     		mov	r4, r5
 378              	.LVL67:
 379              	.L22:
 190:.\ibuton.c    **** 	        IB1_Write(0);    
 380              		.loc 1 190 0 is_stmt 0 discriminator 1
 381 003e 072C     		cmp	r4, #7
 382 0040 E4D9     		bls	.L24
 383 0042 17E0     		b	.L25
 384              	.L26:
 197:.\ibuton.c    **** 	    }
 198:.\ibuton.c    **** 	    return dato;
 199:.\ibuton.c    **** 	}
 200:.\ibuton.c    **** 	else{
 201:.\ibuton.c    **** 	    for(i=0;i<=7;i++){
 202:.\ibuton.c    **** 	        IB2_Write(0);    
 385              		.loc 1 202 0 is_stmt 1 discriminator 3
 386 0044 0020     		movs	r0, #0
 387 0046 FFF7FEFF 		bl	IB2_Write
 388              	.LVL68:
 203:.\ibuton.c    **** 	        CyDelayUs(14);
 389              		.loc 1 203 0 discriminator 3
 390 004a 0E20     		movs	r0, #14
 391 004c FFF7FEFF 		bl	CyDelayUs
 392              	.LVL69:
 204:.\ibuton.c    **** 	        IB2_Write(1);
 393              		.loc 1 204 0 discriminator 3
 394 0050 0120     		movs	r0, #1
 395 0052 FFF7FEFF 		bl	IB2_Write
 396              	.LVL70:
 205:.\ibuton.c    **** 	        CyDelayUs(7);
 397              		.loc 1 205 0 discriminator 3
 398 0056 0720     		movs	r0, #7
 399 0058 FFF7FEFF 		bl	CyDelayUs
 400              	.LVL71:
 206:.\ibuton.c    **** 	        dato|=(IB2_Read()<<i);
 401              		.loc 1 206 0 discriminator 3
 402 005c FFF7FEFF 		bl	IB2_Read
 403              	.LVL72:
 404 0060 A040     		lsls	r0, r0, r4
 405 0062 0543     		orrs	r5, r5, r0
 406              	.LVL73:
 407 0064 EDB2     		uxtb	r5, r5
 408              	.LVL74:
 207:.\ibuton.c    **** 	        CyDelayUs(100);
 409              		.loc 1 207 0 discriminator 3
 410 0066 6420     		movs	r0, #100
 411 0068 FFF7FEFF 		bl	CyDelayUs
ARM GAS  C:\Users\Diego\AppData\Local\Temp\ccWW8RNI.s 			page 12


 412              	.LVL75:
 201:.\ibuton.c    **** 	        IB2_Write(0);    
 413              		.loc 1 201 0 discriminator 3
 414 006c 0134     		adds	r4, r4, #1
 415              	.LVL76:
 416 006e E4B2     		uxtb	r4, r4
 417              	.LVL77:
 418              	.L23:
 201:.\ibuton.c    **** 	        IB2_Write(0);    
 419              		.loc 1 201 0 is_stmt 0 discriminator 1
 420 0070 072C     		cmp	r4, #7
 421 0072 E7D9     		bls	.L26
 422              	.L25:
 208:.\ibuton.c    **** 	    }
 209:.\ibuton.c    **** 	    return dato;	
 210:.\ibuton.c    **** 	}
 211:.\ibuton.c    **** } 
 423              		.loc 1 211 0 is_stmt 1
 424 0074 2846     		mov	r0, r5
 425 0076 38BD     		pop	{r3, r4, r5, pc}
 426              		.cfi_endproc
 427              	.LFE65:
 428              		.size	touch_read_byte, .-touch_read_byte
 429              		.section	.text.crc_check,"ax",%progbits
 430              		.align	2
 431              		.global	crc_check
 432              		.thumb
 433              		.thumb_func
 434              		.type	crc_check, %function
 435              	crc_check:
 436              	.LFB66:
 212:.\ibuton.c    **** 
 213:.\ibuton.c    **** /*
 214:.\ibuton.c    **** ***************************************************************************************************
 215:.\ibuton.c    **** *                                   uint8 crc_check(uint8 crc, uint8 dato)
 216:.\ibuton.c    **** *
 217:.\ibuton.c    **** * Description : Lee un byte del ibutton, se usa para leer los bytes del serial
 218:.\ibuton.c    **** *               
 219:.\ibuton.c    **** *
 220:.\ibuton.c    **** * Argument(s) : uint8 ibutton = lado
 221:.\ibuton.c    **** *
 222:.\ibuton.c    **** * Return(s)   : 0 = no hubo lectura
 223:.\ibuton.c    **** 				!=0 dato leido
 224:.\ibuton.c    **** *
 225:.\ibuton.c    **** * Caller(s)   : 
 226:.\ibuton.c    **** *
 227:.\ibuton.c    **** * Note(s)     : none.
 228:.\ibuton.c    **** ***************************************************************************************************
 229:.\ibuton.c    **** */
 230:.\ibuton.c    **** uint8 crc_check(uint8 crc, uint8 data){
 437              		.loc 1 230 0
 438              		.cfi_startproc
 439              		@ args = 0, pretend = 0, frame = 0
 440              		@ frame_needed = 0, uses_anonymous_args = 0
 441              		@ link register save eliminated.
 442              	.LVL78:
 231:.\ibuton.c    ****     uint32 i;
ARM GAS  C:\Users\Diego\AppData\Local\Temp\ccWW8RNI.s 			page 13


 232:.\ibuton.c    ****     crc = crc ^ data;
 443              		.loc 1 232 0
 444 0000 4840     		eors	r0, r0, r1
 445              	.LVL79:
 233:.\ibuton.c    ****     for (i = 0; i < 8; i++){
 446              		.loc 1 233 0
 447 0002 0023     		movs	r3, #0
 448 0004 08E0     		b	.L30
 449              	.LVL80:
 450              	.L33:
 234:.\ibuton.c    ****         if (crc & 0x01){
 451              		.loc 1 234 0
 452 0006 10F0010F 		tst	r0, #1
 453 000a 03D0     		beq	.L31
 235:.\ibuton.c    ****             crc = (crc >> 1) ^ 0x8C;
 454              		.loc 1 235 0
 455 000c 4008     		lsrs	r0, r0, #1
 456              	.LVL81:
 457 000e 80F08C00 		eor	r0, r0, #140
 458              	.LVL82:
 459 0012 00E0     		b	.L32
 460              	.L31:
 236:.\ibuton.c    ****         }else{
 237:.\ibuton.c    ****             crc >>= 1;
 461              		.loc 1 237 0
 462 0014 4008     		lsrs	r0, r0, #1
 463              	.LVL83:
 464              	.L32:
 233:.\ibuton.c    ****         if (crc & 0x01){
 465              		.loc 1 233 0 discriminator 2
 466 0016 0133     		adds	r3, r3, #1
 467              	.LVL84:
 468              	.L30:
 233:.\ibuton.c    ****         if (crc & 0x01){
 469              		.loc 1 233 0 is_stmt 0 discriminator 1
 470 0018 072B     		cmp	r3, #7
 471 001a F4D9     		bls	.L33
 238:.\ibuton.c    ****         }
 239:.\ibuton.c    ****     }
 240:.\ibuton.c    ****     return crc;
 241:.\ibuton.c    **** }
 472              		.loc 1 241 0 is_stmt 1
 473 001c 7047     		bx	lr
 474              		.cfi_endproc
 475              	.LFE66:
 476              		.size	crc_check, .-crc_check
 477 001e 00BF     		.text
 478              	.Letext0:
 479              		.file 2 "c:\\program files (x86)\\cypress\\psoc creator\\3.3\\psoc creator\\import\\gnu\\arm\\4.9.
 480              		.file 3 "c:\\program files (x86)\\cypress\\psoc creator\\3.3\\psoc creator\\import\\gnu\\arm\\4.9.
 481              		.file 4 "Generated_Source\\PSoC5/cytypes.h"
 482              		.file 5 "Generated_Source\\PSoC5/IB1.h"
 483              		.file 6 "Generated_Source\\PSoC5/CyLib.h"
 484              		.file 7 "Generated_Source\\PSoC5/IB2.h"
 485              		.file 8 "Generated_Source\\PSoC5/core_cm3.h"
 486              		.section	.debug_info,"",%progbits
 487              	.Ldebug_info0:
ARM GAS  C:\Users\Diego\AppData\Local\Temp\ccWW8RNI.s 			page 14


 488 0000 71050000 		.4byte	0x571
 489 0004 0400     		.2byte	0x4
 490 0006 00000000 		.4byte	.Ldebug_abbrev0
 491 000a 04       		.byte	0x4
 492 000b 01       		.uleb128 0x1
 493 000c A7000000 		.4byte	.LASF31
 494 0010 01       		.byte	0x1
 495 0011 89000000 		.4byte	.LASF32
 496 0015 C5010000 		.4byte	.LASF33
 497 0019 00000000 		.4byte	.Ldebug_ranges0+0
 498 001d 00000000 		.4byte	0
 499 0021 00000000 		.4byte	.Ldebug_line0
 500 0025 02       		.uleb128 0x2
 501 0026 01       		.byte	0x1
 502 0027 06       		.byte	0x6
 503 0028 07020000 		.4byte	.LASF0
 504 002c 02       		.uleb128 0x2
 505 002d 01       		.byte	0x1
 506 002e 08       		.byte	0x8
 507 002f 36000000 		.4byte	.LASF1
 508 0033 02       		.uleb128 0x2
 509 0034 02       		.byte	0x2
 510 0035 05       		.byte	0x5
 511 0036 A2010000 		.4byte	.LASF2
 512 003a 02       		.uleb128 0x2
 513 003b 02       		.byte	0x2
 514 003c 07       		.byte	0x7
 515 003d 56000000 		.4byte	.LASF3
 516 0041 03       		.uleb128 0x3
 517 0042 11000000 		.4byte	.LASF9
 518 0046 02       		.byte	0x2
 519 0047 3F       		.byte	0x3f
 520 0048 4C000000 		.4byte	0x4c
 521 004c 02       		.uleb128 0x2
 522 004d 04       		.byte	0x4
 523 004e 05       		.byte	0x5
 524 004f B2010000 		.4byte	.LASF4
 525 0053 02       		.uleb128 0x2
 526 0054 04       		.byte	0x4
 527 0055 07       		.byte	0x7
 528 0056 44000000 		.4byte	.LASF5
 529 005a 02       		.uleb128 0x2
 530 005b 08       		.byte	0x8
 531 005c 05       		.byte	0x5
 532 005d 85010000 		.4byte	.LASF6
 533 0061 02       		.uleb128 0x2
 534 0062 08       		.byte	0x8
 535 0063 07       		.byte	0x7
 536 0064 52010000 		.4byte	.LASF7
 537 0068 04       		.uleb128 0x4
 538 0069 04       		.byte	0x4
 539 006a 05       		.byte	0x5
 540 006b 696E7400 		.ascii	"int\000"
 541 006f 02       		.uleb128 0x2
 542 0070 04       		.byte	0x4
 543 0071 07       		.byte	0x7
 544 0072 35010000 		.4byte	.LASF8
ARM GAS  C:\Users\Diego\AppData\Local\Temp\ccWW8RNI.s 			page 15


 545 0076 03       		.uleb128 0x3
 546 0077 1B000000 		.4byte	.LASF10
 547 007b 03       		.byte	0x3
 548 007c 2C       		.byte	0x2c
 549 007d 41000000 		.4byte	0x41
 550 0081 05       		.uleb128 0x5
 551 0082 AC010000 		.4byte	.LASF11
 552 0086 04       		.byte	0x4
 553 0087 3801     		.2byte	0x138
 554 0089 2C000000 		.4byte	0x2c
 555 008d 05       		.uleb128 0x5
 556 008e 82000000 		.4byte	.LASF12
 557 0092 04       		.byte	0x4
 558 0093 3901     		.2byte	0x139
 559 0095 3A000000 		.4byte	0x3a
 560 0099 05       		.uleb128 0x5
 561 009a A0000000 		.4byte	.LASF13
 562 009e 04       		.byte	0x4
 563 009f 3A01     		.2byte	0x13a
 564 00a1 53000000 		.4byte	0x53
 565 00a5 02       		.uleb128 0x2
 566 00a6 04       		.byte	0x4
 567 00a7 04       		.byte	0x4
 568 00a8 2B000000 		.4byte	.LASF14
 569 00ac 02       		.uleb128 0x2
 570 00ad 08       		.byte	0x8
 571 00ae 04       		.byte	0x4
 572 00af 7B000000 		.4byte	.LASF15
 573 00b3 02       		.uleb128 0x2
 574 00b4 01       		.byte	0x1
 575 00b5 08       		.byte	0x8
 576 00b6 9D010000 		.4byte	.LASF16
 577 00ba 02       		.uleb128 0x2
 578 00bb 04       		.byte	0x4
 579 00bc 07       		.byte	0x7
 580 00bd 7C010000 		.4byte	.LASF17
 581 00c1 06       		.uleb128 0x6
 582 00c2 13020000 		.4byte	.LASF18
 583 00c6 01       		.byte	0x1
 584 00c7 36       		.byte	0x36
 585 00c8 81000000 		.4byte	0x81
 586 00cc 00000000 		.4byte	.LFB63
 587 00d0 84000000 		.4byte	.LFE63-.LFB63
 588 00d4 01       		.uleb128 0x1
 589 00d5 9C       		.byte	0x9c
 590 00d6 05020000 		.4byte	0x205
 591 00da 07       		.uleb128 0x7
 592 00db 23000000 		.4byte	.LASF20
 593 00df 01       		.byte	0x1
 594 00e0 36       		.byte	0x36
 595 00e1 81000000 		.4byte	0x81
 596 00e5 00000000 		.4byte	.LLST0
 597 00e9 08       		.uleb128 0x8
 598 00ea 09000000 		.4byte	.LASF22
 599 00ee 01       		.byte	0x1
 600 00ef 37       		.byte	0x37
 601 00f0 81000000 		.4byte	0x81
ARM GAS  C:\Users\Diego\AppData\Local\Temp\ccWW8RNI.s 			page 16


 602 00f4 3A000000 		.4byte	.LLST1
 603 00f8 09       		.uleb128 0x9
 604 00f9 0C000000 		.4byte	.LVL2
 605 00fd 2B050000 		.4byte	0x52b
 606 0101 0B010000 		.4byte	0x10b
 607 0105 0A       		.uleb128 0xa
 608 0106 01       		.uleb128 0x1
 609 0107 50       		.byte	0x50
 610 0108 01       		.uleb128 0x1
 611 0109 30       		.byte	0x30
 612 010a 00       		.byte	0
 613 010b 09       		.uleb128 0x9
 614 010c 14000000 		.4byte	.LVL3
 615 0110 3C050000 		.4byte	0x53c
 616 0114 20010000 		.4byte	0x120
 617 0118 0A       		.uleb128 0xa
 618 0119 01       		.uleb128 0x1
 619 011a 50       		.byte	0x50
 620 011b 03       		.uleb128 0x3
 621 011c 0A       		.byte	0xa
 622 011d F401     		.2byte	0x1f4
 623 011f 00       		.byte	0
 624 0120 09       		.uleb128 0x9
 625 0121 1A000000 		.4byte	.LVL4
 626 0125 2B050000 		.4byte	0x52b
 627 0129 33010000 		.4byte	0x133
 628 012d 0A       		.uleb128 0xa
 629 012e 01       		.uleb128 0x1
 630 012f 50       		.byte	0x50
 631 0130 01       		.uleb128 0x1
 632 0131 31       		.byte	0x31
 633 0132 00       		.byte	0
 634 0133 09       		.uleb128 0x9
 635 0134 20000000 		.4byte	.LVL5
 636 0138 3C050000 		.4byte	0x53c
 637 013c 46010000 		.4byte	0x146
 638 0140 0A       		.uleb128 0xa
 639 0141 01       		.uleb128 0x1
 640 0142 50       		.byte	0x50
 641 0143 01       		.uleb128 0x1
 642 0144 35       		.byte	0x35
 643 0145 00       		.byte	0
 644 0146 0B       		.uleb128 0xb
 645 0147 24000000 		.4byte	.LVL6
 646 014b 4D050000 		.4byte	0x54d
 647 014f 09       		.uleb128 0x9
 648 0150 2E000000 		.4byte	.LVL7
 649 0154 3C050000 		.4byte	0x53c
 650 0158 63010000 		.4byte	0x163
 651 015c 0A       		.uleb128 0xa
 652 015d 01       		.uleb128 0x1
 653 015e 50       		.byte	0x50
 654 015f 02       		.uleb128 0x2
 655 0160 08       		.byte	0x8
 656 0161 41       		.byte	0x41
 657 0162 00       		.byte	0
 658 0163 0B       		.uleb128 0xb
ARM GAS  C:\Users\Diego\AppData\Local\Temp\ccWW8RNI.s 			page 17


 659 0164 32000000 		.4byte	.LVL8
 660 0168 4D050000 		.4byte	0x54d
 661 016c 09       		.uleb128 0x9
 662 016d 3A000000 		.4byte	.LVL10
 663 0171 3C050000 		.4byte	0x53c
 664 0175 80010000 		.4byte	0x180
 665 0179 0A       		.uleb128 0xa
 666 017a 01       		.uleb128 0x1
 667 017b 50       		.byte	0x50
 668 017c 02       		.uleb128 0x2
 669 017d 08       		.byte	0x8
 670 017e F0       		.byte	0xf0
 671 017f 00       		.byte	0
 672 0180 09       		.uleb128 0x9
 673 0181 46000000 		.4byte	.LVL13
 674 0185 58050000 		.4byte	0x558
 675 0189 93010000 		.4byte	0x193
 676 018d 0A       		.uleb128 0xa
 677 018e 01       		.uleb128 0x1
 678 018f 50       		.byte	0x50
 679 0190 01       		.uleb128 0x1
 680 0191 30       		.byte	0x30
 681 0192 00       		.byte	0
 682 0193 09       		.uleb128 0x9
 683 0194 4E000000 		.4byte	.LVL14
 684 0198 3C050000 		.4byte	0x53c
 685 019c A8010000 		.4byte	0x1a8
 686 01a0 0A       		.uleb128 0xa
 687 01a1 01       		.uleb128 0x1
 688 01a2 50       		.byte	0x50
 689 01a3 03       		.uleb128 0x3
 690 01a4 0A       		.byte	0xa
 691 01a5 F401     		.2byte	0x1f4
 692 01a7 00       		.byte	0
 693 01a8 09       		.uleb128 0x9
 694 01a9 54000000 		.4byte	.LVL15
 695 01ad 58050000 		.4byte	0x558
 696 01b1 BB010000 		.4byte	0x1bb
 697 01b5 0A       		.uleb128 0xa
 698 01b6 01       		.uleb128 0x1
 699 01b7 50       		.byte	0x50
 700 01b8 01       		.uleb128 0x1
 701 01b9 31       		.byte	0x31
 702 01ba 00       		.byte	0
 703 01bb 09       		.uleb128 0x9
 704 01bc 5A000000 		.4byte	.LVL16
 705 01c0 3C050000 		.4byte	0x53c
 706 01c4 CE010000 		.4byte	0x1ce
 707 01c8 0A       		.uleb128 0xa
 708 01c9 01       		.uleb128 0x1
 709 01ca 50       		.byte	0x50
 710 01cb 01       		.uleb128 0x1
 711 01cc 35       		.byte	0x35
 712 01cd 00       		.byte	0
 713 01ce 0B       		.uleb128 0xb
 714 01cf 5E000000 		.4byte	.LVL17
 715 01d3 69050000 		.4byte	0x569
ARM GAS  C:\Users\Diego\AppData\Local\Temp\ccWW8RNI.s 			page 18


 716 01d7 09       		.uleb128 0x9
 717 01d8 68000000 		.4byte	.LVL18
 718 01dc 3C050000 		.4byte	0x53c
 719 01e0 EB010000 		.4byte	0x1eb
 720 01e4 0A       		.uleb128 0xa
 721 01e5 01       		.uleb128 0x1
 722 01e6 50       		.byte	0x50
 723 01e7 02       		.uleb128 0x2
 724 01e8 08       		.byte	0x8
 725 01e9 41       		.byte	0x41
 726 01ea 00       		.byte	0
 727 01eb 0B       		.uleb128 0xb
 728 01ec 6C000000 		.4byte	.LVL19
 729 01f0 69050000 		.4byte	0x569
 730 01f4 0C       		.uleb128 0xc
 731 01f5 74000000 		.4byte	.LVL21
 732 01f9 3C050000 		.4byte	0x53c
 733 01fd 0A       		.uleb128 0xa
 734 01fe 01       		.uleb128 0x1
 735 01ff 50       		.byte	0x50
 736 0200 02       		.uleb128 0x2
 737 0201 08       		.byte	0x8
 738 0202 F0       		.byte	0xf0
 739 0203 00       		.byte	0
 740 0204 00       		.byte	0
 741 0205 06       		.uleb128 0x6
 742 0206 94000000 		.4byte	.LASF19
 743 020a 01       		.byte	0x1
 744 020b 75       		.byte	0x75
 745 020c 81000000 		.4byte	0x81
 746 0210 00000000 		.4byte	.LFB64
 747 0214 D4000000 		.4byte	.LFE64-.LFB64
 748 0218 01       		.uleb128 0x1
 749 0219 9C       		.byte	0x9c
 750 021a C4030000 		.4byte	0x3c4
 751 021e 07       		.uleb128 0x7
 752 021f 23000000 		.4byte	.LASF20
 753 0223 01       		.byte	0x1
 754 0224 75       		.byte	0x75
 755 0225 81000000 		.4byte	0x81
 756 0229 64000000 		.4byte	.LLST2
 757 022d 07       		.uleb128 0x7
 758 022e 31000000 		.4byte	.LASF21
 759 0232 01       		.byte	0x1
 760 0233 75       		.byte	0x75
 761 0234 81000000 		.4byte	0x81
 762 0238 9E000000 		.4byte	.LLST3
 763 023c 0D       		.uleb128 0xd
 764 023d 6900     		.ascii	"i\000"
 765 023f 01       		.byte	0x1
 766 0240 76       		.byte	0x76
 767 0241 81000000 		.4byte	0x81
 768 0245 D8000000 		.4byte	.LLST4
 769 0249 09       		.uleb128 0x9
 770 024a 12000000 		.4byte	.LVL25
 771 024e 2B050000 		.4byte	0x52b
 772 0252 5C020000 		.4byte	0x25c
ARM GAS  C:\Users\Diego\AppData\Local\Temp\ccWW8RNI.s 			page 19


 773 0256 0A       		.uleb128 0xa
 774 0257 01       		.uleb128 0x1
 775 0258 50       		.byte	0x50
 776 0259 01       		.uleb128 0x1
 777 025a 30       		.byte	0x30
 778 025b 00       		.byte	0
 779 025c 09       		.uleb128 0x9
 780 025d 18000000 		.4byte	.LVL26
 781 0261 3C050000 		.4byte	0x53c
 782 0265 6F020000 		.4byte	0x26f
 783 0269 0A       		.uleb128 0xa
 784 026a 01       		.uleb128 0x1
 785 026b 50       		.byte	0x50
 786 026c 01       		.uleb128 0x1
 787 026d 3A       		.byte	0x3a
 788 026e 00       		.byte	0
 789 026f 09       		.uleb128 0x9
 790 0270 28000000 		.4byte	.LVL27
 791 0274 2B050000 		.4byte	0x52b
 792 0278 82020000 		.4byte	0x282
 793 027c 0A       		.uleb128 0xa
 794 027d 01       		.uleb128 0x1
 795 027e 50       		.byte	0x50
 796 027f 01       		.uleb128 0x1
 797 0280 31       		.byte	0x31
 798 0281 00       		.byte	0
 799 0282 09       		.uleb128 0x9
 800 0283 2E000000 		.4byte	.LVL28
 801 0287 3C050000 		.4byte	0x53c
 802 028b 95020000 		.4byte	0x295
 803 028f 0A       		.uleb128 0xa
 804 0290 01       		.uleb128 0x1
 805 0291 50       		.byte	0x50
 806 0292 01       		.uleb128 0x1
 807 0293 3A       		.byte	0x3a
 808 0294 00       		.byte	0
 809 0295 0B       		.uleb128 0xb
 810 0296 32000000 		.4byte	.LVL29
 811 029a 4D050000 		.4byte	0x54d
 812 029e 09       		.uleb128 0x9
 813 029f 3E000000 		.4byte	.LVL30
 814 02a3 2B050000 		.4byte	0x52b
 815 02a7 B1020000 		.4byte	0x2b1
 816 02ab 0A       		.uleb128 0xa
 817 02ac 01       		.uleb128 0x1
 818 02ad 50       		.byte	0x50
 819 02ae 01       		.uleb128 0x1
 820 02af 30       		.byte	0x30
 821 02b0 00       		.byte	0
 822 02b1 09       		.uleb128 0x9
 823 02b2 44000000 		.4byte	.LVL31
 824 02b6 3C050000 		.4byte	0x53c
 825 02ba C4020000 		.4byte	0x2c4
 826 02be 0A       		.uleb128 0xa
 827 02bf 01       		.uleb128 0x1
 828 02c0 50       		.byte	0x50
 829 02c1 01       		.uleb128 0x1
ARM GAS  C:\Users\Diego\AppData\Local\Temp\ccWW8RNI.s 			page 20


 830 02c2 3A       		.byte	0x3a
 831 02c3 00       		.byte	0
 832 02c4 0B       		.uleb128 0xb
 833 02c5 48000000 		.4byte	.LVL32
 834 02c9 4D050000 		.4byte	0x54d
 835 02cd 09       		.uleb128 0x9
 836 02ce 52000000 		.4byte	.LVL33
 837 02d2 3C050000 		.4byte	0x53c
 838 02d6 E1020000 		.4byte	0x2e1
 839 02da 0A       		.uleb128 0xa
 840 02db 01       		.uleb128 0x1
 841 02dc 50       		.byte	0x50
 842 02dd 02       		.uleb128 0x2
 843 02de 08       		.byte	0x8
 844 02df 32       		.byte	0x32
 845 02e0 00       		.byte	0
 846 02e1 09       		.uleb128 0x9
 847 02e2 58000000 		.4byte	.LVL34
 848 02e6 2B050000 		.4byte	0x52b
 849 02ea F4020000 		.4byte	0x2f4
 850 02ee 0A       		.uleb128 0xa
 851 02ef 01       		.uleb128 0x1
 852 02f0 50       		.byte	0x50
 853 02f1 01       		.uleb128 0x1
 854 02f2 31       		.byte	0x31
 855 02f3 00       		.byte	0
 856 02f4 09       		.uleb128 0x9
 857 02f5 5E000000 		.4byte	.LVL35
 858 02f9 3C050000 		.4byte	0x53c
 859 02fd 08030000 		.4byte	0x308
 860 0301 0A       		.uleb128 0xa
 861 0302 01       		.uleb128 0x1
 862 0303 50       		.byte	0x50
 863 0304 02       		.uleb128 0x2
 864 0305 08       		.byte	0x8
 865 0306 32       		.byte	0x32
 866 0307 00       		.byte	0
 867 0308 09       		.uleb128 0x9
 868 0309 74000000 		.4byte	.LVL40
 869 030d 58050000 		.4byte	0x558
 870 0311 1B030000 		.4byte	0x31b
 871 0315 0A       		.uleb128 0xa
 872 0316 01       		.uleb128 0x1
 873 0317 50       		.byte	0x50
 874 0318 01       		.uleb128 0x1
 875 0319 30       		.byte	0x30
 876 031a 00       		.byte	0
 877 031b 09       		.uleb128 0x9
 878 031c 7A000000 		.4byte	.LVL41
 879 0320 3C050000 		.4byte	0x53c
 880 0324 2E030000 		.4byte	0x32e
 881 0328 0A       		.uleb128 0xa
 882 0329 01       		.uleb128 0x1
 883 032a 50       		.byte	0x50
 884 032b 01       		.uleb128 0x1
 885 032c 3A       		.byte	0x3a
 886 032d 00       		.byte	0
ARM GAS  C:\Users\Diego\AppData\Local\Temp\ccWW8RNI.s 			page 21


 887 032e 09       		.uleb128 0x9
 888 032f 8A000000 		.4byte	.LVL42
 889 0333 58050000 		.4byte	0x558
 890 0337 41030000 		.4byte	0x341
 891 033b 0A       		.uleb128 0xa
 892 033c 01       		.uleb128 0x1
 893 033d 50       		.byte	0x50
 894 033e 01       		.uleb128 0x1
 895 033f 31       		.byte	0x31
 896 0340 00       		.byte	0
 897 0341 09       		.uleb128 0x9
 898 0342 90000000 		.4byte	.LVL43
 899 0346 3C050000 		.4byte	0x53c
 900 034a 54030000 		.4byte	0x354
 901 034e 0A       		.uleb128 0xa
 902 034f 01       		.uleb128 0x1
 903 0350 50       		.byte	0x50
 904 0351 01       		.uleb128 0x1
 905 0352 3A       		.byte	0x3a
 906 0353 00       		.byte	0
 907 0354 0B       		.uleb128 0xb
 908 0355 94000000 		.4byte	.LVL44
 909 0359 69050000 		.4byte	0x569
 910 035d 09       		.uleb128 0x9
 911 035e A0000000 		.4byte	.LVL45
 912 0362 58050000 		.4byte	0x558
 913 0366 70030000 		.4byte	0x370
 914 036a 0A       		.uleb128 0xa
 915 036b 01       		.uleb128 0x1
 916 036c 50       		.byte	0x50
 917 036d 01       		.uleb128 0x1
 918 036e 30       		.byte	0x30
 919 036f 00       		.byte	0
 920 0370 09       		.uleb128 0x9
 921 0371 A6000000 		.4byte	.LVL46
 922 0375 3C050000 		.4byte	0x53c
 923 0379 83030000 		.4byte	0x383
 924 037d 0A       		.uleb128 0xa
 925 037e 01       		.uleb128 0x1
 926 037f 50       		.byte	0x50
 927 0380 01       		.uleb128 0x1
 928 0381 3A       		.byte	0x3a
 929 0382 00       		.byte	0
 930 0383 0B       		.uleb128 0xb
 931 0384 AA000000 		.4byte	.LVL47
 932 0388 69050000 		.4byte	0x569
 933 038c 09       		.uleb128 0x9
 934 038d B2000000 		.4byte	.LVL48
 935 0391 3C050000 		.4byte	0x53c
 936 0395 A0030000 		.4byte	0x3a0
 937 0399 0A       		.uleb128 0xa
 938 039a 01       		.uleb128 0x1
 939 039b 50       		.byte	0x50
 940 039c 02       		.uleb128 0x2
 941 039d 08       		.byte	0x8
 942 039e 32       		.byte	0x32
 943 039f 00       		.byte	0
ARM GAS  C:\Users\Diego\AppData\Local\Temp\ccWW8RNI.s 			page 22


 944 03a0 09       		.uleb128 0x9
 945 03a1 B8000000 		.4byte	.LVL49
 946 03a5 58050000 		.4byte	0x558
 947 03a9 B3030000 		.4byte	0x3b3
 948 03ad 0A       		.uleb128 0xa
 949 03ae 01       		.uleb128 0x1
 950 03af 50       		.byte	0x50
 951 03b0 01       		.uleb128 0x1
 952 03b1 31       		.byte	0x31
 953 03b2 00       		.byte	0
 954 03b3 0C       		.uleb128 0xc
 955 03b4 BE000000 		.4byte	.LVL50
 956 03b8 3C050000 		.4byte	0x53c
 957 03bc 0A       		.uleb128 0xa
 958 03bd 01       		.uleb128 0x1
 959 03be 50       		.byte	0x50
 960 03bf 02       		.uleb128 0x2
 961 03c0 08       		.byte	0x8
 962 03c1 32       		.byte	0x32
 963 03c2 00       		.byte	0
 964 03c3 00       		.byte	0
 965 03c4 06       		.uleb128 0x6
 966 03c5 42010000 		.4byte	.LASF23
 967 03c9 01       		.byte	0x1
 968 03ca BB       		.byte	0xbb
 969 03cb 81000000 		.4byte	0x81
 970 03cf 00000000 		.4byte	.LFB65
 971 03d3 78000000 		.4byte	.LFE65-.LFB65
 972 03d7 01       		.uleb128 0x1
 973 03d8 9C       		.byte	0x9c
 974 03d9 D7040000 		.4byte	0x4d7
 975 03dd 07       		.uleb128 0x7
 976 03de 23000000 		.4byte	.LASF20
 977 03e2 01       		.byte	0x1
 978 03e3 BB       		.byte	0xbb
 979 03e4 81000000 		.4byte	0x81
 980 03e8 0C010000 		.4byte	.LLST5
 981 03ec 0D       		.uleb128 0xd
 982 03ed 6900     		.ascii	"i\000"
 983 03ef 01       		.byte	0x1
 984 03f0 BC       		.byte	0xbc
 985 03f1 81000000 		.4byte	0x81
 986 03f5 46010000 		.4byte	.LLST6
 987 03f9 08       		.uleb128 0x8
 988 03fa 69000000 		.4byte	.LASF24
 989 03fe 01       		.byte	0x1
 990 03ff BC       		.byte	0xbc
 991 0400 81000000 		.4byte	0x81
 992 0404 7A010000 		.4byte	.LLST7
 993 0408 09       		.uleb128 0x9
 994 0409 12000000 		.4byte	.LVL56
 995 040d 2B050000 		.4byte	0x52b
 996 0411 1B040000 		.4byte	0x41b
 997 0415 0A       		.uleb128 0xa
 998 0416 01       		.uleb128 0x1
 999 0417 50       		.byte	0x50
 1000 0418 01       		.uleb128 0x1
ARM GAS  C:\Users\Diego\AppData\Local\Temp\ccWW8RNI.s 			page 23


 1001 0419 30       		.byte	0x30
 1002 041a 00       		.byte	0
 1003 041b 09       		.uleb128 0x9
 1004 041c 18000000 		.4byte	.LVL57
 1005 0420 3C050000 		.4byte	0x53c
 1006 0424 2E040000 		.4byte	0x42e
 1007 0428 0A       		.uleb128 0xa
 1008 0429 01       		.uleb128 0x1
 1009 042a 50       		.byte	0x50
 1010 042b 01       		.uleb128 0x1
 1011 042c 3E       		.byte	0x3e
 1012 042d 00       		.byte	0
 1013 042e 09       		.uleb128 0x9
 1014 042f 1E000000 		.4byte	.LVL58
 1015 0433 2B050000 		.4byte	0x52b
 1016 0437 41040000 		.4byte	0x441
 1017 043b 0A       		.uleb128 0xa
 1018 043c 01       		.uleb128 0x1
 1019 043d 50       		.byte	0x50
 1020 043e 01       		.uleb128 0x1
 1021 043f 31       		.byte	0x31
 1022 0440 00       		.byte	0
 1023 0441 09       		.uleb128 0x9
 1024 0442 24000000 		.4byte	.LVL59
 1025 0446 3C050000 		.4byte	0x53c
 1026 044a 54040000 		.4byte	0x454
 1027 044e 0A       		.uleb128 0xa
 1028 044f 01       		.uleb128 0x1
 1029 0450 50       		.byte	0x50
 1030 0451 01       		.uleb128 0x1
 1031 0452 37       		.byte	0x37
 1032 0453 00       		.byte	0
 1033 0454 0B       		.uleb128 0xb
 1034 0455 28000000 		.4byte	.LVL60
 1035 0459 4D050000 		.4byte	0x54d
 1036 045d 09       		.uleb128 0x9
 1037 045e 34000000 		.4byte	.LVL63
 1038 0462 3C050000 		.4byte	0x53c
 1039 0466 71040000 		.4byte	0x471
 1040 046a 0A       		.uleb128 0xa
 1041 046b 01       		.uleb128 0x1
 1042 046c 50       		.byte	0x50
 1043 046d 02       		.uleb128 0x2
 1044 046e 08       		.byte	0x8
 1045 046f 64       		.byte	0x64
 1046 0470 00       		.byte	0
 1047 0471 09       		.uleb128 0x9
 1048 0472 4A000000 		.4byte	.LVL68
 1049 0476 58050000 		.4byte	0x558
 1050 047a 84040000 		.4byte	0x484
 1051 047e 0A       		.uleb128 0xa
 1052 047f 01       		.uleb128 0x1
 1053 0480 50       		.byte	0x50
 1054 0481 01       		.uleb128 0x1
 1055 0482 30       		.byte	0x30
 1056 0483 00       		.byte	0
 1057 0484 09       		.uleb128 0x9
ARM GAS  C:\Users\Diego\AppData\Local\Temp\ccWW8RNI.s 			page 24


 1058 0485 50000000 		.4byte	.LVL69
 1059 0489 3C050000 		.4byte	0x53c
 1060 048d 97040000 		.4byte	0x497
 1061 0491 0A       		.uleb128 0xa
 1062 0492 01       		.uleb128 0x1
 1063 0493 50       		.byte	0x50
 1064 0494 01       		.uleb128 0x1
 1065 0495 3E       		.byte	0x3e
 1066 0496 00       		.byte	0
 1067 0497 09       		.uleb128 0x9
 1068 0498 56000000 		.4byte	.LVL70
 1069 049c 58050000 		.4byte	0x558
 1070 04a0 AA040000 		.4byte	0x4aa
 1071 04a4 0A       		.uleb128 0xa
 1072 04a5 01       		.uleb128 0x1
 1073 04a6 50       		.byte	0x50
 1074 04a7 01       		.uleb128 0x1
 1075 04a8 31       		.byte	0x31
 1076 04a9 00       		.byte	0
 1077 04aa 09       		.uleb128 0x9
 1078 04ab 5C000000 		.4byte	.LVL71
 1079 04af 3C050000 		.4byte	0x53c
 1080 04b3 BD040000 		.4byte	0x4bd
 1081 04b7 0A       		.uleb128 0xa
 1082 04b8 01       		.uleb128 0x1
 1083 04b9 50       		.byte	0x50
 1084 04ba 01       		.uleb128 0x1
 1085 04bb 37       		.byte	0x37
 1086 04bc 00       		.byte	0
 1087 04bd 0B       		.uleb128 0xb
 1088 04be 60000000 		.4byte	.LVL72
 1089 04c2 69050000 		.4byte	0x569
 1090 04c6 0C       		.uleb128 0xc
 1091 04c7 6C000000 		.4byte	.LVL75
 1092 04cb 3C050000 		.4byte	0x53c
 1093 04cf 0A       		.uleb128 0xa
 1094 04d0 01       		.uleb128 0x1
 1095 04d1 50       		.byte	0x50
 1096 04d2 02       		.uleb128 0x2
 1097 04d3 08       		.byte	0x8
 1098 04d4 64       		.byte	0x64
 1099 04d5 00       		.byte	0
 1100 04d6 00       		.byte	0
 1101 04d7 06       		.uleb128 0x6
 1102 04d8 72010000 		.4byte	.LASF25
 1103 04dc 01       		.byte	0x1
 1104 04dd E6       		.byte	0xe6
 1105 04de 81000000 		.4byte	0x81
 1106 04e2 00000000 		.4byte	.LFB66
 1107 04e6 1E000000 		.4byte	.LFE66-.LFB66
 1108 04ea 01       		.uleb128 0x1
 1109 04eb 9C       		.byte	0x9c
 1110 04ec 1A050000 		.4byte	0x51a
 1111 04f0 0E       		.uleb128 0xe
 1112 04f1 63726300 		.ascii	"crc\000"
 1113 04f5 01       		.byte	0x1
 1114 04f6 E6       		.byte	0xe6
ARM GAS  C:\Users\Diego\AppData\Local\Temp\ccWW8RNI.s 			page 25


 1115 04f7 81000000 		.4byte	0x81
 1116 04fb C6010000 		.4byte	.LLST8
 1117 04ff 0F       		.uleb128 0xf
 1118 0500 31000000 		.4byte	.LASF21
 1119 0504 01       		.byte	0x1
 1120 0505 E6       		.byte	0xe6
 1121 0506 81000000 		.4byte	0x81
 1122 050a 01       		.uleb128 0x1
 1123 050b 51       		.byte	0x51
 1124 050c 0D       		.uleb128 0xd
 1125 050d 6900     		.ascii	"i\000"
 1126 050f 01       		.byte	0x1
 1127 0510 E7       		.byte	0xe7
 1128 0511 99000000 		.4byte	0x99
 1129 0515 EF010000 		.4byte	.LLST9
 1130 0519 00       		.byte	0
 1131 051a 10       		.uleb128 0x10
 1132 051b 6E000000 		.4byte	.LASF34
 1133 051f 08       		.byte	0x8
 1134 0520 5506     		.2byte	0x655
 1135 0522 26050000 		.4byte	0x526
 1136 0526 11       		.uleb128 0x11
 1137 0527 76000000 		.4byte	0x76
 1138 052b 12       		.uleb128 0x12
 1139 052c BB010000 		.4byte	.LASF26
 1140 0530 05       		.byte	0x5
 1141 0531 28       		.byte	0x28
 1142 0532 3C050000 		.4byte	0x53c
 1143 0536 13       		.uleb128 0x13
 1144 0537 81000000 		.4byte	0x81
 1145 053b 00       		.byte	0
 1146 053c 12       		.uleb128 0x12
 1147 053d 93010000 		.4byte	.LASF27
 1148 0541 06       		.byte	0x6
 1149 0542 78       		.byte	0x78
 1150 0543 4D050000 		.4byte	0x54d
 1151 0547 13       		.uleb128 0x13
 1152 0548 8D000000 		.4byte	0x8d
 1153 054c 00       		.byte	0
 1154 054d 14       		.uleb128 0x14
 1155 054e 69010000 		.4byte	.LASF29
 1156 0552 05       		.byte	0x5
 1157 0553 2B       		.byte	0x2b
 1158 0554 81000000 		.4byte	0x81
 1159 0558 12       		.uleb128 0x12
 1160 0559 21020000 		.4byte	.LASF28
 1161 055d 07       		.byte	0x7
 1162 055e 28       		.byte	0x28
 1163 055f 69050000 		.4byte	0x569
 1164 0563 13       		.uleb128 0x13
 1165 0564 81000000 		.4byte	0x81
 1166 0568 00       		.byte	0
 1167 0569 14       		.uleb128 0x14
 1168 056a 00000000 		.4byte	.LASF30
 1169 056e 07       		.byte	0x7
 1170 056f 2B       		.byte	0x2b
 1171 0570 81000000 		.4byte	0x81
ARM GAS  C:\Users\Diego\AppData\Local\Temp\ccWW8RNI.s 			page 26


 1172 0574 00       		.byte	0
 1173              		.section	.debug_abbrev,"",%progbits
 1174              	.Ldebug_abbrev0:
 1175 0000 01       		.uleb128 0x1
 1176 0001 11       		.uleb128 0x11
 1177 0002 01       		.byte	0x1
 1178 0003 25       		.uleb128 0x25
 1179 0004 0E       		.uleb128 0xe
 1180 0005 13       		.uleb128 0x13
 1181 0006 0B       		.uleb128 0xb
 1182 0007 03       		.uleb128 0x3
 1183 0008 0E       		.uleb128 0xe
 1184 0009 1B       		.uleb128 0x1b
 1185 000a 0E       		.uleb128 0xe
 1186 000b 55       		.uleb128 0x55
 1187 000c 17       		.uleb128 0x17
 1188 000d 11       		.uleb128 0x11
 1189 000e 01       		.uleb128 0x1
 1190 000f 10       		.uleb128 0x10
 1191 0010 17       		.uleb128 0x17
 1192 0011 00       		.byte	0
 1193 0012 00       		.byte	0
 1194 0013 02       		.uleb128 0x2
 1195 0014 24       		.uleb128 0x24
 1196 0015 00       		.byte	0
 1197 0016 0B       		.uleb128 0xb
 1198 0017 0B       		.uleb128 0xb
 1199 0018 3E       		.uleb128 0x3e
 1200 0019 0B       		.uleb128 0xb
 1201 001a 03       		.uleb128 0x3
 1202 001b 0E       		.uleb128 0xe
 1203 001c 00       		.byte	0
 1204 001d 00       		.byte	0
 1205 001e 03       		.uleb128 0x3
 1206 001f 16       		.uleb128 0x16
 1207 0020 00       		.byte	0
 1208 0021 03       		.uleb128 0x3
 1209 0022 0E       		.uleb128 0xe
 1210 0023 3A       		.uleb128 0x3a
 1211 0024 0B       		.uleb128 0xb
 1212 0025 3B       		.uleb128 0x3b
 1213 0026 0B       		.uleb128 0xb
 1214 0027 49       		.uleb128 0x49
 1215 0028 13       		.uleb128 0x13
 1216 0029 00       		.byte	0
 1217 002a 00       		.byte	0
 1218 002b 04       		.uleb128 0x4
 1219 002c 24       		.uleb128 0x24
 1220 002d 00       		.byte	0
 1221 002e 0B       		.uleb128 0xb
 1222 002f 0B       		.uleb128 0xb
 1223 0030 3E       		.uleb128 0x3e
 1224 0031 0B       		.uleb128 0xb
 1225 0032 03       		.uleb128 0x3
 1226 0033 08       		.uleb128 0x8
 1227 0034 00       		.byte	0
 1228 0035 00       		.byte	0
ARM GAS  C:\Users\Diego\AppData\Local\Temp\ccWW8RNI.s 			page 27


 1229 0036 05       		.uleb128 0x5
 1230 0037 16       		.uleb128 0x16
 1231 0038 00       		.byte	0
 1232 0039 03       		.uleb128 0x3
 1233 003a 0E       		.uleb128 0xe
 1234 003b 3A       		.uleb128 0x3a
 1235 003c 0B       		.uleb128 0xb
 1236 003d 3B       		.uleb128 0x3b
 1237 003e 05       		.uleb128 0x5
 1238 003f 49       		.uleb128 0x49
 1239 0040 13       		.uleb128 0x13
 1240 0041 00       		.byte	0
 1241 0042 00       		.byte	0
 1242 0043 06       		.uleb128 0x6
 1243 0044 2E       		.uleb128 0x2e
 1244 0045 01       		.byte	0x1
 1245 0046 3F       		.uleb128 0x3f
 1246 0047 19       		.uleb128 0x19
 1247 0048 03       		.uleb128 0x3
 1248 0049 0E       		.uleb128 0xe
 1249 004a 3A       		.uleb128 0x3a
 1250 004b 0B       		.uleb128 0xb
 1251 004c 3B       		.uleb128 0x3b
 1252 004d 0B       		.uleb128 0xb
 1253 004e 27       		.uleb128 0x27
 1254 004f 19       		.uleb128 0x19
 1255 0050 49       		.uleb128 0x49
 1256 0051 13       		.uleb128 0x13
 1257 0052 11       		.uleb128 0x11
 1258 0053 01       		.uleb128 0x1
 1259 0054 12       		.uleb128 0x12
 1260 0055 06       		.uleb128 0x6
 1261 0056 40       		.uleb128 0x40
 1262 0057 18       		.uleb128 0x18
 1263 0058 9742     		.uleb128 0x2117
 1264 005a 19       		.uleb128 0x19
 1265 005b 01       		.uleb128 0x1
 1266 005c 13       		.uleb128 0x13
 1267 005d 00       		.byte	0
 1268 005e 00       		.byte	0
 1269 005f 07       		.uleb128 0x7
 1270 0060 05       		.uleb128 0x5
 1271 0061 00       		.byte	0
 1272 0062 03       		.uleb128 0x3
 1273 0063 0E       		.uleb128 0xe
 1274 0064 3A       		.uleb128 0x3a
 1275 0065 0B       		.uleb128 0xb
 1276 0066 3B       		.uleb128 0x3b
 1277 0067 0B       		.uleb128 0xb
 1278 0068 49       		.uleb128 0x49
 1279 0069 13       		.uleb128 0x13
 1280 006a 02       		.uleb128 0x2
 1281 006b 17       		.uleb128 0x17
 1282 006c 00       		.byte	0
 1283 006d 00       		.byte	0
 1284 006e 08       		.uleb128 0x8
 1285 006f 34       		.uleb128 0x34
ARM GAS  C:\Users\Diego\AppData\Local\Temp\ccWW8RNI.s 			page 28


 1286 0070 00       		.byte	0
 1287 0071 03       		.uleb128 0x3
 1288 0072 0E       		.uleb128 0xe
 1289 0073 3A       		.uleb128 0x3a
 1290 0074 0B       		.uleb128 0xb
 1291 0075 3B       		.uleb128 0x3b
 1292 0076 0B       		.uleb128 0xb
 1293 0077 49       		.uleb128 0x49
 1294 0078 13       		.uleb128 0x13
 1295 0079 02       		.uleb128 0x2
 1296 007a 17       		.uleb128 0x17
 1297 007b 00       		.byte	0
 1298 007c 00       		.byte	0
 1299 007d 09       		.uleb128 0x9
 1300 007e 898201   		.uleb128 0x4109
 1301 0081 01       		.byte	0x1
 1302 0082 11       		.uleb128 0x11
 1303 0083 01       		.uleb128 0x1
 1304 0084 31       		.uleb128 0x31
 1305 0085 13       		.uleb128 0x13
 1306 0086 01       		.uleb128 0x1
 1307 0087 13       		.uleb128 0x13
 1308 0088 00       		.byte	0
 1309 0089 00       		.byte	0
 1310 008a 0A       		.uleb128 0xa
 1311 008b 8A8201   		.uleb128 0x410a
 1312 008e 00       		.byte	0
 1313 008f 02       		.uleb128 0x2
 1314 0090 18       		.uleb128 0x18
 1315 0091 9142     		.uleb128 0x2111
 1316 0093 18       		.uleb128 0x18
 1317 0094 00       		.byte	0
 1318 0095 00       		.byte	0
 1319 0096 0B       		.uleb128 0xb
 1320 0097 898201   		.uleb128 0x4109
 1321 009a 00       		.byte	0
 1322 009b 11       		.uleb128 0x11
 1323 009c 01       		.uleb128 0x1
 1324 009d 31       		.uleb128 0x31
 1325 009e 13       		.uleb128 0x13
 1326 009f 00       		.byte	0
 1327 00a0 00       		.byte	0
 1328 00a1 0C       		.uleb128 0xc
 1329 00a2 898201   		.uleb128 0x4109
 1330 00a5 01       		.byte	0x1
 1331 00a6 11       		.uleb128 0x11
 1332 00a7 01       		.uleb128 0x1
 1333 00a8 31       		.uleb128 0x31
 1334 00a9 13       		.uleb128 0x13
 1335 00aa 00       		.byte	0
 1336 00ab 00       		.byte	0
 1337 00ac 0D       		.uleb128 0xd
 1338 00ad 34       		.uleb128 0x34
 1339 00ae 00       		.byte	0
 1340 00af 03       		.uleb128 0x3
 1341 00b0 08       		.uleb128 0x8
 1342 00b1 3A       		.uleb128 0x3a
ARM GAS  C:\Users\Diego\AppData\Local\Temp\ccWW8RNI.s 			page 29


 1343 00b2 0B       		.uleb128 0xb
 1344 00b3 3B       		.uleb128 0x3b
 1345 00b4 0B       		.uleb128 0xb
 1346 00b5 49       		.uleb128 0x49
 1347 00b6 13       		.uleb128 0x13
 1348 00b7 02       		.uleb128 0x2
 1349 00b8 17       		.uleb128 0x17
 1350 00b9 00       		.byte	0
 1351 00ba 00       		.byte	0
 1352 00bb 0E       		.uleb128 0xe
 1353 00bc 05       		.uleb128 0x5
 1354 00bd 00       		.byte	0
 1355 00be 03       		.uleb128 0x3
 1356 00bf 08       		.uleb128 0x8
 1357 00c0 3A       		.uleb128 0x3a
 1358 00c1 0B       		.uleb128 0xb
 1359 00c2 3B       		.uleb128 0x3b
 1360 00c3 0B       		.uleb128 0xb
 1361 00c4 49       		.uleb128 0x49
 1362 00c5 13       		.uleb128 0x13
 1363 00c6 02       		.uleb128 0x2
 1364 00c7 17       		.uleb128 0x17
 1365 00c8 00       		.byte	0
 1366 00c9 00       		.byte	0
 1367 00ca 0F       		.uleb128 0xf
 1368 00cb 05       		.uleb128 0x5
 1369 00cc 00       		.byte	0
 1370 00cd 03       		.uleb128 0x3
 1371 00ce 0E       		.uleb128 0xe
 1372 00cf 3A       		.uleb128 0x3a
 1373 00d0 0B       		.uleb128 0xb
 1374 00d1 3B       		.uleb128 0x3b
 1375 00d2 0B       		.uleb128 0xb
 1376 00d3 49       		.uleb128 0x49
 1377 00d4 13       		.uleb128 0x13
 1378 00d5 02       		.uleb128 0x2
 1379 00d6 18       		.uleb128 0x18
 1380 00d7 00       		.byte	0
 1381 00d8 00       		.byte	0
 1382 00d9 10       		.uleb128 0x10
 1383 00da 34       		.uleb128 0x34
 1384 00db 00       		.byte	0
 1385 00dc 03       		.uleb128 0x3
 1386 00dd 0E       		.uleb128 0xe
 1387 00de 3A       		.uleb128 0x3a
 1388 00df 0B       		.uleb128 0xb
 1389 00e0 3B       		.uleb128 0x3b
 1390 00e1 05       		.uleb128 0x5
 1391 00e2 49       		.uleb128 0x49
 1392 00e3 13       		.uleb128 0x13
 1393 00e4 3F       		.uleb128 0x3f
 1394 00e5 19       		.uleb128 0x19
 1395 00e6 3C       		.uleb128 0x3c
 1396 00e7 19       		.uleb128 0x19
 1397 00e8 00       		.byte	0
 1398 00e9 00       		.byte	0
 1399 00ea 11       		.uleb128 0x11
ARM GAS  C:\Users\Diego\AppData\Local\Temp\ccWW8RNI.s 			page 30


 1400 00eb 35       		.uleb128 0x35
 1401 00ec 00       		.byte	0
 1402 00ed 49       		.uleb128 0x49
 1403 00ee 13       		.uleb128 0x13
 1404 00ef 00       		.byte	0
 1405 00f0 00       		.byte	0
 1406 00f1 12       		.uleb128 0x12
 1407 00f2 2E       		.uleb128 0x2e
 1408 00f3 01       		.byte	0x1
 1409 00f4 3F       		.uleb128 0x3f
 1410 00f5 19       		.uleb128 0x19
 1411 00f6 03       		.uleb128 0x3
 1412 00f7 0E       		.uleb128 0xe
 1413 00f8 3A       		.uleb128 0x3a
 1414 00f9 0B       		.uleb128 0xb
 1415 00fa 3B       		.uleb128 0x3b
 1416 00fb 0B       		.uleb128 0xb
 1417 00fc 27       		.uleb128 0x27
 1418 00fd 19       		.uleb128 0x19
 1419 00fe 3C       		.uleb128 0x3c
 1420 00ff 19       		.uleb128 0x19
 1421 0100 01       		.uleb128 0x1
 1422 0101 13       		.uleb128 0x13
 1423 0102 00       		.byte	0
 1424 0103 00       		.byte	0
 1425 0104 13       		.uleb128 0x13
 1426 0105 05       		.uleb128 0x5
 1427 0106 00       		.byte	0
 1428 0107 49       		.uleb128 0x49
 1429 0108 13       		.uleb128 0x13
 1430 0109 00       		.byte	0
 1431 010a 00       		.byte	0
 1432 010b 14       		.uleb128 0x14
 1433 010c 2E       		.uleb128 0x2e
 1434 010d 00       		.byte	0
 1435 010e 3F       		.uleb128 0x3f
 1436 010f 19       		.uleb128 0x19
 1437 0110 03       		.uleb128 0x3
 1438 0111 0E       		.uleb128 0xe
 1439 0112 3A       		.uleb128 0x3a
 1440 0113 0B       		.uleb128 0xb
 1441 0114 3B       		.uleb128 0x3b
 1442 0115 0B       		.uleb128 0xb
 1443 0116 27       		.uleb128 0x27
 1444 0117 19       		.uleb128 0x19
 1445 0118 49       		.uleb128 0x49
 1446 0119 13       		.uleb128 0x13
 1447 011a 3C       		.uleb128 0x3c
 1448 011b 19       		.uleb128 0x19
 1449 011c 00       		.byte	0
 1450 011d 00       		.byte	0
 1451 011e 00       		.byte	0
 1452              		.section	.debug_loc,"",%progbits
 1453              	.Ldebug_loc0:
 1454              	.LLST0:
 1455 0000 00000000 		.4byte	.LVL0
 1456 0004 08000000 		.4byte	.LVL1
ARM GAS  C:\Users\Diego\AppData\Local\Temp\ccWW8RNI.s 			page 31


 1457 0008 0100     		.2byte	0x1
 1458 000a 50       		.byte	0x50
 1459 000b 08000000 		.4byte	.LVL1
 1460 000f 40000000 		.4byte	.LVL11
 1461 0013 0400     		.2byte	0x4
 1462 0015 F3       		.byte	0xf3
 1463 0016 01       		.uleb128 0x1
 1464 0017 50       		.byte	0x50
 1465 0018 9F       		.byte	0x9f
 1466 0019 40000000 		.4byte	.LVL11
 1467 001d 42000000 		.4byte	.LVL12
 1468 0021 0100     		.2byte	0x1
 1469 0023 50       		.byte	0x50
 1470 0024 42000000 		.4byte	.LVL12
 1471 0028 84000000 		.4byte	.LFE63
 1472 002c 0400     		.2byte	0x4
 1473 002e F3       		.byte	0xf3
 1474 002f 01       		.uleb128 0x1
 1475 0030 50       		.byte	0x50
 1476 0031 9F       		.byte	0x9f
 1477 0032 00000000 		.4byte	0
 1478 0036 00000000 		.4byte	0
 1479              	.LLST1:
 1480 003a 34000000 		.4byte	.LVL9
 1481 003e 40000000 		.4byte	.LVL11
 1482 0042 0700     		.2byte	0x7
 1483 0044 74       		.byte	0x74
 1484 0045 00       		.sleb128 0
 1485 0046 48       		.byte	0x48
 1486 0047 24       		.byte	0x24
 1487 0048 30       		.byte	0x30
 1488 0049 29       		.byte	0x29
 1489 004a 9F       		.byte	0x9f
 1490 004b 6E000000 		.4byte	.LVL20
 1491 004f 80000000 		.4byte	.LVL22
 1492 0053 0700     		.2byte	0x7
 1493 0055 74       		.byte	0x74
 1494 0056 00       		.sleb128 0
 1495 0057 48       		.byte	0x48
 1496 0058 24       		.byte	0x24
 1497 0059 30       		.byte	0x30
 1498 005a 29       		.byte	0x29
 1499 005b 9F       		.byte	0x9f
 1500 005c 00000000 		.4byte	0
 1501 0060 00000000 		.4byte	0
 1502              	.LLST2:
 1503 0064 00000000 		.4byte	.LVL23
 1504 0068 0C000000 		.4byte	.LVL24
 1505 006c 0100     		.2byte	0x1
 1506 006e 50       		.byte	0x50
 1507 006f 0C000000 		.4byte	.LVL24
 1508 0073 64000000 		.4byte	.LVL38
 1509 0077 0400     		.2byte	0x4
 1510 0079 F3       		.byte	0xf3
 1511 007a 01       		.uleb128 0x1
 1512 007b 50       		.byte	0x50
 1513 007c 9F       		.byte	0x9f
ARM GAS  C:\Users\Diego\AppData\Local\Temp\ccWW8RNI.s 			page 32


 1514 007d 64000000 		.4byte	.LVL38
 1515 0081 66000000 		.4byte	.LVL39
 1516 0085 0100     		.2byte	0x1
 1517 0087 50       		.byte	0x50
 1518 0088 66000000 		.4byte	.LVL39
 1519 008c D4000000 		.4byte	.LFE64
 1520 0090 0400     		.2byte	0x4
 1521 0092 F3       		.byte	0xf3
 1522 0093 01       		.uleb128 0x1
 1523 0094 50       		.byte	0x50
 1524 0095 9F       		.byte	0x9f
 1525 0096 00000000 		.4byte	0
 1526 009a 00000000 		.4byte	0
 1527              	.LLST3:
 1528 009e 00000000 		.4byte	.LVL23
 1529 00a2 0C000000 		.4byte	.LVL24
 1530 00a6 0100     		.2byte	0x1
 1531 00a8 51       		.byte	0x51
 1532 00a9 0C000000 		.4byte	.LVL24
 1533 00ad 64000000 		.4byte	.LVL38
 1534 00b1 0400     		.2byte	0x4
 1535 00b3 F3       		.byte	0xf3
 1536 00b4 01       		.uleb128 0x1
 1537 00b5 51       		.byte	0x51
 1538 00b6 9F       		.byte	0x9f
 1539 00b7 64000000 		.4byte	.LVL38
 1540 00bb 66000000 		.4byte	.LVL39
 1541 00bf 0100     		.2byte	0x1
 1542 00c1 51       		.byte	0x51
 1543 00c2 66000000 		.4byte	.LVL39
 1544 00c6 D4000000 		.4byte	.LFE64
 1545 00ca 0400     		.2byte	0x4
 1546 00cc F3       		.byte	0xf3
 1547 00cd 01       		.uleb128 0x1
 1548 00ce 51       		.byte	0x51
 1549 00cf 9F       		.byte	0x9f
 1550 00d0 00000000 		.4byte	0
 1551 00d4 00000000 		.4byte	0
 1552              	.LLST4:
 1553 00d8 0C000000 		.4byte	.LVL24
 1554 00dc 60000000 		.4byte	.LVL36
 1555 00e0 0100     		.2byte	0x1
 1556 00e2 54       		.byte	0x54
 1557 00e3 62000000 		.4byte	.LVL37
 1558 00e7 64000000 		.4byte	.LVL38
 1559 00eb 0100     		.2byte	0x1
 1560 00ed 54       		.byte	0x54
 1561 00ee 66000000 		.4byte	.LVL39
 1562 00f2 C0000000 		.4byte	.LVL51
 1563 00f6 0100     		.2byte	0x1
 1564 00f8 54       		.byte	0x54
 1565 00f9 C2000000 		.4byte	.LVL52
 1566 00fd D4000000 		.4byte	.LFE64
 1567 0101 0100     		.2byte	0x1
 1568 0103 54       		.byte	0x54
 1569 0104 00000000 		.4byte	0
 1570 0108 00000000 		.4byte	0
ARM GAS  C:\Users\Diego\AppData\Local\Temp\ccWW8RNI.s 			page 33


 1571              	.LLST5:
 1572 010c 00000000 		.4byte	.LVL53
 1573 0110 0C000000 		.4byte	.LVL55
 1574 0114 0100     		.2byte	0x1
 1575 0116 50       		.byte	0x50
 1576 0117 0C000000 		.4byte	.LVL55
 1577 011b 3A000000 		.4byte	.LVL66
 1578 011f 0400     		.2byte	0x4
 1579 0121 F3       		.byte	0xf3
 1580 0122 01       		.uleb128 0x1
 1581 0123 50       		.byte	0x50
 1582 0124 9F       		.byte	0x9f
 1583 0125 3A000000 		.4byte	.LVL66
 1584 0129 3E000000 		.4byte	.LVL67
 1585 012d 0100     		.2byte	0x1
 1586 012f 50       		.byte	0x50
 1587 0130 3E000000 		.4byte	.LVL67
 1588 0134 78000000 		.4byte	.LFE65
 1589 0138 0400     		.2byte	0x4
 1590 013a F3       		.byte	0xf3
 1591 013b 01       		.uleb128 0x1
 1592 013c 50       		.byte	0x50
 1593 013d 9F       		.byte	0x9f
 1594 013e 00000000 		.4byte	0
 1595 0142 00000000 		.4byte	0
 1596              	.LLST6:
 1597 0146 0C000000 		.4byte	.LVL55
 1598 014a 36000000 		.4byte	.LVL64
 1599 014e 0100     		.2byte	0x1
 1600 0150 54       		.byte	0x54
 1601 0151 38000000 		.4byte	.LVL65
 1602 0155 3A000000 		.4byte	.LVL66
 1603 0159 0100     		.2byte	0x1
 1604 015b 54       		.byte	0x54
 1605 015c 3E000000 		.4byte	.LVL67
 1606 0160 6E000000 		.4byte	.LVL76
 1607 0164 0100     		.2byte	0x1
 1608 0166 54       		.byte	0x54
 1609 0167 70000000 		.4byte	.LVL77
 1610 016b 78000000 		.4byte	.LFE65
 1611 016f 0100     		.2byte	0x1
 1612 0171 54       		.byte	0x54
 1613 0172 00000000 		.4byte	0
 1614 0176 00000000 		.4byte	0
 1615              	.LLST7:
 1616 017a 02000000 		.4byte	.LVL54
 1617 017e 0C000000 		.4byte	.LVL55
 1618 0182 0200     		.2byte	0x2
 1619 0184 30       		.byte	0x30
 1620 0185 9F       		.byte	0x9f
 1621 0186 0C000000 		.4byte	.LVL55
 1622 018a 2C000000 		.4byte	.LVL61
 1623 018e 0100     		.2byte	0x1
 1624 0190 55       		.byte	0x55
 1625 0191 2E000000 		.4byte	.LVL62
 1626 0195 3A000000 		.4byte	.LVL66
 1627 0199 0100     		.2byte	0x1
ARM GAS  C:\Users\Diego\AppData\Local\Temp\ccWW8RNI.s 			page 34


 1628 019b 55       		.byte	0x55
 1629 019c 3A000000 		.4byte	.LVL66
 1630 01a0 3E000000 		.4byte	.LVL67
 1631 01a4 0200     		.2byte	0x2
 1632 01a6 30       		.byte	0x30
 1633 01a7 9F       		.byte	0x9f
 1634 01a8 3E000000 		.4byte	.LVL67
 1635 01ac 64000000 		.4byte	.LVL73
 1636 01b0 0100     		.2byte	0x1
 1637 01b2 55       		.byte	0x55
 1638 01b3 66000000 		.4byte	.LVL74
 1639 01b7 78000000 		.4byte	.LFE65
 1640 01bb 0100     		.2byte	0x1
 1641 01bd 55       		.byte	0x55
 1642 01be 00000000 		.4byte	0
 1643 01c2 00000000 		.4byte	0
 1644              	.LLST8:
 1645 01c6 00000000 		.4byte	.LVL78
 1646 01ca 02000000 		.4byte	.LVL79
 1647 01ce 0100     		.2byte	0x1
 1648 01d0 50       		.byte	0x50
 1649 01d1 02000000 		.4byte	.LVL79
 1650 01d5 0E000000 		.4byte	.LVL81
 1651 01d9 0100     		.2byte	0x1
 1652 01db 50       		.byte	0x50
 1653 01dc 12000000 		.4byte	.LVL82
 1654 01e0 1E000000 		.4byte	.LFE66
 1655 01e4 0100     		.2byte	0x1
 1656 01e6 50       		.byte	0x50
 1657 01e7 00000000 		.4byte	0
 1658 01eb 00000000 		.4byte	0
 1659              	.LLST9:
 1660 01ef 02000000 		.4byte	.LVL79
 1661 01f3 06000000 		.4byte	.LVL80
 1662 01f7 0200     		.2byte	0x2
 1663 01f9 30       		.byte	0x30
 1664 01fa 9F       		.byte	0x9f
 1665 01fb 06000000 		.4byte	.LVL80
 1666 01ff 1E000000 		.4byte	.LFE66
 1667 0203 0100     		.2byte	0x1
 1668 0205 53       		.byte	0x53
 1669 0206 00000000 		.4byte	0
 1670 020a 00000000 		.4byte	0
 1671              		.section	.debug_aranges,"",%progbits
 1672 0000 34000000 		.4byte	0x34
 1673 0004 0200     		.2byte	0x2
 1674 0006 00000000 		.4byte	.Ldebug_info0
 1675 000a 04       		.byte	0x4
 1676 000b 00       		.byte	0
 1677 000c 0000     		.2byte	0
 1678 000e 0000     		.2byte	0
 1679 0010 00000000 		.4byte	.LFB63
 1680 0014 84000000 		.4byte	.LFE63-.LFB63
 1681 0018 00000000 		.4byte	.LFB64
 1682 001c D4000000 		.4byte	.LFE64-.LFB64
 1683 0020 00000000 		.4byte	.LFB65
 1684 0024 78000000 		.4byte	.LFE65-.LFB65
ARM GAS  C:\Users\Diego\AppData\Local\Temp\ccWW8RNI.s 			page 35


 1685 0028 00000000 		.4byte	.LFB66
 1686 002c 1E000000 		.4byte	.LFE66-.LFB66
 1687 0030 00000000 		.4byte	0
 1688 0034 00000000 		.4byte	0
 1689              		.section	.debug_ranges,"",%progbits
 1690              	.Ldebug_ranges0:
 1691 0000 00000000 		.4byte	.LFB63
 1692 0004 84000000 		.4byte	.LFE63
 1693 0008 00000000 		.4byte	.LFB64
 1694 000c D4000000 		.4byte	.LFE64
 1695 0010 00000000 		.4byte	.LFB65
 1696 0014 78000000 		.4byte	.LFE65
 1697 0018 00000000 		.4byte	.LFB66
 1698 001c 1E000000 		.4byte	.LFE66
 1699 0020 00000000 		.4byte	0
 1700 0024 00000000 		.4byte	0
 1701              		.section	.debug_line,"",%progbits
 1702              	.Ldebug_line0:
 1703 0000 95020000 		.section	.debug_str,"MS",%progbits,1
 1703      02006801 
 1703      00000201 
 1703      FB0E0D00 
 1703      01010101 
 1704              	.LASF30:
 1705 0000 4942325F 		.ascii	"IB2_Read\000"
 1705      52656164 
 1705      00
 1706              	.LASF22:
 1707 0009 70726573 		.ascii	"present\000"
 1707      656E7400 
 1708              	.LASF9:
 1709 0011 5F5F696E 		.ascii	"__int32_t\000"
 1709      7433325F 
 1709      7400
 1710              	.LASF10:
 1711 001b 696E7433 		.ascii	"int32_t\000"
 1711      325F7400 
 1712              	.LASF20:
 1713 0023 69627574 		.ascii	"ibutton\000"
 1713      746F6E00 
 1714              	.LASF14:
 1715 002b 666C6F61 		.ascii	"float\000"
 1715      7400
 1716              	.LASF21:
 1717 0031 64617461 		.ascii	"data\000"
 1717      00
 1718              	.LASF1:
 1719 0036 756E7369 		.ascii	"unsigned char\000"
 1719      676E6564 
 1719      20636861 
 1719      7200
 1720              	.LASF5:
 1721 0044 6C6F6E67 		.ascii	"long unsigned int\000"
 1721      20756E73 
 1721      69676E65 
 1721      6420696E 
 1721      7400
ARM GAS  C:\Users\Diego\AppData\Local\Temp\ccWW8RNI.s 			page 36


 1722              	.LASF3:
 1723 0056 73686F72 		.ascii	"short unsigned int\000"
 1723      7420756E 
 1723      7369676E 
 1723      65642069 
 1723      6E7400
 1724              	.LASF24:
 1725 0069 6461746F 		.ascii	"dato\000"
 1725      00
 1726              	.LASF34:
 1727 006e 49544D5F 		.ascii	"ITM_RxBuffer\000"
 1727      52784275 
 1727      66666572 
 1727      00
 1728              	.LASF15:
 1729 007b 646F7562 		.ascii	"double\000"
 1729      6C6500
 1730              	.LASF12:
 1731 0082 75696E74 		.ascii	"uint16\000"
 1731      313600
 1732              	.LASF32:
 1733 0089 2E5C6962 		.ascii	".\\ibuton.c\000"
 1733      75746F6E 
 1733      2E6300
 1734              	.LASF19:
 1735 0094 746F7563 		.ascii	"touch_write\000"
 1735      685F7772 
 1735      69746500 
 1736              	.LASF13:
 1737 00a0 75696E74 		.ascii	"uint32\000"
 1737      333200
 1738              	.LASF31:
 1739 00a7 474E5520 		.ascii	"GNU C 4.9.3 20150303 (release) [ARM/embedded-4_9-br"
 1739      4320342E 
 1739      392E3320 
 1739      32303135 
 1739      30333033 
 1740 00da 616E6368 		.ascii	"anch revision 221220] -mcpu=cortex-m3 -mthumb -g -O"
 1740      20726576 
 1740      6973696F 
 1740      6E203232 
 1740      31323230 
 1741 010d 67202D66 		.ascii	"g -ffunction-sections -ffat-lto-objects\000"
 1741      66756E63 
 1741      74696F6E 
 1741      2D736563 
 1741      74696F6E 
 1742              	.LASF8:
 1743 0135 756E7369 		.ascii	"unsigned int\000"
 1743      676E6564 
 1743      20696E74 
 1743      00
 1744              	.LASF23:
 1745 0142 746F7563 		.ascii	"touch_read_byte\000"
 1745      685F7265 
 1745      61645F62 
 1745      79746500 
ARM GAS  C:\Users\Diego\AppData\Local\Temp\ccWW8RNI.s 			page 37


 1746              	.LASF7:
 1747 0152 6C6F6E67 		.ascii	"long long unsigned int\000"
 1747      206C6F6E 
 1747      6720756E 
 1747      7369676E 
 1747      65642069 
 1748              	.LASF29:
 1749 0169 4942315F 		.ascii	"IB1_Read\000"
 1749      52656164 
 1749      00
 1750              	.LASF25:
 1751 0172 6372635F 		.ascii	"crc_check\000"
 1751      63686563 
 1751      6B00
 1752              	.LASF17:
 1753 017c 73697A65 		.ascii	"sizetype\000"
 1753      74797065 
 1753      00
 1754              	.LASF6:
 1755 0185 6C6F6E67 		.ascii	"long long int\000"
 1755      206C6F6E 
 1755      6720696E 
 1755      7400
 1756              	.LASF27:
 1757 0193 43794465 		.ascii	"CyDelayUs\000"
 1757      6C617955 
 1757      7300
 1758              	.LASF16:
 1759 019d 63686172 		.ascii	"char\000"
 1759      00
 1760              	.LASF2:
 1761 01a2 73686F72 		.ascii	"short int\000"
 1761      7420696E 
 1761      7400
 1762              	.LASF11:
 1763 01ac 75696E74 		.ascii	"uint8\000"
 1763      3800
 1764              	.LASF4:
 1765 01b2 6C6F6E67 		.ascii	"long int\000"
 1765      20696E74 
 1765      00
 1766              	.LASF26:
 1767 01bb 4942315F 		.ascii	"IB1_Write\000"
 1767      57726974 
 1767      6500
 1768              	.LASF33:
 1769 01c5 433A5C55 		.ascii	"C:\\Users\\Diego\\Documents\\GitHub\\NSY-DH\\Worksp"
 1769      73657273 
 1769      5C446965 
 1769      676F5C44 
 1769      6F63756D 
 1770 01f2 61636530 		.ascii	"ace01\\Design01.cydsn\000"
 1770      315C4465 
 1770      7369676E 
 1770      30312E63 
 1770      7964736E 
 1771              	.LASF0:
ARM GAS  C:\Users\Diego\AppData\Local\Temp\ccWW8RNI.s 			page 38


 1772 0207 7369676E 		.ascii	"signed char\000"
 1772      65642063 
 1772      68617200 
 1773              	.LASF18:
 1774 0213 746F7563 		.ascii	"touch_present\000"
 1774      685F7072 
 1774      6573656E 
 1774      7400
 1775              	.LASF28:
 1776 0221 4942325F 		.ascii	"IB2_Write\000"
 1776      57726974 
 1776      6500
 1777              		.ident	"GCC: (GNU Tools for ARM Embedded Processors) 4.9.3 20150303 (release) [ARM/embedded-4_9-br
