--------------- Rebuild Started: 05/17/2017 08:36:57 Project: Design01, Configuration: ARM GCC 4.9-2015-q1-update Debug ---------------
Deleting file ".\CortexM3\ARM_GCC_493\Debug\main.o"
Deleting file ".\CortexM3\ARM_GCC_493\Debug\protocol.o"
Deleting file ".\CortexM3\ARM_GCC_493\Debug\LCD.o"
Deleting file ".\CortexM3\ARM_GCC_493\Debug\keyboard.o"
Deleting file ".\CortexM3\ARM_GCC_493\Debug\I2C.o"
Deleting file ".\CortexM3\ARM_GCC_493\Debug\Print.o"
Deleting file ".\CortexM3\ARM_GCC_493\Debug\cyfitter_cfg.o"
Deleting file ".\CortexM3\ARM_GCC_493\Debug\cymetadata.o"
Deleting file ".\CortexM3\ARM_GCC_493\Debug\RF_Physical.o"
Deleting file ".\CortexM3\ARM_GCC_493\Debug\RF_Physical_PM.o"
Deleting file ".\CortexM3\ARM_GCC_493\Debug\RF_Physical_INT.o"
Deleting file ".\CortexM3\ARM_GCC_493\Debug\RF_Physical_BOOT.o"
Deleting file ".\CortexM3\ARM_GCC_493\Debug\Printer.o"
Deleting file ".\CortexM3\ARM_GCC_493\Debug\Printer_PM.o"
Deleting file ".\CortexM3\ARM_GCC_493\Debug\Printer_INT.o"
Deleting file ".\CortexM3\ARM_GCC_493\Debug\Printer_BOOT.o"
Deleting file ".\CortexM3\ARM_GCC_493\Debug\Clock_Pump.o"
Deleting file ".\CortexM3\ARM_GCC_493\Debug\Display1.o"
Deleting file ".\CortexM3\ARM_GCC_493\Debug\Display1_PM.o"
Deleting file ".\CortexM3\ARM_GCC_493\Debug\Display1_INT.o"
Deleting file ".\CortexM3\ARM_GCC_493\Debug\Display1_BOOT.o"
Deleting file ".\CortexM3\ARM_GCC_493\Debug\Display2.o"
Deleting file ".\CortexM3\ARM_GCC_493\Debug\Display2_PM.o"
Deleting file ".\CortexM3\ARM_GCC_493\Debug\Display2_INT.o"
Deleting file ".\CortexM3\ARM_GCC_493\Debug\Display2_BOOT.o"
Deleting file ".\CortexM3\ARM_GCC_493\Debug\RF_Physical_IntClock.o"
Deleting file ".\CortexM3\ARM_GCC_493\Debug\Display1_IntClock.o"
Deleting file ".\CortexM3\ARM_GCC_493\Debug\Display2_IntClock.o"
Deleting file ".\CortexM3\ARM_GCC_493\Debug\Cm3Start.o"
Deleting file ".\CortexM3\ARM_GCC_493\Debug\CyBootAsmGnu.o"
Deleting file ".\CortexM3\ARM_GCC_493\Debug\CyDmac.o"
Deleting file ".\CortexM3\ARM_GCC_493\Debug\CyFlash.o"
Deleting file ".\CortexM3\ARM_GCC_493\Debug\CyLib.o"
Deleting file ".\CortexM3\ARM_GCC_493\Debug\cyPm.o"
Deleting file ".\CortexM3\ARM_GCC_493\Debug\CySpc.o"
Deleting file ".\CortexM3\ARM_GCC_493\Debug\cyutils.o"
Deleting file ".\CortexM3\ARM_GCC_493\Debug\Printer_IntClock.o"
Deleting file ".\CortexM3\ARM_GCC_493\Debug\Pump.o"
Deleting file ".\CortexM3\ARM_GCC_493\Debug\Pump_PM.o"
Deleting file ".\CortexM3\ARM_GCC_493\Debug\Pump_INT.o"
Deleting file ".\CortexM3\ARM_GCC_493\Debug\Pump_BOOT.o"
Deleting file ".\CortexM3\ARM_GCC_493\Debug\EEPROM_1.o"
Deleting file ".\CortexM3\ARM_GCC_493\Debug\SDA_1.o"
Deleting file ".\CortexM3\ARM_GCC_493\Debug\SCL_1.o"
Deleting file ".\CortexM3\ARM_GCC_493\Debug\I2C_Bus.o"
Deleting file ".\CortexM3\ARM_GCC_493\Debug\I2C_Bus_BOOT.o"
Deleting file ".\CortexM3\ARM_GCC_493\Debug\I2C_Bus_INT.o"
Deleting file ".\CortexM3\ARM_GCC_493\Debug\I2C_Bus_PM.o"
Deleting file ".\CortexM3\ARM_GCC_493\Debug\I2C_Bus_SLAVE.o"
Deleting file ".\CortexM3\ARM_GCC_493\Debug\I2C_Bus_MASTER.o"
Deleting file ".\CortexM3\ARM_GCC_493\Debug\Pin_WP.o"
Deleting file ".\CortexM3\ARM_GCC_493\Debug\Design01.hex"
Deleting file ".\CortexM3\ARM_GCC_493\Debug\Design01.elf"
Deleting file ".\CortexM3\ARM_GCC_493\Debug\Design01.map"
Deleting file ".\Design01.cycdx"
Deleting file ".\Design01.svd"
Deleting file ".\Design01.rpt"
Deleting file ".\Design01_timing.html"
Deleting file ".\CortexM3\ARM_GCC_493\Debug\.deps\C_FILE.P"
Deleting file ".\CortexM3\ARM_GCC_493\Debug\.deps\ARM_C_FILE.P"
Deleting file ".\CortexM3\ARM_GCC_493\Debug\.deps\GNU_ARM_ASM_FILE.P"
cydsfit.exe -.appdatapath "C:\Users\Lenovo\AppData\Local\Cypress Semiconductor\PSoC Creator\3.3" -.fdsnotice -.fdswarpdepfile=warp_dependencies.txt -.fdselabdepfile=elab_dependencies.txt -.fdsbldfile=generated_files.txt -p C:\Users\Lenovo\Documents\GitHub\NSY-DH\Workspace01\Design01.cydsn\Design01.cyprj -d CY8C5868AXI-LP035 -s C:\Users\Lenovo\Documents\GitHub\NSY-DH\Workspace01\Design01.cydsn\Generated_Source\PSoC5 -- -yv2 -q10 -ygs -o2 -v3 -.fftcfgtype=LE
Elaborating Design...
HDL Generation ...
Synthesis ...
Place and Route ...
Tech mapping ...
Analog Placement ...
Analog Routing ...
Analog Code Generation ...
Digital Placement ...
Digital Routing ...
Bitstream Generation ...
Static timing analysis ...
API Generation ...
Dependency Generation ...
Clean Temporary Files ...
arm-none-eabi-gcc.exe -mcpu=cortex-m3 -mthumb -Wno-main -I. -IGenerated_Source\PSoC5 -Wa,-alh=.\CortexM3\ARM_GCC_493\Debug/main.lst -g -D DEBUG -Wall -ffunction-sections -Og -ffat-lto-objects -c .\main.c -o .\CortexM3\ARM_GCC_493\Debug\main.o
arm-none-eabi-gcc.exe -mcpu=cortex-m3 -mthumb -Wno-main -I. -IGenerated_Source\PSoC5 -Wa,-alh=.\CortexM3\ARM_GCC_493\Debug/protocol.lst -g -D DEBUG -Wall -ffunction-sections -Og -ffat-lto-objects -c .\protocol.c -o .\CortexM3\ARM_GCC_493\Debug\protocol.o
.\protocol.c: In function 'PresetData':
.\protocol.c:149:64: warning: unused variable 'decimal' [-Wunused-variable]
     char8 SendComand[18]={0,0,0,0,0,0,0,0,0,0,0,0,0,0,0,0,0,0},decimal;
                                                                ^
arm-none-eabi-gcc.exe -mcpu=cortex-m3 -mthumb -Wno-main -I. -IGenerated_Source\PSoC5 -Wa,-alh=.\CortexM3\ARM_GCC_493\Debug/LCD.lst -g -D DEBUG -Wall -ffunction-sections -Og -ffat-lto-objects -c .\LCD.c -o .\CortexM3\ARM_GCC_493\Debug\LCD.o
arm-none-eabi-gcc.exe -mcpu=cortex-m3 -mthumb -Wno-main -I. -IGenerated_Source\PSoC5 -Wa,-alh=.\CortexM3\ARM_GCC_493\Debug/keyboard.lst -g -D DEBUG -Wall -ffunction-sections -Og -ffat-lto-objects -c .\keyboard.c -o .\CortexM3\ARM_GCC_493\Debug\keyboard.o
arm-none-eabi-gcc.exe -mcpu=cortex-m3 -mthumb -Wno-main -I. -IGenerated_Source\PSoC5 -Wa,-alh=.\CortexM3\ARM_GCC_493\Debug/I2C.lst -g -D DEBUG -Wall -ffunction-sections -Og -ffat-lto-objects -c .\I2C.c -o .\CortexM3\ARM_GCC_493\Debug\I2C.o
arm-none-eabi-gcc.exe -mcpu=cortex-m3 -mthumb -Wno-main -I. -IGenerated_Source\PSoC5 -Wa,-alh=.\CortexM3\ARM_GCC_493\Debug/Print.lst -g -D DEBUG -Wall -ffunction-sections -Og -ffat-lto-objects -c .\Print.c -o .\CortexM3\ARM_GCC_493\Debug\Print.o
.\Print.c: In function 'imprimir':
.\Print.c:332:11: warning: unused variable 'digito' [-Wunused-variable]
     uint8 digito,x;
           ^
arm-none-eabi-gcc.exe -mcpu=cortex-m3 -mthumb -Wno-main -I. -IGenerated_Source\PSoC5 -Wa,-alh=.\CortexM3\ARM_GCC_493\Debug/cyfitter_cfg.lst -g -D DEBUG -Wall -ffunction-sections -Og -ffat-lto-objects -c .\Generated_Source\PSoC5\cyfitter_cfg.c -o .\CortexM3\ARM_GCC_493\Debug\cyfitter_cfg.o
arm-none-eabi-gcc.exe -mcpu=cortex-m3 -mthumb -Wno-main -I. -IGenerated_Source\PSoC5 -Wa,-alh=.\CortexM3\ARM_GCC_493\Debug/cymetadata.lst -g -D DEBUG -Wall -ffunction-sections -Og -ffat-lto-objects -c .\Generated_Source\PSoC5\cymetadata.c -o .\CortexM3\ARM_GCC_493\Debug\cymetadata.o
arm-none-eabi-gcc.exe -mcpu=cortex-m3 -mthumb -Wno-main -I. -IGenerated_Source\PSoC5 -Wa,-alh=.\CortexM3\ARM_GCC_493\Debug/RF_Physical.lst -g -D DEBUG -Wall -ffunction-sections -Og -ffat-lto-objects -c .\Generated_Source\PSoC5\RF_Physical.c -o .\CortexM3\ARM_GCC_493\Debug\RF_Physical.o
arm-none-eabi-gcc.exe -mcpu=cortex-m3 -mthumb -Wno-main -I. -IGenerated_Source\PSoC5 -Wa,-alh=.\CortexM3\ARM_GCC_493\Debug/RF_Physical_PM.lst -g -D DEBUG -Wall -ffunction-sections -Og -ffat-lto-objects -c .\Generated_Source\PSoC5\RF_Physical_PM.c -o .\CortexM3\ARM_GCC_493\Debug\RF_Physical_PM.o
arm-none-eabi-gcc.exe -mcpu=cortex-m3 -mthumb -Wno-main -I. -IGenerated_Source\PSoC5 -Wa,-alh=.\CortexM3\ARM_GCC_493\Debug/RF_Physical_INT.lst -g -D DEBUG -Wall -ffunction-sections -Og -ffat-lto-objects -c .\Generated_Source\PSoC5\RF_Physical_INT.c -o .\CortexM3\ARM_GCC_493\Debug\RF_Physical_INT.o
arm-none-eabi-gcc.exe -mcpu=cortex-m3 -mthumb -Wno-main -I. -IGenerated_Source\PSoC5 -Wa,-alh=.\CortexM3\ARM_GCC_493\Debug/RF_Physical_BOOT.lst -g -D DEBUG -Wall -ffunction-sections -Og -ffat-lto-objects -c .\Generated_Source\PSoC5\RF_Physical_BOOT.c -o .\CortexM3\ARM_GCC_493\Debug\RF_Physical_BOOT.o
arm-none-eabi-gcc.exe -mcpu=cortex-m3 -mthumb -Wno-main -I. -IGenerated_Source\PSoC5 -Wa,-alh=.\CortexM3\ARM_GCC_493\Debug/Printer.lst -g -D DEBUG -Wall -ffunction-sections -Og -ffat-lto-objects -c .\Generated_Source\PSoC5\Printer.c -o .\CortexM3\ARM_GCC_493\Debug\Printer.o
arm-none-eabi-gcc.exe -mcpu=cortex-m3 -mthumb -Wno-main -I. -IGenerated_Source\PSoC5 -Wa,-alh=.\CortexM3\ARM_GCC_493\Debug/Printer_PM.lst -g -D DEBUG -Wall -ffunction-sections -Og -ffat-lto-objects -c .\Generated_Source\PSoC5\Printer_PM.c -o .\CortexM3\ARM_GCC_493\Debug\Printer_PM.o
arm-none-eabi-gcc.exe -mcpu=cortex-m3 -mthumb -Wno-main -I. -IGenerated_Source\PSoC5 -Wa,-alh=.\CortexM3\ARM_GCC_493\Debug/Printer_INT.lst -g -D DEBUG -Wall -ffunction-sections -Og -ffat-lto-objects -c .\Generated_Source\PSoC5\Printer_INT.c -o .\CortexM3\ARM_GCC_493\Debug\Printer_INT.o
arm-none-eabi-gcc.exe -mcpu=cortex-m3 -mthumb -Wno-main -I. -IGenerated_Source\PSoC5 -Wa,-alh=.\CortexM3\ARM_GCC_493\Debug/Printer_BOOT.lst -g -D DEBUG -Wall -ffunction-sections -Og -ffat-lto-objects -c .\Generated_Source\PSoC5\Printer_BOOT.c -o .\CortexM3\ARM_GCC_493\Debug\Printer_BOOT.o
arm-none-eabi-gcc.exe -mcpu=cortex-m3 -mthumb -Wno-main -I. -IGenerated_Source\PSoC5 -Wa,-alh=.\CortexM3\ARM_GCC_493\Debug/Clock_Pump.lst -g -D DEBUG -Wall -ffunction-sections -Og -ffat-lto-objects -c .\Generated_Source\PSoC5\Clock_Pump.c -o .\CortexM3\ARM_GCC_493\Debug\Clock_Pump.o
arm-none-eabi-gcc.exe -mcpu=cortex-m3 -mthumb -Wno-main -I. -IGenerated_Source\PSoC5 -Wa,-alh=.\CortexM3\ARM_GCC_493\Debug/Display1.lst -g -D DEBUG -Wall -ffunction-sections -Og -ffat-lto-objects -c .\Generated_Source\PSoC5\Display1.c -o .\CortexM3\ARM_GCC_493\Debug\Display1.o
arm-none-eabi-gcc.exe -mcpu=cortex-m3 -mthumb -Wno-main -I. -IGenerated_Source\PSoC5 -Wa,-alh=.\CortexM3\ARM_GCC_493\Debug/Display1_PM.lst -g -D DEBUG -Wall -ffunction-sections -Og -ffat-lto-objects -c .\Generated_Source\PSoC5\Display1_PM.c -o .\CortexM3\ARM_GCC_493\Debug\Display1_PM.o
arm-none-eabi-gcc.exe -mcpu=cortex-m3 -mthumb -Wno-main -I. -IGenerated_Source\PSoC5 -Wa,-alh=.\CortexM3\ARM_GCC_493\Debug/Display1_INT.lst -g -D DEBUG -Wall -ffunction-sections -Og -ffat-lto-objects -c .\Generated_Source\PSoC5\Display1_INT.c -o .\CortexM3\ARM_GCC_493\Debug\Display1_INT.o
arm-none-eabi-gcc.exe -mcpu=cortex-m3 -mthumb -Wno-main -I. -IGenerated_Source\PSoC5 -Wa,-alh=.\CortexM3\ARM_GCC_493\Debug/Display1_BOOT.lst -g -D DEBUG -Wall -ffunction-sections -Og -ffat-lto-objects -c .\Generated_Source\PSoC5\Display1_BOOT.c -o .\CortexM3\ARM_GCC_493\Debug\Display1_BOOT.o
arm-none-eabi-gcc.exe -mcpu=cortex-m3 -mthumb -Wno-main -I. -IGenerated_Source\PSoC5 -Wa,-alh=.\CortexM3\ARM_GCC_493\Debug/Display2.lst -g -D DEBUG -Wall -ffunction-sections -Og -ffat-lto-objects -c .\Generated_Source\PSoC5\Display2.c -o .\CortexM3\ARM_GCC_493\Debug\Display2.o
arm-none-eabi-gcc.exe -mcpu=cortex-m3 -mthumb -Wno-main -I. -IGenerated_Source\PSoC5 -Wa,-alh=.\CortexM3\ARM_GCC_493\Debug/Display2_PM.lst -g -D DEBUG -Wall -ffunction-sections -Og -ffat-lto-objects -c .\Generated_Source\PSoC5\Display2_PM.c -o .\CortexM3\ARM_GCC_493\Debug\Display2_PM.o
arm-none-eabi-gcc.exe -mcpu=cortex-m3 -mthumb -Wno-main -I. -IGenerated_Source\PSoC5 -Wa,-alh=.\CortexM3\ARM_GCC_493\Debug/Display2_INT.lst -g -D DEBUG -Wall -ffunction-sections -Og -ffat-lto-objects -c .\Generated_Source\PSoC5\Display2_INT.c -o .\CortexM3\ARM_GCC_493\Debug\Display2_INT.o
arm-none-eabi-gcc.exe -mcpu=cortex-m3 -mthumb -Wno-main -I. -IGenerated_Source\PSoC5 -Wa,-alh=.\CortexM3\ARM_GCC_493\Debug/Display2_BOOT.lst -g -D DEBUG -Wall -ffunction-sections -Og -ffat-lto-objects -c .\Generated_Source\PSoC5\Display2_BOOT.c -o .\CortexM3\ARM_GCC_493\Debug\Display2_BOOT.o
arm-none-eabi-gcc.exe -mcpu=cortex-m3 -mthumb -Wno-main -I. -IGenerated_Source\PSoC5 -Wa,-alh=.\CortexM3\ARM_GCC_493\Debug/RF_Physical_IntClock.lst -g -D DEBUG -Wall -ffunction-sections -Og -ffat-lto-objects -c .\Generated_Source\PSoC5\RF_Physical_IntClock.c -o .\CortexM3\ARM_GCC_493\Debug\RF_Physical_IntClock.o
arm-none-eabi-gcc.exe -mcpu=cortex-m3 -mthumb -Wno-main -I. -IGenerated_Source\PSoC5 -Wa,-alh=.\CortexM3\ARM_GCC_493\Debug/Display1_IntClock.lst -g -D DEBUG -Wall -ffunction-sections -Og -ffat-lto-objects -c .\Generated_Source\PSoC5\Display1_IntClock.c -o .\CortexM3\ARM_GCC_493\Debug\Display1_IntClock.o
arm-none-eabi-gcc.exe -mcpu=cortex-m3 -mthumb -Wno-main -I. -IGenerated_Source\PSoC5 -Wa,-alh=.\CortexM3\ARM_GCC_493\Debug/Display2_IntClock.lst -g -D DEBUG -Wall -ffunction-sections -Og -ffat-lto-objects -c .\Generated_Source\PSoC5\Display2_IntClock.c -o .\CortexM3\ARM_GCC_493\Debug\Display2_IntClock.o
arm-none-eabi-gcc.exe -mcpu=cortex-m3 -mthumb -Wno-main -I. -IGenerated_Source\PSoC5 -Wa,-alh=.\CortexM3\ARM_GCC_493\Debug/Cm3Start.lst -g -D DEBUG -Wall -ffunction-sections -Og -ffat-lto-objects -c .\Generated_Source\PSoC5\Cm3Start.c -o .\CortexM3\ARM_GCC_493\Debug\Cm3Start.o
arm-none-eabi-as.exe -mcpu=cortex-m3 -mthumb -I. -IGenerated_Source\PSoC5 -alh=.\CortexM3\ARM_GCC_493\Debug/CyBootAsmGnu.lst -g -W -o .\CortexM3\ARM_GCC_493\Debug\CyBootAsmGnu.o .\Generated_Source\PSoC5\CyBootAsmGnu.s
arm-none-eabi-gcc.exe -mcpu=cortex-m3 -mthumb -Wno-main -I. -IGenerated_Source\PSoC5 -Wa,-alh=.\CortexM3\ARM_GCC_493\Debug/CyDmac.lst -g -D DEBUG -Wall -ffunction-sections -Og -ffat-lto-objects -c .\Generated_Source\PSoC5\CyDmac.c -o .\CortexM3\ARM_GCC_493\Debug\CyDmac.o
arm-none-eabi-gcc.exe -mcpu=cortex-m3 -mthumb -Wno-main -I. -IGenerated_Source\PSoC5 -Wa,-alh=.\CortexM3\ARM_GCC_493\Debug/CyFlash.lst -g -D DEBUG -Wall -ffunction-sections -Og -ffat-lto-objects -c .\Generated_Source\PSoC5\CyFlash.c -o .\CortexM3\ARM_GCC_493\Debug\CyFlash.o
arm-none-eabi-gcc.exe -mcpu=cortex-m3 -mthumb -Wno-main -I. -IGenerated_Source\PSoC5 -Wa,-alh=.\CortexM3\ARM_GCC_493\Debug/CyLib.lst -g -D DEBUG -Wall -ffunction-sections -Og -ffat-lto-objects -c .\Generated_Source\PSoC5\CyLib.c -o .\CortexM3\ARM_GCC_493\Debug\CyLib.o
arm-none-eabi-gcc.exe -mcpu=cortex-m3 -mthumb -Wno-main -I. -IGenerated_Source\PSoC5 -Wa,-alh=.\CortexM3\ARM_GCC_493\Debug/cyPm.lst -g -D DEBUG -Wall -ffunction-sections -Og -ffat-lto-objects -c .\Generated_Source\PSoC5\cyPm.c -o .\CortexM3\ARM_GCC_493\Debug\cyPm.o
arm-none-eabi-gcc.exe -mcpu=cortex-m3 -mthumb -Wno-main -I. -IGenerated_Source\PSoC5 -Wa,-alh=.\CortexM3\ARM_GCC_493\Debug/CySpc.lst -g -D DEBUG -Wall -ffunction-sections -Og -ffat-lto-objects -c .\Generated_Source\PSoC5\CySpc.c -o .\CortexM3\ARM_GCC_493\Debug\CySpc.o
arm-none-eabi-gcc.exe -mcpu=cortex-m3 -mthumb -Wno-main -I. -IGenerated_Source\PSoC5 -Wa,-alh=.\CortexM3\ARM_GCC_493\Debug/cyutils.lst -g -D DEBUG -Wall -ffunction-sections -Og -ffat-lto-objects -c .\Generated_Source\PSoC5\cyutils.c -o .\CortexM3\ARM_GCC_493\Debug\cyutils.o
arm-none-eabi-gcc.exe -mcpu=cortex-m3 -mthumb -Wno-main -I. -IGenerated_Source\PSoC5 -Wa,-alh=.\CortexM3\ARM_GCC_493\Debug/Printer_IntClock.lst -g -D DEBUG -Wall -ffunction-sections -Og -ffat-lto-objects -c .\Generated_Source\PSoC5\Printer_IntClock.c -o .\CortexM3\ARM_GCC_493\Debug\Printer_IntClock.o
arm-none-eabi-gcc.exe -mcpu=cortex-m3 -mthumb -Wno-main -I. -IGenerated_Source\PSoC5 -Wa,-alh=.\CortexM3\ARM_GCC_493\Debug/Pump.lst -g -D DEBUG -Wall -ffunction-sections -Og -ffat-lto-objects -c .\Generated_Source\PSoC5\Pump.c -o .\CortexM3\ARM_GCC_493\Debug\Pump.o
arm-none-eabi-gcc.exe -mcpu=cortex-m3 -mthumb -Wno-main -I. -IGenerated_Source\PSoC5 -Wa,-alh=.\CortexM3\ARM_GCC_493\Debug/Pump_PM.lst -g -D DEBUG -Wall -ffunction-sections -Og -ffat-lto-objects -c .\Generated_Source\PSoC5\Pump_PM.c -o .\CortexM3\ARM_GCC_493\Debug\Pump_PM.o
arm-none-eabi-gcc.exe -mcpu=cortex-m3 -mthumb -Wno-main -I. -IGenerated_Source\PSoC5 -Wa,-alh=.\CortexM3\ARM_GCC_493\Debug/Pump_INT.lst -g -D DEBUG -Wall -ffunction-sections -Og -ffat-lto-objects -c .\Generated_Source\PSoC5\Pump_INT.c -o .\CortexM3\ARM_GCC_493\Debug\Pump_INT.o
arm-none-eabi-gcc.exe -mcpu=cortex-m3 -mthumb -Wno-main -I. -IGenerated_Source\PSoC5 -Wa,-alh=.\CortexM3\ARM_GCC_493\Debug/Pump_BOOT.lst -g -D DEBUG -Wall -ffunction-sections -Og -ffat-lto-objects -c .\Generated_Source\PSoC5\Pump_BOOT.c -o .\CortexM3\ARM_GCC_493\Debug\Pump_BOOT.o
arm-none-eabi-gcc.exe -mcpu=cortex-m3 -mthumb -Wno-main -I. -IGenerated_Source\PSoC5 -Wa,-alh=.\CortexM3\ARM_GCC_493\Debug/EEPROM_1.lst -g -D DEBUG -Wall -ffunction-sections -Og -ffat-lto-objects -c .\Generated_Source\PSoC5\EEPROM_1.c -o .\CortexM3\ARM_GCC_493\Debug\EEPROM_1.o
arm-none-eabi-gcc.exe -mcpu=cortex-m3 -mthumb -Wno-main -I. -IGenerated_Source\PSoC5 -Wa,-alh=.\CortexM3\ARM_GCC_493\Debug/SDA_1.lst -g -D DEBUG -Wall -ffunction-sections -Og -ffat-lto-objects -c .\Generated_Source\PSoC5\SDA_1.c -o .\CortexM3\ARM_GCC_493\Debug\SDA_1.o
arm-none-eabi-gcc.exe -mcpu=cortex-m3 -mthumb -Wno-main -I. -IGenerated_Source\PSoC5 -Wa,-alh=.\CortexM3\ARM_GCC_493\Debug/SCL_1.lst -g -D DEBUG -Wall -ffunction-sections -Og -ffat-lto-objects -c .\Generated_Source\PSoC5\SCL_1.c -o .\CortexM3\ARM_GCC_493\Debug\SCL_1.o
arm-none-eabi-gcc.exe -mcpu=cortex-m3 -mthumb -Wno-main -I. -IGenerated_Source\PSoC5 -Wa,-alh=.\CortexM3\ARM_GCC_493\Debug/I2C_Bus.lst -g -D DEBUG -Wall -ffunction-sections -Og -ffat-lto-objects -c .\Generated_Source\PSoC5\I2C_Bus.c -o .\CortexM3\ARM_GCC_493\Debug\I2C_Bus.o
arm-none-eabi-gcc.exe -mcpu=cortex-m3 -mthumb -Wno-main -I. -IGenerated_Source\PSoC5 -Wa,-alh=.\CortexM3\ARM_GCC_493\Debug/I2C_Bus_BOOT.lst -g -D DEBUG -Wall -ffunction-sections -Og -ffat-lto-objects -c .\Generated_Source\PSoC5\I2C_Bus_BOOT.c -o .\CortexM3\ARM_GCC_493\Debug\I2C_Bus_BOOT.o
arm-none-eabi-gcc.exe -mcpu=cortex-m3 -mthumb -Wno-main -I. -IGenerated_Source\PSoC5 -Wa,-alh=.\CortexM3\ARM_GCC_493\Debug/I2C_Bus_INT.lst -g -D DEBUG -Wall -ffunction-sections -Og -ffat-lto-objects -c .\Generated_Source\PSoC5\I2C_Bus_INT.c -o .\CortexM3\ARM_GCC_493\Debug\I2C_Bus_INT.o
arm-none-eabi-gcc.exe -mcpu=cortex-m3 -mthumb -Wno-main -I. -IGenerated_Source\PSoC5 -Wa,-alh=.\CortexM3\ARM_GCC_493\Debug/I2C_Bus_PM.lst -g -D DEBUG -Wall -ffunction-sections -Og -ffat-lto-objects -c .\Generated_Source\PSoC5\I2C_Bus_PM.c -o .\CortexM3\ARM_GCC_493\Debug\I2C_Bus_PM.o
arm-none-eabi-gcc.exe -mcpu=cortex-m3 -mthumb -Wno-main -I. -IGenerated_Source\PSoC5 -Wa,-alh=.\CortexM3\ARM_GCC_493\Debug/I2C_Bus_SLAVE.lst -g -D DEBUG -Wall -ffunction-sections -Og -ffat-lto-objects -c .\Generated_Source\PSoC5\I2C_Bus_SLAVE.c -o .\CortexM3\ARM_GCC_493\Debug\I2C_Bus_SLAVE.o
arm-none-eabi-gcc.exe -mcpu=cortex-m3 -mthumb -Wno-main -I. -IGenerated_Source\PSoC5 -Wa,-alh=.\CortexM3\ARM_GCC_493\Debug/I2C_Bus_MASTER.lst -g -D DEBUG -Wall -ffunction-sections -Og -ffat-lto-objects -c .\Generated_Source\PSoC5\I2C_Bus_MASTER.c -o .\CortexM3\ARM_GCC_493\Debug\I2C_Bus_MASTER.o
arm-none-eabi-gcc.exe -mcpu=cortex-m3 -mthumb -Wno-main -I. -IGenerated_Source\PSoC5 -Wa,-alh=.\CortexM3\ARM_GCC_493\Debug/Pin_WP.lst -g -D DEBUG -Wall -ffunction-sections -Og -ffat-lto-objects -c .\Generated_Source\PSoC5\Pin_WP.c -o .\CortexM3\ARM_GCC_493\Debug\Pin_WP.o
arm-none-eabi-ar.exe -rs .\CortexM3\ARM_GCC_493\Debug\Design01.a .\CortexM3\ARM_GCC_493\Debug\cyfitter_cfg.o .\CortexM3\ARM_GCC_493\Debug\RF_Physical.o .\CortexM3\ARM_GCC_493\Debug\RF_Physical_PM.o .\CortexM3\ARM_GCC_493\Debug\RF_Physical_INT.o .\CortexM3\ARM_GCC_493\Debug\RF_Physical_BOOT.o .\CortexM3\ARM_GCC_493\Debug\Printer.o .\CortexM3\ARM_GCC_493\Debug\Printer_PM.o .\CortexM3\ARM_GCC_493\Debug\Printer_INT.o .\CortexM3\ARM_GCC_493\Debug\Printer_BOOT.o .\CortexM3\ARM_GCC_493\Debug\Clock_Pump.o .\CortexM3\ARM_GCC_493\Debug\Display1.o .\CortexM3\ARM_GCC_493\Debug\Display1_PM.o .\CortexM3\ARM_GCC_493\Debug\Display1_INT.o .\CortexM3\ARM_GCC_493\Debug\Display1_BOOT.o .\CortexM3\ARM_GCC_493\Debug\Display2.o .\CortexM3\ARM_GCC_493\Debug\Display2_PM.o .\CortexM3\ARM_GCC_493\Debug\Display2_INT.o .\CortexM3\ARM_GCC_493\Debug\Display2_BOOT.o .\CortexM3\ARM_GCC_493\Debug\RF_Physical_IntClock.o .\CortexM3\ARM_GCC_493\Debug\Display1_IntClock.o .\CortexM3\ARM_GCC_493\Debug\Display2_IntClock.o .\CortexM3\ARM_GCC_493\Debug\CyBootAsmGnu.o .\CortexM3\ARM_GCC_493\Debug\CyDmac.o .\CortexM3\ARM_GCC_493\Debug\CyFlash.o .\CortexM3\ARM_GCC_493\Debug\CyLib.o .\CortexM3\ARM_GCC_493\Debug\cyPm.o .\CortexM3\ARM_GCC_493\Debug\CySpc.o .\CortexM3\ARM_GCC_493\Debug\cyutils.o .\CortexM3\ARM_GCC_493\Debug\Printer_IntClock.o .\CortexM3\ARM_GCC_493\Debug\Pump.o .\CortexM3\ARM_GCC_493\Debug\Pump_PM.o .\CortexM3\ARM_GCC_493\Debug\Pump_INT.o .\CortexM3\ARM_GCC_493\Debug\Pump_BOOT.o .\CortexM3\ARM_GCC_493\Debug\EEPROM_1.o .\CortexM3\ARM_GCC_493\Debug\SDA_1.o .\CortexM3\ARM_GCC_493\Debug\SCL_1.o .\CortexM3\ARM_GCC_493\Debug\I2C_Bus.o .\CortexM3\ARM_GCC_493\Debug\I2C_Bus_BOOT.o .\CortexM3\ARM_GCC_493\Debug\I2C_Bus_INT.o .\CortexM3\ARM_GCC_493\Debug\I2C_Bus_PM.o .\CortexM3\ARM_GCC_493\Debug\I2C_Bus_SLAVE.o .\CortexM3\ARM_GCC_493\Debug\I2C_Bus_MASTER.o .\CortexM3\ARM_GCC_493\Debug\Pin_WP.o
arm-none-eabi-ar.exe: creating .\CortexM3\ARM_GCC_493\Debug\Design01.a
arm-none-eabi-gcc.exe -Wl,--start-group -o .\CortexM3\ARM_GCC_493\Debug\Design01.elf .\CortexM3\ARM_GCC_493\Debug\main.o .\CortexM3\ARM_GCC_493\Debug\protocol.o .\CortexM3\ARM_GCC_493\Debug\LCD.o .\CortexM3\ARM_GCC_493\Debug\keyboard.o .\CortexM3\ARM_GCC_493\Debug\I2C.o .\CortexM3\ARM_GCC_493\Debug\Print.o .\CortexM3\ARM_GCC_493\Debug\cymetadata.o .\CortexM3\ARM_GCC_493\Debug\Cm3Start.o .\CortexM3\ARM_GCC_493\Debug\Design01.a "C:\Program Files (x86)\Cypress\PSoC Creator\3.3\PSoC Creator\psoc\content\cycomponentlibrary\CyComponentLibrary.cylib\CortexM3\ARM_GCC_493\Debug\CyComponentLibrary.a" -mcpu=cortex-m3 -mthumb -g -ffunction-sections -Og -L Generated_Source\PSoC5 -Wl,-Map,.\CortexM3\ARM_GCC_493\Debug/Design01.map -T Generated_Source\PSoC5\cm3gcc.ld -specs=nano.specs -Wl,--gc-sections -Wl,--end-group
cyelftool.exe -C C:\Users\Lenovo\Documents\GitHub\NSY-DH\Workspace01\Design01.cydsn\CortexM3\ARM_GCC_493\Debug\Design01.elf --flash_row_size 256 --flash_size 262144
cyelftool.exe -S C:\Users\Lenovo\Documents\GitHub\NSY-DH\Workspace01\Design01.cydsn\CortexM3\ARM_GCC_493\Debug\Design01.elf
Flash used: 49408 of 262144 bytes (18,8%).
SRAM used: 7749 of 65536 bytes (11,8%). Stack: 2048 bytes. Heap: 128 bytes.
--------------- Rebuild Succeeded: 05/17/2017 08:38:54 ---------------
